#
# There is insufficient memory for the Java Runtime Environment to continue.
# Native memory allocation (mmap) failed to map 9961472 bytes for committing reserved memory.
# Possible reasons:
#   The system is out of physical RAM or swap space
#   In 32 bit mode, the process size limit was hit
# Possible solutions:
#   Reduce memory load on the system
#   Increase physical memory or swap space
#   Check if swap backing store is full
#   Use 64 bit Java on a 64 bit OS
#   Decrease Java heap size (-Xmx/-Xms)
#   Decrease number of Java threads
#   Decrease Java thread stack sizes (-Xss)
#   Set larger code cache with -XX:ReservedCodeCacheSize=
# This output file may be truncated or incomplete.
#
#  Out of Memory Error (os_linux.cpp:2749), pid=2879, tid=0x860ffb40
#
# JRE version: Java(TM) SE Runtime Environment (8.0_202-b08) (build 1.8.0_202-b08)
# Java VM: Java HotSpot(TM) Server VM (25.202-b08 mixed mode linux-x86 )
# Failed to write core dump. Core dumps have been disabled. To enable core dumping, try "ulimit -c unlimited" before starting Java again
#

---------------  T H R E A D  ---------------

Current thread (0x86110c00):  VMThread [stack: 0x8607f000,0x86100000] [id=2886]

Stack: [0x8607f000,0x86100000],  sp=0x860fea90,  free space=510k
Native frames: (J=compiled Java code, j=interpreted, Vv=VM code, C=native code)
V  [libjvm.so+0x93fcf8]  VMError::report_and_die()+0x2c8
V  [libjvm.so+0x3b3a15]  report_vm_out_of_memory(char const*, int, unsigned int, VMErrorType, char const*)+0x55
V  [libjvm.so+0x79b8ce]  os::pd_commit_memory(char*, unsigned int, unsigned int, bool)+0xee
V  [libjvm.so+0x7928eb]  os::commit_memory(char*, unsigned int, unsigned int, bool)+0x2b
V  [libjvm.so+0x80fab0]  PSVirtualSpace::expand_by(unsigned int)+0x50
V  [libjvm.so+0x810b2a]  PSYoungGen::resize(unsigned int, unsigned int)+0xca
V  [libjvm.so+0x80d7a7]  PSScavenge::invoke_no_policy()+0xdb7
V  [libjvm.so+0x807ab2]  PSParallelCompact::invoke(bool)+0x32
V  [libjvm.so+0x33a09e]  CollectedHeap::collect_as_vm_thread(GCCause::Cause)+0x8e
V  [libjvm.so+0x940d35]  VM_CollectForMetadataAllocation::doit()+0x155
V  [libjvm.so+0x947286]  VM_Operation::evaluate()+0x46
V  [libjvm.so+0x945694]  VMThread::evaluate_operation(VM_Operation*) [clone .constprop.38]+0x94
V  [libjvm.so+0x945d25]  VMThread::loop()+0x3e5
V  [libjvm.so+0x946125]  VMThread::run()+0x85
V  [libjvm.so+0x798bac]  java_start(Thread*)+0x10c
C  [libpthread.so.0+0x6295]  start_thread+0xe5

VM_Operation (0xb6d50630): CollectForMetadataAllocation, mode: safepoint, requested by thread 0xb6c09c00


---------------  P R O C E S S  ---------------

Java Threads: ( => current thread )
  0x82425800 JavaThread "web-akka.actor.default-dispatcher-6" [_thread_blocked, id=2913, stack(0x822bc000,0x8230d000)]
  0x8271e400 JavaThread "web-akka.actor.default-dispatcher-5" [_thread_blocked, id=2912, stack(0x8230d000,0x8235e000)]
  0x82423400 JavaThread "web-akka.actor.default-dispatcher-4" [_thread_blocked, id=2911, stack(0x8235e000,0x823af000)]
  0x82420800 JavaThread "web-akka.actor.default-dispatcher-3" [_thread_blocked, id=2910, stack(0x823af000,0x82400000)]
  0x8240f400 JavaThread "web-akka.actor.default-dispatcher-2" [_thread_blocked, id=2909, stack(0x83b20000,0x83b71000)]
  0x82a6ec00 JavaThread "web-scheduler-1" [_thread_blocked, id=2908, stack(0x83b71000,0x83bc2000)]
  0x85a32400 JavaThread "Service Thread" daemon [_thread_blocked, id=2900, stack(0x8585c000,0x858ad000)]
  0x85a2e000 JavaThread "C1 CompilerThread1" daemon [_thread_blocked, id=2899, stack(0x858ad000,0x8592e000)]
  0x85a30800 JavaThread "C2 CompilerThread0" daemon [_thread_blocked, id=2898, stack(0x8592e000,0x859af000)]
  0x85a2bc00 JavaThread "Monitor Ctrl-Break" daemon [_thread_in_native, id=2897, stack(0x859af000,0x85a00000)]
  0x86134000 JavaThread "Signal Dispatcher" daemon [_thread_blocked, id=2890, stack(0x85c0a000,0x85c5b000)]
  0x86118000 JavaThread "Finalizer" daemon [_thread_blocked, id=2888, stack(0x85fdd000,0x8602e000)]
  0x86116400 JavaThread "Reference Handler" daemon [_thread_blocked, id=2887, stack(0x8602e000,0x8607f000)]
  0xb6c09c00 JavaThread "main" [_thread_blocked, id=2883, stack(0xb6d05000,0xb6d56000)]

Other Threads:
=>0x86110c00 VMThread [stack: 0x8607f000,0x86100000] [id=2886]
  0x85a34400 WatcherThread [stack: 0x857db000,0x8585c000] [id=2901]

VM state:at safepoint (normal execution)

VM Mutex/Monitor currently owned by a thread:  ([mutex/lock_event])
[0xb6c073d8] Threads_lock - owner thread: 0x86110c00
[0xb6c077e8] Heap_lock - owner thread: 0xb6c09c00

Heap:
 PSYoungGen      total 19200K, used 3244K [0x9ce00000, 0x9e480000, 0xa7600000)
  eden space 15872K, 0% used [0x9ce00000,0x9ce00000,0x9dd80000)
  from space 3328K, 97% used [0x9e140000,0x9e46b3d0,0x9e480000)
  to   space 3328K, 0% used [0x9de00000,0x9de00000,0x9e140000)
 ParOldGen       total 22016K, used 8491K [0x87e00000, 0x89380000, 0x9ce00000)
  object space 22016K, 38% used [0x87e00000,0x8864ad20,0x89380000)
 Metaspace       used 15878K, capacity 16364K, committed 16384K, reserved 16688K

Card table byte_map: [0xa768b000,0xa7788000] byte_map_base: 0xa724c000

Marking Bits: (ParMarkBitMap*) 0xb7999a40
 Begin Bits: [0x86a40000, 0x87220000)
 End Bits:   [0x87220000, 0x87a00000)

Polling page: 0xb7fa6000

CodeCache: size=245760Kb used=4548Kb max_used=4559Kb free=241211Kb
 bounds [0xa7b48000, 0xa7fc0000, 0xb6b48000]
 total_blobs=1969 nmethods=1784 adapters=99
 compilation: enabled

Compilation events (10 events):
Event: 12.057 Thread 0x85a2e000 1780       1       com.typesafe.config.impl.ConfigString::valueType (4 bytes)
Event: 12.057 Thread 0x85a2e000 nmethod 1780 0xa7fb9908 code [0xa7fb9a00, 0xa7fb9aa0]
Event: 12.057 Thread 0x85a2e000 1779       3       com.typesafe.config.impl.PathParser::speculativeFastParsePath (24 bytes)
Event: 12.057 Thread 0x85a2e000 nmethod 1779 0xa7fb9448 code [0xa7fb9580, 0xa7fb97a4]
Event: 12.057 Thread 0x85a2e000 1782       3       com.typesafe.config.impl.SimpleConfig::throwIfNull (40 bytes)
Event: 12.057 Thread 0x85a2e000 nmethod 1782 0xa7fb8748 code [0xa7fb8900, 0xa7fb9030]
Event: 12.071 Thread 0x85a2e000 1783       3       akka.dispatch.Mailbox::currentStatus (11 bytes)
Event: 12.071 Thread 0x85a2e000 nmethod 1783 0xa7fb84c8 code [0xa7fb85e0, 0xa7fb86c0]
Event: 12.264 Thread 0x85a30800 1784       4       java.nio.DirectLongBufferU::put (18 bytes)
Event: 12.265 Thread 0x85a30800 nmethod 1784 0xa7fb82c8 code [0xa7fb83c0, 0xa7fb8450]

GC Heap History (10 events):
Event: 4.798 GC heap after
Heap after GC invocations=5 (full 0):
 PSYoungGen      total 9472K, used 1265K [0x9ce00000, 0x9dc80000, 0xa7600000)
  eden space 8192K, 0% used [0x9ce00000,0x9ce00000,0x9d600000)
  from space 1280K, 98% used [0x9d600000,0x9d73c490,0x9d740000)
  to   space 3328K, 0% used [0x9d940000,0x9d940000,0x9dc80000)
 ParOldGen       total 22016K, used 6150K [0x87e00000, 0x89380000, 0x9ce00000)
  object space 22016K, 27% used [0x87e00000,0x88401970,0x89380000)
 Metaspace       used 8599K, capacity 8884K, committed 8984K, reserved 9520K
}
Event: 5.329 GC heap before
{Heap before GC invocations=6 (full 0):
 PSYoungGen      total 9472K, used 9457K [0x9ce00000, 0x9dc80000, 0xa7600000)
  eden space 8192K, 100% used [0x9ce00000,0x9d600000,0x9d600000)
  from space 1280K, 98% used [0x9d600000,0x9d73c490,0x9d740000)
  to   space 3328K, 0% used [0x9d940000,0x9d940000,0x9dc80000)
 ParOldGen       total 22016K, used 6150K [0x87e00000, 0x89380000, 0x9ce00000)
  object space 22016K, 27% used [0x87e00000,0x88401970,0x89380000)
 Metaspace       used 9742K, capacity 10037K, committed 10136K, reserved 10544K
Event: 5.338 GC heap after
Heap after GC invocations=6 (full 0):
 PSYoungGen      total 11520K, used 2700K [0x9ce00000, 0x9e480000, 0xa7600000)
  eden space 8192K, 0% used [0x9ce00000,0x9ce00000,0x9d600000)
  from space 3328K, 81% used [0x9d940000,0x9dbe3268,0x9dc80000)
  to   space 3328K, 0% used [0x9d600000,0x9d600000,0x9d940000)
 ParOldGen       total 22016K, used 6154K [0x87e00000, 0x89380000, 0x9ce00000)
  object space 22016K, 27% used [0x87e00000,0x88402970,0x89380000)
 Metaspace       used 9742K, capacity 10037K, committed 10136K, reserved 10544K
}
Event: 6.060 GC heap before
{Heap before GC invocations=7 (full 0):
 PSYoungGen      total 11520K, used 10892K [0x9ce00000, 0x9e480000, 0xa7600000)
  eden space 8192K, 100% used [0x9ce00000,0x9d600000,0x9d600000)
  from space 3328K, 81% used [0x9d940000,0x9dbe3268,0x9dc80000)
  to   space 3328K, 0% used [0x9d600000,0x9d600000,0x9d940000)
 ParOldGen       total 22016K, used 6154K [0x87e00000, 0x89380000, 0x9ce00000)
  object space 22016K, 27% used [0x87e00000,0x88402970,0x89380000)
 Metaspace       used 11194K, capacity 11545K, committed 11672K, reserved 12592K
Event: 6.066 GC heap after
Heap after GC invocations=7 (full 0):
 PSYoungGen      total 11520K, used 2113K [0x9ce00000, 0x9e480000, 0xa7600000)
  eden space 8192K, 0% used [0x9ce00000,0x9ce00000,0x9d600000)
  from space 3328K, 63% used [0x9d600000,0x9d8107c0,0x9d940000)
  to   space 3328K, 0% used [0x9e140000,0x9e140000,0x9e480000)
 ParOldGen       total 22016K, used 6815K [0x87e00000, 0x89380000, 0x9ce00000)
  object space 22016K, 30% used [0x87e00000,0x884a7f78,0x89380000)
 Metaspace       used 11194K, capacity 11545K, committed 11672K, reserved 12592K
}
Event: 7.008 GC heap before
{Heap before GC invocations=8 (full 0):
 PSYoungGen      total 11520K, used 10305K [0x9ce00000, 0x9e480000, 0xa7600000)
  eden space 8192K, 100% used [0x9ce00000,0x9d600000,0x9d600000)
  from space 3328K, 63% used [0x9d600000,0x9d8107c0,0x9d940000)
  to   space 3328K, 0% used [0x9e140000,0x9e140000,0x9e480000)
 ParOldGen       total 22016K, used 6815K [0x87e00000, 0x89380000, 0x9ce00000)
  object space 22016K, 30% used [0x87e00000,0x884a7f78,0x89380000)
 Metaspace       used 12228K, capacity 12651K, committed 12696K, reserved 13616K
Event: 7.018 GC heap after
Heap after GC invocations=8 (full 0):
 PSYoungGen      total 19712K, used 2281K [0x9ce00000, 0x9e480000, 0xa7600000)
  eden space 16384K, 0% used [0x9ce00000,0x9ce00000,0x9de00000)
  from space 3328K, 68% used [0x9e140000,0x9e37a660,0x9e480000)
  to   space 3328K, 0% used [0x9de00000,0x9de00000,0x9e140000)
 ParOldGen       total 22016K, used 7265K [0x87e00000, 0x89380000, 0x9ce00000)
  object space 22016K, 33% used [0x87e00000,0x885185d8,0x89380000)
 Metaspace       used 12228K, capacity 12651K, committed 12696K, reserved 13616K
}
Event: 9.190 GC heap before
{Heap before GC invocations=9 (full 0):
 PSYoungGen      total 19712K, used 18665K [0x9ce00000, 0x9e480000, 0xa7600000)
  eden space 16384K, 100% used [0x9ce00000,0x9de00000,0x9de00000)
  from space 3328K, 68% used [0x9e140000,0x9e37a660,0x9e480000)
  to   space 3328K, 0% used [0x9de00000,0x9de00000,0x9e140000)
 ParOldGen       total 22016K, used 7265K [0x87e00000, 0x89380000, 0x9ce00000)
  object space 22016K, 33% used [0x87e00000,0x885185d8,0x89380000)
 Metaspace       used 14029K, capacity 14484K, committed 14616K, reserved 14640K
Event: 9.204 GC heap after
Heap after GC invocations=9 (full 0):
 PSYoungGen      total 19200K, used 3215K [0x9ce00000, 0x9e480000, 0xa7600000)
  eden space 15872K, 0% used [0x9ce00000,0x9ce00000,0x9dd80000)
  from space 3328K, 96% used [0x9de00000,0x9e123e90,0x9e140000)
  to   space 3328K, 0% used [0x9e140000,0x9e140000,0x9e480000)
 ParOldGen       total 22016K, used 7597K [0x87e00000, 0x89380000, 0x9ce00000)
  object space 22016K, 34% used [0x87e00000,0x8856b618,0x89380000)
 Metaspace       used 14029K, capacity 14484K, committed 14616K, reserved 14640K
}
Event: 12.545 GC heap before
{Heap before GC invocations=10 (full 0):
 PSYoungGen      total 19200K, used 16944K [0x9ce00000, 0x9e480000, 0xa7600000)
  eden space 15872K, 86% used [0x9ce00000,0x9db68460,0x9dd80000)
  from space 3328K, 96% used [0x9de00000,0x9e123e90,0x9e140000)
  to   space 3328K, 0% used [0x9e140000,0x9e140000,0x9e480000)
 ParOldGen       total 22016K, used 7597K [0x87e00000, 0x89380000, 0x9ce00000)
  object space 22016K, 34% used [0x87e00000,0x8856b618,0x89380000)
 Metaspace       used 15878K, capacity 16364K, committed 16384K, reserved 16688K

Deoptimization events (10 events):
Event: 6.731 Thread 0xb6c09c00 Uncommon trap: reason=unstable_if action=reinterpret pc=0xa7e9054c method=sun.misc.MetaIndex.mayContain(Ljava/lang/String;)Z @ 38
Event: 6.739 Thread 0xb6c09c00 Uncommon trap: reason=unstable_if action=reinterpret pc=0xa7ca1408 method=sun.misc.MetaIndex.mayContain(Ljava/lang/String;)Z @ 38
Event: 6.841 Thread 0xb6c09c00 Uncommon trap: reason=class_check action=maybe_recompile pc=0xa7dba5d4 method=java.util.HashMap.putVal(ILjava/lang/Object;Ljava/lang/Object;ZZ)Ljava/lang/Object; @ 203
Event: 6.842 Thread 0xb6c09c00 Uncommon trap: reason=class_check action=maybe_recompile pc=0xa7dba5d4 method=java.util.HashMap.putVal(ILjava/lang/Object;Ljava/lang/Object;ZZ)Ljava/lang/Object; @ 203
Event: 6.842 Thread 0xb6c09c00 Uncommon trap: reason=class_check action=maybe_recompile pc=0xa7dba5d4 method=java.util.HashMap.putVal(ILjava/lang/Object;Ljava/lang/Object;ZZ)Ljava/lang/Object; @ 203
Event: 6.845 Thread 0xb6c09c00 Uncommon trap: reason=class_check action=maybe_recompile pc=0xa7dba5d4 method=java.util.HashMap.putVal(ILjava/lang/Object;Ljava/lang/Object;ZZ)Ljava/lang/Object; @ 203
Event: 7.088 Thread 0xb6c09c00 Uncommon trap: reason=unstable_if action=reinterpret pc=0xa7e1dff4 method=jdk.internal.org.objectweb.asm.Item.isEqualTo(Ljdk/internal/org/objectweb/asm/Item;)Z @ 331
Event: 7.220 Thread 0xb6c09c00 Uncommon trap: reason=unstable_if action=reinterpret pc=0xa7e37cb8 method=java.lang.String.regionMatches(ZILjava/lang/String;II)Z @ 123
Event: 11.750 Thread 0xb6c09c00 Uncommon trap: reason=unstable_if action=reinterpret pc=0xa7ebffb8 method=java.lang.CharacterDataLatin1.digit(II)I @ 82
Event: 11.763 Thread 0xb6c09c00 Uncommon trap: reason=unstable_if action=reinterpret pc=0xa7ebfca8 method=java.lang.CharacterDataLatin1.digit(II)I @ 82

Classes redefined (0 events):
No events

Internal exceptions (10 events):
Event: 6.128 Thread 0xb6c09c00 Exception <a 'java/lang/NoSuchMethodError': java.lang.Object.$anonfun$$plus$plus$1(Lscala/collection/immutable/Map;Lscala/Tuple2;)Lscala/collection/immutable/Map;> (0x9ceab900) thrown at [/HUDSON/workspace/8-2-build-linux-i586/jdk8u202/12319/hotspot/src/s
Event: 6.173 Thread 0xb6c09c00 Exception <a 'java/lang/NoSuchMethodError': java.lang.Object.$anonfun$indexWhere$1$adapted(Lscala/Function1;Ljava/lang/Object;)Ljava/lang/Object;> (0x9cee9ed0) thrown at [/HUDSON/workspace/8-2-build-linux-i586/jdk8u202/12319/hotspot/src/share/vm/interpret
Event: 6.614 Thread 0xb6c09c00 Exception <a 'java/lang/NoSuchMethodError': java.lang.Object.$anonfun$asScalaBufferConverter$1(Lscala/collection/convert/DecorateAsScala;Ljava/util/List;)Lscala/collection/mutable/Buffer;> (0x9d2b76d8) thrown at [/HUDSON/workspace/8-2-build-linux-i586/jdk
Event: 7.045 Thread 0xb6c09c00 Exception <a 'java/lang/NoSuchMethodError': java.lang.Object.$anonfun$phrase$1(Lscala/util/parsing/combinator/RegexParsers;)Lscala/util/parsing/combinator/Parsers$Parser;> (0x9cea10d8) thrown at [/HUDSON/workspace/8-2-build-linux-i586/jdk8u202/12319/hotsp
Event: 7.068 Thread 0xb6c09c00 Exception <a 'java/lang/NoSuchMethodError': java.lang.Object.$anonfun$opt$1(Ljava/lang/Object;)Lscala/Some;> (0x9cef83e8) thrown at [/HUDSON/workspace/8-2-build-linux-i586/jdk8u202/12319/hotspot/src/share/vm/interpreter/linkResolver.cpp, line 620]
Event: 7.070 Thread 0xb6c09c00 Exception <a 'java/lang/NoSuchMethodError': java.lang.Object.$anonfun$opt$2(Lscala/util/parsing/combinator/Parsers;)Lscala/util/parsing/combinator/Parsers$Parser;> (0x9cefccf8) thrown at [/HUDSON/workspace/8-2-build-linux-i586/jdk8u202/12319/hotspot/src/s
Event: 7.090 Thread 0xb6c09c00 Exception <a 'java/lang/NoSuchMethodError': java.lang.Object.$anonfun$success$1(Lscala/util/parsing/combinator/Parsers;Ljava/lang/Object;Lscala/util/parsing/input/Reader;)Lscala/util/parsing/combinator/Parsers$Success;> (0x9cf1f320) thrown at [/HUDSON/wor
Event: 8.402 Thread 0xb6c09c00 Exception <a 'java/lang/NoSuchMethodError': java.lang.Object.$anonfun$stripMargin$1(Lscala/collection/mutable/StringBuilder;CLjava/lang/String;)Lscala/collection/mutable/StringBuilder;> (0x9d8819f8) thrown at [/HUDSON/workspace/8-2-build-linux-i586/jdk8u2
Event: 10.572 Thread 0xb6c09c00 Exception <a 'java/lang/NoSuchMethodError': java.lang.Object.$anonfun$getEncoding$1(Ljava/lang/String;)Lakka/http/scaladsl/model/headers/HttpEncodingRange;> (0x9d400588) thrown at [/HUDSON/workspace/8-2-build-linux-i586/jdk8u202/12319/hotspot/src/share/vm
Event: 11.863 Thread 0xb6c09c00 Exception <a 'java/lang/NoSuchMethodError': java.lang.Object.$anonfun$asScalaSetConverter$1(Lscala/collection/convert/DecorateAsScala;Ljava/util/Set;)Lscala/collection/mutable/Set;> (0x9d80e1a0) thrown at [/HUDSON/workspace/8-2-build-linux-i586/jdk8u202/1

Events (10 events):
Event: 12.488 loading class akka/http/scaladsl/server/directives/ParameterDirectives done
Event: 12.499 loading class akka/http/scaladsl/server/directives/TimeoutDirectives
Event: 12.499 loading class akka/http/scaladsl/server/directives/TimeoutDirectives done
Event: 12.521 loading class akka/http/scaladsl/server/directives/PathDirectives
Event: 12.521 loading class akka/http/scaladsl/server/directives/PathDirectives done
Event: 12.526 loading class akka/http/scaladsl/server/PathMatchers
Event: 12.526 loading class akka/http/scaladsl/server/PathMatchers done
Event: 12.527 loading class akka/http/scaladsl/server/ImplicitPathMatcherConstruction
Event: 12.527 loading class akka/http/scaladsl/server/ImplicitPathMatcherConstruction done
Event: 12.545 Executing VM operation: CollectForMetadataAllocation


Dynamic libraries:
08048000-08049000 r-xp 00000000 08:04 2109414    /usr/local/java/jdk1.8.0_202/bin/java
08049000-0804a000 r--p 00000000 08:04 2109414    /usr/local/java/jdk1.8.0_202/bin/java
0804a000-0804b000 rw-p 00001000 08:04 2109414    /usr/local/java/jdk1.8.0_202/bin/java
09986000-09a07000 rw-p 00000000 00:00 0          [heap]
81b00000-81bba000 rw-p 00000000 00:00 0 
81bba000-81c00000 ---p 00000000 00:00 0 
81c00000-81d00000 rw-p 00000000 00:00 0 
81d00000-81e00000 rw-p 00000000 00:00 0 
81e00000-81f00000 rw-p 00000000 00:00 0 
81f00000-81ffd000 rw-p 00000000 00:00 0 
81ffd000-82000000 ---p 00000000 00:00 0 
82048000-82064000 r-xp 00000000 08:04 2225812    /lib/i386-linux-gnu/libgcc_s.so.1
82064000-82065000 rw-p 0001b000 08:04 2225812    /lib/i386-linux-gnu/libgcc_s.so.1
82077000-8207d000 r--s 0003f000 08:04 2109738    /usr/local/java/jdk1.8.0_202/jre/lib/ext/sunjce_provider.jar
8207d000-820b8000 r-xp 00000000 08:04 2109691    /usr/local/java/jdk1.8.0_202/jre/lib/i386/libsunec.so
820b8000-820bb000 r--p 0003a000 08:04 2109691    /usr/local/java/jdk1.8.0_202/jre/lib/i386/libsunec.so
820bb000-820bc000 rw-p 0003d000 08:04 2109691    /usr/local/java/jdk1.8.0_202/jre/lib/i386/libsunec.so
820bc000-821bc000 rw-p 00000000 00:00 0 
821bc000-822bc000 rw-p 00000000 00:00 0 
822bc000-822bf000 ---p 00000000 00:00 0 
822bf000-8230d000 rw-p 00000000 00:00 0 
8230d000-82310000 ---p 00000000 00:00 0 
82310000-8235e000 rw-p 00000000 00:00 0 
8235e000-82361000 ---p 00000000 00:00 0 
82361000-823af000 rw-p 00000000 00:00 0 
823af000-823b2000 ---p 00000000 00:00 0 
823b2000-82400000 rw-p 00000000 00:00 0 
82400000-8243e000 rw-p 00000000 00:00 0 
8243e000-82500000 ---p 00000000 00:00 0 
82500000-82600000 rw-p 00000000 00:00 0 
82600000-82700000 rw-p 00000000 00:00 0 
82700000-827e8000 rw-p 00000000 00:00 0 
827e8000-82800000 ---p 00000000 00:00 0 
82800000-82900000 rw-p 00000000 00:00 0 
82900000-82a00000 rw-p 00000000 00:00 0 
82a00000-82b00000 rw-p 00000000 00:00 0 
82b00000-82bfd000 rw-p 00000000 00:00 0 
82bfd000-82c00000 ---p 00000000 00:00 0 
82c00000-82d00000 rw-p 00000000 00:00 0 
82d00000-82f00000 rw-p 00000000 00:00 0 
82f00000-83100000 rw-p 00000000 00:00 0 
83100000-83300000 rw-p 00000000 00:00 0 
83300000-834fc000 rw-p 00000000 00:00 0 
834fc000-83500000 ---p 00000000 00:00 0 
83500000-83600000 rw-p 00000000 00:00 0 
83600000-837fe000 rw-p 00000000 00:00 0 
837fe000-83800000 ---p 00000000 00:00 0 
83800000-838fb000 rw-p 00000000 00:00 0 
838fb000-83900000 ---p 00000000 00:00 0 
83900000-83a00000 rw-p 00000000 00:00 0 
83a00000-83afa000 rw-p 00000000 00:00 0 
83afa000-83b00000 ---p 00000000 00:00 0 
83b03000-83b14000 r-xp 00000000 08:04 2109667    /usr/local/java/jdk1.8.0_202/jre/lib/i386/libnio.so
83b14000-83b15000 r--p 00010000 08:04 2109667    /usr/local/java/jdk1.8.0_202/jre/lib/i386/libnio.so
83b15000-83b16000 rw-p 00011000 08:04 2109667    /usr/local/java/jdk1.8.0_202/jre/lib/i386/libnio.so
83b16000-83b18000 r--s 00009000 08:04 2109737    /usr/local/java/jdk1.8.0_202/jre/lib/ext/sunec.jar
83b18000-83b1c000 r--s 0003a000 08:04 2109741    /usr/local/java/jdk1.8.0_202/jre/lib/ext/sunpkcs11.jar
83b1c000-83b20000 r--s 000a1000 08:04 2109771    /usr/local/java/jdk1.8.0_202/jre/lib/jsse.jar
83b20000-83b23000 ---p 00000000 00:00 0 
83b23000-83b71000 rw-p 00000000 00:00 0 
83b71000-83b74000 ---p 00000000 00:00 0 
83b74000-857c3000 rw-p 00000000 00:00 0 
857c3000-857d9000 r-xp 00000000 08:04 2109718    /usr/local/java/jdk1.8.0_202/jre/lib/i386/libnet.so
857d9000-857da000 r--p 00015000 08:04 2109718    /usr/local/java/jdk1.8.0_202/jre/lib/i386/libnet.so
857da000-857db000 rw-p 00016000 08:04 2109718    /usr/local/java/jdk1.8.0_202/jre/lib/i386/libnet.so
857db000-857dc000 ---p 00000000 00:00 0 
857dc000-8585c000 rw-p 00000000 00:00 0 
8585c000-8585f000 ---p 00000000 00:00 0 
8585f000-858ad000 rw-p 00000000 00:00 0 
858ad000-858b0000 ---p 00000000 00:00 0 
858b0000-8592e000 rw-p 00000000 00:00 0 
8592e000-85931000 ---p 00000000 00:00 0 
85931000-859af000 rw-p 00000000 00:00 0 
859af000-859b2000 ---p 00000000 00:00 0 
859b2000-85a00000 rw-p 00000000 00:00 0 
85a00000-85af9000 rw-p 00000000 00:00 0 
85af9000-85b00000 ---p 00000000 00:00 0 
85b00000-85b05000 r--s 00041000 08:04 1440907    /home/ali/.ivy2/cache/com.typesafe/config/bundles/config-1.3.3.jar
85b05000-85b09000 r--s 0003f000 08:04 1442399    /home/ali/.ivy2/cache/com.typesafe/ssl-config-core_2.12/bundles/ssl-config-core_2.12-0.3.7.jar
85b09000-85b2e000 r--s 00333000 08:04 1440904    /home/ali/.ivy2/cache/com.typesafe.akka/akka-actor_2.12/jars/akka-actor_2.12-2.5.21.jar
85b2e000-85b5c000 r--s 0032f000 08:04 1442397    /home/ali/.ivy2/cache/com.typesafe.akka/akka-http-core_2.12/jars/akka-http-core_2.12-10.1.7.jar
85b5c000-85b73000 r--s 00191000 08:04 1442394    /home/ali/.ivy2/cache/com.typesafe.akka/akka-http_2.12/jars/akka-http_2.12-10.1.7.jar
85b73000-85bac000 r--s 00401000 08:04 1442393    /home/ali/.ivy2/cache/com.typesafe.akka/akka-stream_2.12/jars/akka-stream_2.12-2.5.21.jar
85bac000-85bbf000 r--s 0010a000 08:04 1440905    /home/ali/.ivy2/cache/org.scala-lang.modules/scala-java8-compat_2.12/bundles/scala-java8-compat_2.12-0.8.0.jar
85bbf000-85bf7000 r--s 004d0000 08:04 827201     /home/ali/.ivy2/cache/org.scala-lang/scala-library/jars/scala-library-2.12.8.jar
85bf7000-85c0a000 r--s 00345000 08:04 2109761    /usr/local/java/jdk1.8.0_202/jre/lib/resources.jar
85c0a000-85c0d000 ---p 00000000 00:00 0 
85c0d000-85c5b000 rw-p 00000000 00:00 0 
85c5b000-85ddd000 r--p 009be000 08:04 2103276    /usr/lib/locale/locale-archive
85ddd000-85fdd000 r--p 00000000 08:04 2103276    /usr/lib/locale/locale-archive
85fdd000-85fe0000 ---p 00000000 00:00 0 
85fe0000-8602e000 rw-p 00000000 00:00 0 
8602e000-86031000 ---p 00000000 00:00 0 
86031000-8607f000 rw-p 00000000 00:00 0 
8607f000-86080000 ---p 00000000 00:00 0 
86080000-86100000 rw-p 00000000 00:00 0 
86100000-861ff000 rw-p 00000000 00:00 0 
861ff000-86200000 ---p 00000000 00:00 0 
86200000-86203000 r--s 0001a000 08:04 2109724    /usr/local/java/jdk1.8.0_202/jre/lib/jce.jar
86203000-8620f000 r--s 000e0000 08:04 1442398    /home/ali/.ivy2/cache/com.typesafe.akka/akka-parsing_2.12/jars/akka-parsing_2.12-10.1.7.jar
8620f000-86222000 r--s 000d6000 08:04 2109494    /usr/local/java/jdk1.8.0_202/jre/lib/plugin.jar
86222000-863fc000 r--s 03d6a000 08:04 2109767    /usr/local/java/jdk1.8.0_202/jre/lib/rt.jar
863fc000-86842000 rw-p 00000000 00:00 0 
86842000-86848000 ---p 00000000 00:00 0 
86848000-87a00000 rw-p 00000000 00:00 0 
87a00000-87af7000 rw-p 00000000 00:00 0 
87af7000-87b00000 ---p 00000000 00:00 0 
87b00000-87b02000 r--s 0001a000 08:04 398846     /home/ali/intellij/lib/idea_rt.jar
87b02000-87b09000 r--s 00070000 08:04 1442396    /home/ali/.ivy2/cache/com.typesafe.akka/akka-protobuf_2.12/jars/akka-protobuf_2.12-2.5.21.jar
87b09000-87b24000 r--s 0020c000 08:04 2109499    /usr/local/java/jdk1.8.0_202/jre/lib/deploy.jar
87b24000-87b7f000 rw-p 00000000 00:00 0 
87b7f000-87b80000 ---p 00000000 00:00 0 
87b80000-87c00000 rw-p 00000000 00:00 0 
87c00000-87d00000 rw-p 00000000 00:00 0 
87d00000-87d01000 r--s 00000000 08:04 1442395    /home/ali/.ivy2/cache/org.reactivestreams/reactive-streams/jars/reactive-streams-1.0.2.jar
87d01000-87d05000 r--s 00034000 08:04 1182574    /home/ali/.ivy2/cache/org.scala-lang.modules/scala-parser-combinators_2.12/bundles/scala-parser-combinators_2.12-1.1.1.jar
87d05000-87d09000 r--s 000a1000 08:04 2109771    /usr/local/java/jdk1.8.0_202/jre/lib/jsse.jar
87d09000-87d63000 rw-p 00000000 00:00 0 
87d63000-87e00000 ---p 00000000 00:00 0 
87e00000-89380000 rw-p 00000000 00:00 0 
89380000-9ce00000 ---p 00000000 00:00 0 
9ce00000-9e480000 rw-p 00000000 00:00 0 
9eb9e000-9ee00000 rw-p 00000000 00:00 0 
9ee00000-a7600000 ---p 00000000 00:00 0 
a7600000-a760a000 r--s 0006e000 08:04 2109727    /usr/local/java/jdk1.8.0_202/jre/lib/javaws.jar
a760a000-a760b000 ---p 00000000 00:00 0 
a760b000-a7696000 rw-p 00000000 00:00 0 
a7696000-a7733000 ---p 00000000 00:00 0 
a7733000-a773f000 rw-p 00000000 00:00 0 
a773f000-a7787000 ---p 00000000 00:00 0 
a7787000-a779a000 rw-p 00000000 00:00 0 
a779a000-a7b48000 ---p 00000000 00:00 0 
a7b48000-a7fc0000 rwxp 00000000 00:00 0 
a7fc0000-b6b48000 ---p 00000000 00:00 0 
b6b48000-b6b63000 r-xp 00000000 08:04 2109720    /usr/local/java/jdk1.8.0_202/jre/lib/i386/libzip.so
b6b63000-b6b64000 r--p 0001a000 08:04 2109720    /usr/local/java/jdk1.8.0_202/jre/lib/i386/libzip.so
b6b64000-b6b65000 rw-p 0001b000 08:04 2109720    /usr/local/java/jdk1.8.0_202/jre/lib/i386/libzip.so
b6b65000-b6b70000 r-xp 00000000 08:04 2225871    /lib/i386-linux-gnu/libnss_files-2.23.so
b6b70000-b6b71000 r--p 0000a000 08:04 2225871    /lib/i386-linux-gnu/libnss_files-2.23.so
b6b71000-b6b72000 rw-p 0000b000 08:04 2225871    /lib/i386-linux-gnu/libnss_files-2.23.so
b6b72000-b6b78000 rw-p 00000000 00:00 0 
b6b78000-b6b83000 r-xp 00000000 08:04 2225881    /lib/i386-linux-gnu/libnss_nis-2.23.so
b6b83000-b6b84000 r--p 0000a000 08:04 2225881    /lib/i386-linux-gnu/libnss_nis-2.23.so
b6b84000-b6b85000 rw-p 0000b000 08:04 2225881    /lib/i386-linux-gnu/libnss_nis-2.23.so
b6b85000-b6b9c000 r-xp 00000000 08:04 2225865    /lib/i386-linux-gnu/libnsl-2.23.so
b6b9c000-b6b9d000 r--p 00016000 08:04 2225865    /lib/i386-linux-gnu/libnsl-2.23.so
b6b9d000-b6b9e000 rw-p 00017000 08:04 2225865    /lib/i386-linux-gnu/libnsl-2.23.so
b6b9e000-b6ba0000 rw-p 00000000 00:00 0 
b6ba0000-b6ba8000 r-xp 00000000 08:04 2225867    /lib/i386-linux-gnu/libnss_compat-2.23.so
b6ba8000-b6ba9000 r--p 00007000 08:04 2225867    /lib/i386-linux-gnu/libnss_compat-2.23.so
b6ba9000-b6baa000 rw-p 00008000 08:04 2225867    /lib/i386-linux-gnu/libnss_compat-2.23.so
b6baa000-b6bac000 r--s 00007000 08:04 2109645    /usr/local/java/jdk1.8.0_202/jre/lib/jfxswt.jar
b6bac000-b6bb1000 r--s 00084000 08:04 2109509    /usr/local/java/jdk1.8.0_202/jre/lib/jfr.jar
b6bb1000-b6bb6000 r--s 002f9000 08:04 2109733    /usr/local/java/jdk1.8.0_202/jre/lib/charsets.jar
b6bb6000-b6bc2000 rw-p 00000000 00:00 0 
b6bc2000-b6bcc000 r-xp 00000000 08:04 2109703    /usr/local/java/jdk1.8.0_202/jre/lib/i386/libinstrument.so
b6bcc000-b6bcd000 r--p 00009000 08:04 2109703    /usr/local/java/jdk1.8.0_202/jre/lib/i386/libinstrument.so
b6bcd000-b6bce000 rw-p 0000a000 08:04 2109703    /usr/local/java/jdk1.8.0_202/jre/lib/i386/libinstrument.so
b6bce000-b6bf5000 r-xp 00000000 08:04 2109714    /usr/local/java/jdk1.8.0_202/jre/lib/i386/libjava.so
b6bf5000-b6bf6000 r--p 00026000 08:04 2109714    /usr/local/java/jdk1.8.0_202/jre/lib/i386/libjava.so
b6bf6000-b6bf7000 rw-p 00027000 08:04 2109714    /usr/local/java/jdk1.8.0_202/jre/lib/i386/libjava.so
b6bf7000-b6bfe000 r-xp 00000000 08:04 2225926    /lib/i386-linux-gnu/librt-2.23.so
b6bfe000-b6bff000 r--p 00006000 08:04 2225926    /lib/i386-linux-gnu/librt-2.23.so
b6bff000-b6c00000 rw-p 00007000 08:04 2225926    /lib/i386-linux-gnu/librt-2.23.so
b6c00000-b6cfb000 rw-p 00000000 00:00 0 
b6cfb000-b6d00000 ---p 00000000 00:00 0 
b6d00000-b6d01000 r--s 00000000 08:04 2109725    /usr/local/java/jdk1.8.0_202/jre/lib/management-agent.jar
b6d01000-b6d04000 r--s 0001a000 08:04 2109724    /usr/local/java/jdk1.8.0_202/jre/lib/jce.jar
b6d04000-b6d05000 r--p 00741000 08:04 2103276    /usr/lib/locale/locale-archive
b6d05000-b6d08000 ---p 00000000 00:00 0 
b6d08000-b6d56000 rw-p 00000000 00:00 0 
b6d56000-b6da9000 r-xp 00000000 08:04 2225844    /lib/i386-linux-gnu/libm-2.23.so
b6da9000-b6daa000 r--p 00052000 08:04 2225844    /lib/i386-linux-gnu/libm-2.23.so
b6daa000-b6dab000 rw-p 00053000 08:04 2225844    /lib/i386-linux-gnu/libm-2.23.so
b6dab000-b7921000 r-xp 00000000 08:04 2109697    /usr/local/java/jdk1.8.0_202/jre/lib/i386/server/libjvm.so
b7921000-b7922000 ---p 00b76000 08:04 2109697    /usr/local/java/jdk1.8.0_202/jre/lib/i386/server/libjvm.so
b7922000-b7969000 r--p 00b76000 08:04 2109697    /usr/local/java/jdk1.8.0_202/jre/lib/i386/server/libjvm.so
b7969000-b7986000 rw-p 00bbd000 08:04 2109697    /usr/local/java/jdk1.8.0_202/jre/lib/i386/server/libjvm.so
b7986000-b7dad000 rw-p 00000000 00:00 0 
b7dad000-b7f5d000 r-xp 00000000 08:04 2225774    /lib/i386-linux-gnu/libc-2.23.so
b7f5d000-b7f5f000 r--p 001af000 08:04 2225774    /lib/i386-linux-gnu/libc-2.23.so
b7f5f000-b7f60000 rw-p 001b1000 08:04 2225774    /lib/i386-linux-gnu/libc-2.23.so
b7f60000-b7f63000 rw-p 00000000 00:00 0 
b7f63000-b7f66000 r-xp 00000000 08:04 2225798    /lib/i386-linux-gnu/libdl-2.23.so
b7f66000-b7f67000 r--p 00002000 08:04 2225798    /lib/i386-linux-gnu/libdl-2.23.so
b7f67000-b7f68000 rw-p 00003000 08:04 2225798    /lib/i386-linux-gnu/libdl-2.23.so
b7f68000-b7f7e000 r-xp 00000000 08:04 2108143    /usr/local/java/jdk1.8.0_202/lib/i386/jli/libjli.so
b7f7e000-b7f7f000 r--p 00015000 08:04 2108143    /usr/local/java/jdk1.8.0_202/lib/i386/jli/libjli.so
b7f7f000-b7f80000 rw-p 00016000 08:04 2108143    /usr/local/java/jdk1.8.0_202/lib/i386/jli/libjli.so
b7f80000-b7f99000 r-xp 00000000 08:04 2225918    /lib/i386-linux-gnu/libpthread-2.23.so
b7f99000-b7f9a000 r--p 00018000 08:04 2225918    /lib/i386-linux-gnu/libpthread-2.23.so
b7f9a000-b7f9b000 rw-p 00019000 08:04 2225918    /lib/i386-linux-gnu/libpthread-2.23.so
b7f9b000-b7f9d000 rw-p 00000000 00:00 0 
b7f9d000-b7fa5000 rw-s 00000000 08:04 1442513    /tmp/hsperfdata_ali/2879
b7fa5000-b7fa6000 rw-p 00000000 00:00 0 
b7fa6000-b7fa7000 ---p 00000000 00:00 0 
b7fa7000-b7fb2000 r-xp 00000000 08:04 2109660    /usr/local/java/jdk1.8.0_202/jre/lib/i386/libverify.so
b7fb2000-b7fb3000 ---p 0000b000 08:04 2109660    /usr/local/java/jdk1.8.0_202/jre/lib/i386/libverify.so
b7fb3000-b7fb4000 r--p 0000b000 08:04 2109660    /usr/local/java/jdk1.8.0_202/jre/lib/i386/libverify.so
b7fb4000-b7fb5000 rw-p 0000c000 08:04 2109660    /usr/local/java/jdk1.8.0_202/jre/lib/i386/libverify.so
b7fb5000-b7fb6000 rw-p 00000000 00:00 0 
b7fb6000-b7fb9000 r--p 00000000 00:00 0          [vvar]
b7fb9000-b7fbb000 r-xp 00000000 00:00 0          [vdso]
b7fbb000-b7fde000 r-xp 00000000 08:04 2225746    /lib/i386-linux-gnu/ld-2.23.so
b7fde000-b7fdf000 r--p 00022000 08:04 2225746    /lib/i386-linux-gnu/ld-2.23.so
b7fdf000-b7fe0000 rw-p 00023000 08:04 2225746    /lib/i386-linux-gnu/ld-2.23.so
bfa5f000-bfa81000 rw-p 00000000 00:00 0          [stack]

VM Arguments:
jvm_args: -javaagent:/home/ali/intellij/lib/idea_rt.jar=43829:/home/ali/intellij/bin -Dfile.encoding=UTF-8 
java_command: WebServer
java_class_path (initial): /usr/local/java/jdk1.8.0_202/jre/lib/charsets.jar:/usr/local/java/jdk1.8.0_202/jre/lib/deploy.jar:/usr/local/java/jdk1.8.0_202/jre/lib/ext/cldrdata.jar:/usr/local/java/jdk1.8.0_202/jre/lib/ext/dnsns.jar:/usr/local/java/jdk1.8.0_202/jre/lib/ext/jaccess.jar:/usr/local/java/jdk1.8.0_202/jre/lib/ext/jfxrt.jar:/usr/local/java/jdk1.8.0_202/jre/lib/ext/localedata.jar:/usr/local/java/jdk1.8.0_202/jre/lib/ext/nashorn.jar:/usr/local/java/jdk1.8.0_202/jre/lib/ext/sunec.jar:/usr/local/java/jdk1.8.0_202/jre/lib/ext/sunjce_provider.jar:/usr/local/java/jdk1.8.0_202/jre/lib/ext/sunpkcs11.jar:/usr/local/java/jdk1.8.0_202/jre/lib/ext/zipfs.jar:/usr/local/java/jdk1.8.0_202/jre/lib/javaws.jar:/usr/local/java/jdk1.8.0_202/jre/lib/jce.jar:/usr/local/java/jdk1.8.0_202/jre/lib/jfr.jar:/usr/local/java/jdk1.8.0_202/jre/lib/jfxswt.jar:/usr/local/java/jdk1.8.0_202/jre/lib/jsse.jar:/usr/local/java/jdk1.8.0_202/jre/lib/management-agent.jar:/usr/local/java/jdk1.8.0_202/jre/lib/plugin.jar:/usr/local/java/jdk1.8.0_202/jre/lib/resources.jar:/usr/local/java/jdk1.8.0_202/jre/lib/rt.jar:/home/ali/IdeaProjects/WebServer/target/scala-2.12/classes:/home/ali/.ivy2/cache/org.scala-lang/scala-library/jars/scala-library-2.12.8.jar:/home/ali/.ivy2/cache/org.scala-lang.modules/scala-parser-combinators_2.12/bundles/scala-parser-combinators_2.12-1.1.1.jar:/home/ali/.ivy2/cache/org.scala-lang.modules/scala-java8-compat_2.12/bundles/scala-java8-compat_2.12-0.8.0.jar:/home/ali/.ivy2/cache/org.reactivestreams/reactive-streams/jars/reactive-streams-1.0.2.jar:/home/ali/.ivy2/cache/com.typesafe.akka/akka-stream_2.12/jars/akka-stream_2.12-2.5.21.jar:/home/ali/.ivy2/cache/com.typesafe.akka/akka-protobuf_2.12/jars/akka-protobuf_2.12-2.5.21.jar:/home/ali/.ivy2/cache/com.typesafe.akka/akka-parsing_2.12/jars/akka-parsing_2.12-10.1.7.jar:/home/ali/.ivy2/cache/com.typesafe.akka/akka-http_2.12/jars/akka-http_2.12-10.1.7.jar:/home/ali/.ivy2/cache/com.typesafe.akka/akka-http-core_2.12/jars/akka-http-co
Launcher Type: SUN_STANDARD

Environment Variables:
JAVA_HOME=/usr/local/java/jdk1.8.0_202
PATH=/home/ali/bin:/home/ali/.local/bin:/usr/local/sbin:/usr/local/bin:/usr/sbin:/usr/bin:/sbin:/bin:/usr/games:/usr/local/games:/snap/bin:/home/ali/bin:/usr/local/java/jdk1.8.0_202/bin
SHELL=/bin/bash
DISPLAY=:0

Signal Handlers:
SIGSEGV: [libjvm.so+0x940630], sa_mask[0]=11111111011111111101111111111110, sa_flags=SA_RESTART|SA_SIGINFO
SIGBUS: [libjvm.so+0x940630], sa_mask[0]=11111111011111111101111111111110, sa_flags=SA_RESTART|SA_SIGINFO
SIGFPE: [libjvm.so+0x796990], sa_mask[0]=11111111011111111101111111111110, sa_flags=SA_RESTART|SA_SIGINFO
SIGPIPE: [libjvm.so+0x796990], sa_mask[0]=11111111011111111101111111111110, sa_flags=SA_RESTART|SA_SIGINFO
SIGXFSZ: [libjvm.so+0x796990], sa_mask[0]=11111111011111111101111111111110, sa_flags=SA_RESTART|SA_SIGINFO
SIGILL: [libjvm.so+0x796990], sa_mask[0]=11111111011111111101111111111110, sa_flags=SA_RESTART|SA_SIGINFO
SIGUSR1: SIG_DFL, sa_mask[0]=00000000000000000000000000000000, sa_flags=none
SIGUSR2: [libjvm.so+0x796800], sa_mask[0]=00100000000000000000000000000000, sa_flags=SA_RESTART|SA_SIGINFO
SIGHUP: [libjvm.so+0x796ec0], sa_mask[0]=11111111011111111101111111111110, sa_flags=SA_RESTART|SA_SIGINFO
SIGINT: [libjvm.so+0x796ec0], sa_mask[0]=11111111011111111101111111111110, sa_flags=SA_RESTART|SA_SIGINFO
SIGTERM: [libjvm.so+0x796ec0], sa_mask[0]=11111111011111111101111111111110, sa_flags=SA_RESTART|SA_SIGINFO
SIGQUIT: [libjvm.so+0x796ec0], sa_mask[0]=11111111011111111101111111111110, sa_flags=SA_RESTART|SA_SIGINFO


---------------  S Y S T E M  ---------------

OS:DISTRIB_ID=Ubuntu
DISTRIB_RELEASE=16.04
DISTRIB_CODENAME=xenial
DISTRIB_DESCRIPTION="Ubuntu 16.04.5 LTS"

uname:Linux 4.15.0-29-generic #31~16.04.1-Ubuntu SMP Wed Jul 18 10:19:08 UTC 2018 i686
libc:glibc 2.23 NPTL 2.23 
rlimit: STACK 8192k, CORE 0k, NPROC 15691, NOFILE 1048576, AS infinity
load average:3.95 3.50 1.78

/proc/meminfo:
MemTotal:        2059492 kB
MemFree:           97716 kB
MemAvailable:          0 kB
Buffers:             796 kB
Cached:            47972 kB
SwapCached:            0 kB
Active:          1848936 kB
Inactive:          31460 kB
Active(anon):    1832836 kB
Inactive(anon):    13988 kB
Active(file):      16100 kB
Inactive(file):    17472 kB
Unevictable:          48 kB
Mlocked:              48 kB
HighTotal:       1187400 kB
HighFree:           4960 kB
LowTotal:         872092 kB
LowFree:           92756 kB
SwapTotal:             0 kB
SwapFree:              0 kB
Dirty:              2508 kB
Writeback:          6612 kB
AnonPages:       1831756 kB
Mapped:            31680 kB
Shmem:             15136 kB
Slab:              37024 kB
SReclaimable:      16952 kB
SUnreclaim:        20072 kB
KernelStack:        4312 kB
PageTables:        11660 kB
NFS_Unstable:          0 kB
Bounce:                0 kB
WritebackTmp:          0 kB
CommitLimit:     1029744 kB
Committed_AS:    4885468 kB
VmallocTotal:     122880 kB
VmallocUsed:           0 kB
VmallocChunk:          0 kB
AnonHugePages:         0 kB
ShmemHugePages:        0 kB
ShmemPmdMapped:        0 kB
CmaTotal:              0 kB
CmaFree:               0 kB
HugePages_Total:       0
HugePages_Free:        0
HugePages_Rsvd:        0
HugePages_Surp:        0
Hugepagesize:       2048 kB
DirectMap4k:       10232 kB
DirectMap2M:      899072 kB

container (cgroup) information:
container_type: cgroupv1
cpu_cpuset_cpus: 0-1
cpu_memory_nodes: 0
active_processor_count: 2
cpu_quota: -1
cpu_period: 100000
cpu_shares: -1
memory_limit_in_bytes: -1
memory_and_swap_limit_in_bytes: -2
memory_soft_limit_in_bytes: -1
memory_usage_in_bytes: 1925988352
memory_max_usage_in_bytes: 0


CPU:total 2 (initial active 2) (2 cores per cpu, 1 threads per core) family 16 model 6 stepping 2, cmov, cx8, fxsr, mmx, sse, sse2, sse3, popcnt, mmxext, 3dnowpref, lzcnt, sse4a, tsc, tscinvbit, tscinv

/proc/cpuinfo:
processor	: 0
vendor_id	: AuthenticAMD
cpu family	: 16
model		: 6
model name	: AMD Athlon(tm) II X2 245 Processor
stepping	: 2
microcode	: 0x100009f
cpu MHz		: 800.000
cache size	: 1024 KB
physical id	: 0
siblings	: 2
core id		: 0
cpu cores	: 2
apicid		: 0
initial apicid	: 0
fdiv_bug	: no
f00f_bug	: no
coma_bug	: no
fpu		: yes
fpu_exception	: yes
cpuid level	: 5
wp		: yes
flags		: fpu vme de pse tsc msr pae mce cx8 apic sep mtrr pge mca cmov pat pse36 clflush mmx fxsr sse sse2 ht syscall nx mmxext fxsr_opt pdpe1gb rdtscp lm 3dnowext 3dnow constant_tsc rep_good nonstop_tsc cpuid extd_apicid pni monitor cx16 popcnt lahf_lm cmp_legacy svm extapic cr8_legacy abm sse4a misalignsse 3dnowprefetch osvw ibs skinit wdt hw_pstate vmmcall npt lbrv svm_lock nrip_save
bugs		: tlb_mmatch fxsave_leak sysret_ss_attrs amd_e400 spectre_v1 spectre_v2
bogomips	: 5800.08
clflush size	: 64
cache_alignment	: 64
address sizes	: 48 bits physical, 48 bits virtual
power management: ts ttp tm stc 100mhzsteps hwpstate

processor	: 1
vendor_id	: AuthenticAMD
cpu family	: 16
model		: 6
model name	: AMD Athlon(tm) II X2 245 Processor
stepping	: 2
microcode	: 0x100009f
cpu MHz		: 800.000
cache size	: 1024 KB
physical id	: 0
siblings	: 2
core id		: 1
cpu cores	: 2
apicid		: 1
initial apicid	: 1
fdiv_bug	: no
f00f_bug	: no
coma_bug	: no
fpu		: yes
fpu_exception	: yes
cpuid level	: 5
wp		: yes
flags		: fpu vme de pse tsc msr pae mce cx8 apic sep mtrr pge mca cmov pat pse36 clflush mmx fxsr sse sse2 ht syscall nx mmxext fxsr_opt pdpe1gb rdtscp lm 3dnowext 3dnow constant_tsc rep_good nonstop_tsc cpuid extd_apicid pni monitor cx16 popcnt lahf_lm cmp_legacy svm extapic cr8_legacy abm sse4a misalignsse 3dnowprefetch osvw ibs skinit wdt hw_pstate vmmcall npt lbrv svm_lock nrip_save
bugs		: tlb_mmatch fxsave_leak sysret_ss_attrs amd_e400 spectre_v1 spectre_v2
bogomips	: 5800.08
clflush size	: 64
cache_alignment	: 64
address sizes	: 48 bits physical, 48 bits virtual
power management: ts ttp tm stc 100mhzsteps hwpstate



Memory: 4k page, physical 2059492k(97716k free), swap 0k(0k free)

vm_info: Java HotSpot(TM) Server VM (25.202-b08) for linux-x86 JRE (1.8.0_202-b08), built on Dec 15 2018 11:54:58 by "java_re" with gcc 7.3.0

time: Thu Mar  7 16:42:58 2019
timezone: +0330
elapsed time: 13 seconds (0d 0h 0m 13s)

