#
# There is insufficient memory for the Java Runtime Environment to continue.
# Native memory allocation (mmap) failed to map 37748736 bytes for committing reserved memory.
# Possible reasons:
#   The system is out of physical RAM or swap space
#   In 32 bit mode, the process size limit was hit
# Possible solutions:
#   Reduce memory load on the system
#   Increase physical memory or swap space
#   Check if swap backing store is full
#   Use 64 bit Java on a 64 bit OS
#   Decrease Java heap size (-Xmx/-Xms)
#   Decrease number of Java threads
#   Decrease Java thread stack sizes (-Xss)
#   Set larger code cache with -XX:ReservedCodeCacheSize=
# This output file may be truncated or incomplete.
#
#  Out of Memory Error (os_linux.cpp:2749), pid=5666, tid=0x430d9b40
#
# JRE version: Java(TM) SE Runtime Environment (8.0_202-b08) (build 1.8.0_202-b08)
# Java VM: Java HotSpot(TM) Server VM (25.202-b08 mixed mode linux-x86 )
# Failed to write core dump. Core dumps have been disabled. To enable core dumping, try "ulimit -c unlimited" before starting Java again
#

---------------  T H R E A D  ---------------

Current thread (0x46e10400):  VMThread [stack: 0x43059000,0x430da000] [id=5674]

Stack: [0x43059000,0x430da000],  sp=0x430d8ab0,  free space=510k
Native frames: (J=compiled Java code, j=interpreted, Vv=VM code, C=native code)
V  [libjvm.so+0x93fcf8]  VMError::report_and_die()+0x2c8
V  [libjvm.so+0x3b3a15]  report_vm_out_of_memory(char const*, int, unsigned int, VMErrorType, char const*)+0x55
V  [libjvm.so+0x79b8ce]  os::pd_commit_memory(char*, unsigned int, unsigned int, bool)+0xee
V  [libjvm.so+0x7928eb]  os::commit_memory(char*, unsigned int, unsigned int, bool)+0x2b
V  [libjvm.so+0x80fab0]  PSVirtualSpace::expand_by(unsigned int)+0x50
V  [libjvm.so+0x810b2a]  PSYoungGen::resize(unsigned int, unsigned int)+0xca
V  [libjvm.so+0x80d7a7]  PSScavenge::invoke_no_policy()+0xdb7
V  [libjvm.so+0x80e023]  PSScavenge::invoke()+0x33
V  [libjvm.so+0x7c4977]  ParallelScavengeHeap::failed_mem_allocate(unsigned int)+0x57
V  [libjvm.so+0x941702]  VM_ParallelGCFailedAllocation::doit()+0x92
V  [libjvm.so+0x947286]  VM_Operation::evaluate()+0x46
V  [libjvm.so+0x945694]  VMThread::evaluate_operation(VM_Operation*) [clone .constprop.38]+0x94
V  [libjvm.so+0x945d25]  VMThread::loop()+0x3e5
V  [libjvm.so+0x946125]  VMThread::run()+0x85
V  [libjvm.so+0x798bac]  java_start(Thread*)+0x10c
C  [libpthread.so.0+0x6295]  start_thread+0xe5

VM_Operation (0x3c4943f8): ParallelGCFailedAllocation, mode: safepoint, requested by thread 0x09b71800


---------------  P R O C E S S  ---------------

Java Threads: ( => current thread )
  0x09b66400 JavaThread "pool-6-thread-6" [_thread_blocked, id=5708, stack(0x3b40d000,0x3b45e000)]
  0x09b71800 JavaThread "pool-6-thread-5" [_thread_blocked, id=5707, stack(0x3c447000,0x3c498000)]
  0x09b71400 JavaThread "pool-6-thread-4" [_thread_blocked, id=5706, stack(0x3c73a000,0x3c78b000)]
  0x09b70c00 JavaThread "pool-6-thread-3" [_thread_blocked, id=5705, stack(0x3c78b000,0x3c7dc000)]
  0x402d6c00 JavaThread "pool-6-thread-2" [_thread_blocked, id=5704, stack(0x3c498000,0x3c4e9000)]
  0x402d6400 JavaThread "pool-6-thread-1" [_thread_blocked, id=5703, stack(0x3c5e9000,0x3c63a000)]
  0x402e5400 JavaThread "scala-execution-context-global-28" daemon [_thread_blocked, id=5699, stack(0x3b55e000,0x3b5af000)]
  0x46d4c800 JavaThread "process reaper" daemon [_thread_blocked, id=5697, stack(0x3bf2e000,0x3bf47000)]
  0x3bb57800 JavaThread "pool-4-thread-6" [_thread_blocked, id=5695, stack(0x3b91a000,0x3b96b000)]
  0x3bb56400 JavaThread "pool-4-thread-5" [_thread_blocked, id=5694, stack(0x3b96b000,0x3b9bc000)]
  0x3db8d800 JavaThread "pool-4-thread-4" [_thread_blocked, id=5693, stack(0x3b9bc000,0x3ba0d000)]
  0x3df93c00 JavaThread "pool-4-thread-3" [_thread_blocked, id=5692, stack(0x3ba0d000,0x3ba5e000)]
  0x3bb5fc00 JavaThread "pool-4-thread-2" [_thread_blocked, id=5691, stack(0x3ba5e000,0x3baaf000)]
  0x3d9dfc00 JavaThread "pool-4-thread-1" [_thread_blocked, id=5690, stack(0x3baaf000,0x3bb00000)]
  0x3ea07000 JavaThread "Log4j2-TF-1-AsyncLogger[AsyncContext@149dace]-1" daemon [_thread_blocked, id=5682, stack(0x3f071000,0x3f0c2000)]
  0x46e39c00 JavaThread "Service Thread" daemon [_thread_blocked, id=5680, stack(0x42a91000,0x42ae2000)]
  0x46e36c00 JavaThread "C1 CompilerThread1" daemon [_thread_blocked, id=5679, stack(0x42ae2000,0x42b63000)]
  0x46e34c00 JavaThread "C2 CompilerThread0" daemon [_thread_blocked, id=5678, stack(0x42b63000,0x42be4000)]
  0x46e33400 JavaThread "Signal Dispatcher" daemon [_thread_blocked, id=5677, stack(0x42be4000,0x42c35000)]
  0x46e17800 JavaThread "Finalizer" daemon [_thread_blocked, id=5676, stack(0x42fb7000,0x43008000)]
  0x46e15c00 JavaThread "Reference Handler" daemon [_thread_blocked, id=5675, stack(0x43008000,0x43059000)]
  0xb6b08400 JavaThread "main" [_thread_blocked, id=5671, stack(0xb6c77000,0xb6cc8000)]

Other Threads:
=>0x46e10400 VMThread [stack: 0x43059000,0x430da000] [id=5674]
  0x46e3b800 WatcherThread [stack: 0x42a10000,0x42a91000] [id=5681]

VM state:at safepoint (normal execution)

VM Mutex/Monitor currently owned by a thread:  ([mutex/lock_event])
[0xb6b059c0] Threads_lock - owner thread: 0x46e10400
[0xb6b05dd0] Heap_lock - owner thread: 0x09b71800

Heap:
 PSYoungGen      total 190720K, used 7565K [0x87600000, 0x93d40000, 0xa7600000)
  eden space 177408K, 0% used [0x87600000,0x87600000,0x92340000)
  from space 13312K, 56% used [0x93040000,0x937a34d0,0x93d40000)
  to   space 12800K, 0% used [0x92340000,0x92340000,0x92fc0000)
 ParOldGen       total 62720K, used 33234K [0x47600000, 0x4b340000, 0x87600000)
  object space 62720K, 52% used [0x47600000,0x49674b60,0x4b340000)
 Metaspace       used 47488K, capacity 49729K, committed 49792K, reserved 50480K

Card table byte_map: [0x472ff000,0x47600000] byte_map_base: 0x470c4000

Marking Bits: (ParMarkBitMap*) 0xb790ba40
 Begin Bits: [0x43d00000, 0x45500000)
 End Bits:   [0x45500000, 0x46d00000)

Polling page: 0xb7f18000

CodeCache: size=245760Kb used=17177Kb max_used=17189Kb free=228582Kb
 bounds [0xa7ac3000, 0xa8b9b000, 0xb6ac3000]
 total_blobs=8147 nmethods=7873 adapters=186
 compilation: enabled

Compilation events (10 events):
Event: 24.147 Thread 0x46e36c00 nmethod 9093 0xa8b7d488 code [0xa8b7d580, 0xa8b7d620]
Event: 24.147 Thread 0x46e36c00 9094       1       sbt.internal.librarymanagement.ivyint.SbtChainResolver$CustomSbtResolution$::moduleResolvers (5 bytes)
Event: 24.148 Thread 0x46e36c00 nmethod 9094 0xa8b7d288 code [0xa8b7d380, 0xa8b7d420]
Event: 24.162 Thread 0x46e36c00 9097       1       org.apache.ivy.util.url.URLHandler$URLInfo::isReachable (5 bytes)
Event: 24.162 Thread 0x46e36c00 nmethod 9097 0xa8b7d088 code [0xa8b7d180, 0xa8b7d220]
Event: 24.162 Thread 0x46e36c00 9096       1       org.apache.ivy.core.cache.ParserSettingsMonitor::getMonitoredSettings (5 bytes)
Event: 24.162 Thread 0x46e36c00 nmethod 9096 0xa8b7ce88 code [0xa8b7cf80, 0xa8b7d020]
Event: 24.162 Thread 0x46e36c00 9095       1       org.apache.ivy.core.cache.CacheMetadataOptions::isValidate (5 bytes)
Event: 24.162 Thread 0x46e36c00 nmethod 9095 0xa8b7cc88 code [0xa8b7cd80, 0xa8b7ce20]
Event: 24.180 Thread 0x46e36c00 9103       2       com.sun.org.apache.xerces.internal.impl.XMLScanner::scanPseudoAttributeName (97 bytes)

GC Heap History (10 events):
Event: 17.296 GC heap after
Heap after GC invocations=20 (full 3):
 PSYoungGen      total 157440K, used 3200K [0x87600000, 0x93c40000, 0xa7600000)
  eden space 144384K, 0% used [0x87600000,0x87600000,0x90300000)
  from space 13056K, 24% used [0x90300000,0x90620000,0x90fc0000)
  to   space 12800K, 0% used [0x92fc0000,0x92fc0000,0x93c40000)
 ParOldGen       total 62720K, used 38372K [0x47600000, 0x4b340000, 0x87600000)
  object space 62720K, 61% used [0x47600000,0x49b790d0,0x4b340000)
 Metaspace       used 43786K, capacity 45820K, committed 45824K, reserved 46384K
}
Event: 21.434 GC heap before
{Heap before GC invocations=21 (full 3):
 PSYoungGen      total 157440K, used 128001K [0x87600000, 0x93c40000, 0xa7600000)
  eden space 144384K, 86% used [0x87600000,0x8efe0578,0x90300000)
  from space 13056K, 24% used [0x90300000,0x90620000,0x90fc0000)
  to   space 12800K, 0% used [0x92fc0000,0x92fc0000,0x93c40000)
 ParOldGen       total 62720K, used 38372K [0x47600000, 0x4b340000, 0x87600000)
  object space 62720K, 61% used [0x47600000,0x49b790d0,0x4b340000)
 Metaspace       used 47301K, capacity 49546K, committed 49664K, reserved 50480K
Event: 21.459 GC heap after
Heap after GC invocations=21 (full 3):
 PSYoungGen      total 190208K, used 7945K [0x87600000, 0x93c40000, 0xa7600000)
  eden space 177408K, 0% used [0x87600000,0x87600000,0x92340000)
  from space 12800K, 62% used [0x92fc0000,0x937824f8,0x93c40000)
  to   space 12800K, 0% used [0x92340000,0x92340000,0x92fc0000)
 ParOldGen       total 62720K, used 40484K [0x47600000, 0x4b340000, 0x87600000)
  object space 62720K, 64% used [0x47600000,0x49d89240,0x4b340000)
 Metaspace       used 47301K, capacity 49546K, committed 49664K, reserved 50480K
}
Event: 21.459 GC heap before
{Heap before GC invocations=22 (full 4):
 PSYoungGen      total 190208K, used 7945K [0x87600000, 0x93c40000, 0xa7600000)
  eden space 177408K, 0% used [0x87600000,0x87600000,0x92340000)
  from space 12800K, 62% used [0x92fc0000,0x937824f8,0x93c40000)
  to   space 12800K, 0% used [0x92340000,0x92340000,0x92fc0000)
 ParOldGen       total 62720K, used 40484K [0x47600000, 0x4b340000, 0x87600000)
  object space 62720K, 64% used [0x47600000,0x49d89240,0x4b340000)
 Metaspace       used 47301K, capacity 49546K, committed 49664K, reserved 50480K
Event: 21.673 GC heap after
Heap after GC invocations=22 (full 4):
 PSYoungGen      total 190208K, used 0K [0x87600000, 0x93c40000, 0xa7600000)
  eden space 177408K, 0% used [0x87600000,0x87600000,0x92340000)
  from space 12800K, 0% used [0x92fc0000,0x92fc0000,0x93c40000)
  to   space 12800K, 0% used [0x92340000,0x92340000,0x92fc0000)
 ParOldGen       total 62720K, used 36284K [0x47600000, 0x4b340000, 0x87600000)
  object space 62720K, 57% used [0x47600000,0x4996f0c8,0x4b340000)
 Metaspace       used 47295K, capacity 49538K, committed 49664K, reserved 50480K
}
Event: 21.679 GC heap before
{Heap before GC invocations=23 (full 4):
 PSYoungGen      total 190208K, used 2872K [0x87600000, 0x93c40000, 0xa7600000)
  eden space 177408K, 1% used [0x87600000,0x878ce168,0x92340000)
  from space 12800K, 0% used [0x92fc0000,0x92fc0000,0x93c40000)
  to   space 12800K, 0% used [0x92340000,0x92340000,0x92fc0000)
 ParOldGen       total 62720K, used 36284K [0x47600000, 0x4b340000, 0x87600000)
  object space 62720K, 57% used [0x47600000,0x4996f0c8,0x4b340000)
 Metaspace       used 47296K, capacity 49538K, committed 49664K, reserved 50480K
Event: 21.684 GC heap after
Heap after GC invocations=23 (full 4):
 PSYoungGen      total 190208K, used 32K [0x87600000, 0x93d40000, 0xa7600000)
  eden space 177408K, 0% used [0x87600000,0x87600000,0x92340000)
  from space 12800K, 0% used [0x92340000,0x92348000,0x92fc0000)
  to   space 13312K, 0% used [0x93040000,0x93040000,0x93d40000)
 ParOldGen       total 62720K, used 36284K [0x47600000, 0x4b340000, 0x87600000)
  object space 62720K, 57% used [0x47600000,0x4996f0c8,0x4b340000)
 Metaspace       used 47296K, capacity 49538K, committed 49664K, reserved 50480K
}
Event: 21.684 GC heap before
{Heap before GC invocations=24 (full 5):
 PSYoungGen      total 190208K, used 32K [0x87600000, 0x93d40000, 0xa7600000)
  eden space 177408K, 0% used [0x87600000,0x87600000,0x92340000)
  from space 12800K, 0% used [0x92340000,0x92348000,0x92fc0000)
  to   space 13312K, 0% used [0x93040000,0x93040000,0x93d40000)
 ParOldGen       total 62720K, used 36284K [0x47600000, 0x4b340000, 0x87600000)
  object space 62720K, 57% used [0x47600000,0x4996f0c8,0x4b340000)
 Metaspace       used 47296K, capacity 49538K, committed 49664K, reserved 50480K
Event: 21.879 GC heap after
Heap after GC invocations=24 (full 5):
 PSYoungGen      total 190208K, used 0K [0x87600000, 0x93d40000, 0xa7600000)
  eden space 177408K, 0% used [0x87600000,0x87600000,0x92340000)
  from space 12800K, 0% used [0x92340000,0x92340000,0x92fc0000)
  to   space 13312K, 0% used [0x93040000,0x93040000,0x93d40000)
 ParOldGen       total 62720K, used 33230K [0x47600000, 0x4b340000, 0x87600000)
  object space 62720K, 52% used [0x47600000,0x49673b60,0x4b340000)
 Metaspace       used 47296K, capacity 49538K, committed 49664K, reserved 50480K
}
Event: 24.180 GC heap before
{Heap before GC invocations=25 (full 5):
 PSYoungGen      total 190208K, used 177408K [0x87600000, 0x93d40000, 0xa7600000)
  eden space 177408K, 100% used [0x87600000,0x92340000,0x92340000)
  from space 12800K, 0% used [0x92340000,0x92340000,0x92fc0000)
  to   space 13312K, 0% used [0x93040000,0x93040000,0x93d40000)
 ParOldGen       total 62720K, used 33230K [0x47600000, 0x4b340000, 0x87600000)
  object space 62720K, 52% used [0x47600000,0x49673b60,0x4b340000)
 Metaspace       used 47488K, capacity 49729K, committed 49792K, reserved 50480K

Deoptimization events (10 events):
Event: 22.484 Thread 0x09b70c00 Uncommon trap: reason=unstable_if action=reinterpret pc=0xa8579280 method=sjsonnew.Unbuilder.readJ(Ljava/lang/Object;Lscala/Function1;)Ljava/lang/Object; @ 14
Event: 22.484 Thread 0x09b70c00 Uncommon trap: reason=class_check action=maybe_recompile pc=0xa7c0f9b4 method=sjsonnew.Builder.endObject()V @ 22
Event: 22.484 Thread 0x09b70c00 Uncommon trap: reason=class_check action=maybe_recompile pc=0xa7c0f9b4 method=sjsonnew.Builder.endObject()V @ 22
Event: 22.484 Thread 0x09b70c00 Uncommon trap: reason=class_check action=maybe_recompile pc=0xa7c0f9b4 method=sjsonnew.Builder.endObject()V @ 22
Event: 22.488 Thread 0x09b70c00 Uncommon trap: reason=unstable_if action=reinterpret pc=0xa7fff520 method=jawn.CharBasedParser.parseStringSimple(ILjawn/FContext;)I @ 90
Event: 22.491 Thread 0x09b70c00 Uncommon trap: reason=class_check action=maybe_recompile pc=0xa7f08478 method=java.lang.Throwable.<init>(Ljava/lang/String;Ljava/lang/Throwable;)V @ 24
Event: 22.493 Thread 0x09b70c00 Uncommon trap: reason=unstable_if action=reinterpret pc=0xa85a63a0 method=sjsonnew.support.scalajson.unsafe.JsonPrinter.firstToBeEncoded$1(ILjava/lang/String;)I @ 23
Event: 22.584 Thread 0x09b71800 Uncommon trap: reason=class_check action=maybe_recompile pc=0xa7c0f9b4 method=sjsonnew.Builder.endObject()V @ 22
Event: 22.917 Thread 0x09b71800 Uncommon trap: reason=class_check action=maybe_recompile pc=0xa85677d4 method=scala.collection.mutable.ArrayBuilder$.make(Lscala/reflect/ClassTag;)Lscala/collection/mutable/ArrayBuilder; @ 11
Event: 22.925 Thread 0x09b71800 Uncommon trap: reason=unstable_if action=reinterpret pc=0xa8a0d6c8 method=org.apache.ivy.core.module.descriptor.DefaultDependencyDescriptor.getDependencyConfigurations(Ljava/lang/String;Ljava/lang/String;)[Ljava/lang/String; @ 575

Classes redefined (0 events):
No events

Internal exceptions (10 events):
Event: 22.503 Thread 0x09b66400 Exception <a 'sun/nio/fs/UnixException'> (0x88e9ca58) thrown at [/HUDSON/workspace/8-2-build-linux-i586/jdk8u202/12319/hotspot/src/share/vm/prims/jni.cpp, line 710]
Event: 22.503 Thread 0x09b66400 Exception <a 'sun/nio/fs/UnixException'> (0x88e9d5f8) thrown at [/HUDSON/workspace/8-2-build-linux-i586/jdk8u202/12319/hotspot/src/share/vm/prims/jni.cpp, line 710]
Event: 22.503 Thread 0x09b66400 Exception <a 'sun/nio/fs/UnixException'> (0x88e9de68) thrown at [/HUDSON/workspace/8-2-build-linux-i586/jdk8u202/12319/hotspot/src/share/vm/prims/jni.cpp, line 710]
Event: 22.503 Thread 0x09b66400 Exception <a 'sun/nio/fs/UnixException'> (0x88e9ea40) thrown at [/HUDSON/workspace/8-2-build-linux-i586/jdk8u202/12319/hotspot/src/share/vm/prims/jni.cpp, line 710]
Event: 22.503 Thread 0x09b66400 Exception <a 'sun/nio/fs/UnixException'> (0x88e9f2b0) thrown at [/HUDSON/workspace/8-2-build-linux-i586/jdk8u202/12319/hotspot/src/share/vm/prims/jni.cpp, line 710]
Event: 22.504 Thread 0x09b71400 Exception <a 'sun/nio/fs/UnixException'> (0x88d42018) thrown at [/HUDSON/workspace/8-2-build-linux-i586/jdk8u202/12319/hotspot/src/share/vm/prims/jni.cpp, line 710]
Event: 22.504 Thread 0x09b71400 Exception <a 'sun/nio/fs/UnixException'> (0x88d428a0) thrown at [/HUDSON/workspace/8-2-build-linux-i586/jdk8u202/12319/hotspot/src/share/vm/prims/jni.cpp, line 710]
Event: 22.504 Thread 0x09b71400 Exception <a 'sun/nio/fs/UnixException'> (0x88d436f0) thrown at [/HUDSON/workspace/8-2-build-linux-i586/jdk8u202/12319/hotspot/src/share/vm/prims/jni.cpp, line 710]
Event: 22.504 Thread 0x09b71400 Exception <a 'sun/nio/fs/UnixException'> (0x88d43f60) thrown at [/HUDSON/workspace/8-2-build-linux-i586/jdk8u202/12319/hotspot/src/share/vm/prims/jni.cpp, line 710]
Event: 22.602 Thread 0x09b71800 Exception <a 'sun/nio/fs/UnixException'> (0x88e21108) thrown at [/HUDSON/workspace/8-2-build-linux-i586/jdk8u202/12319/hotspot/src/share/vm/prims/jni.cpp, line 710]

Events (10 events):
Event: 24.098 Thread 0x3ea07000 DEOPT UNPACKING pc=0xa7aff59a sp=0x3f0c0874 mode 0
Event: 24.112 Thread 0x3ea07000 DEOPT PACKING pc=0xa85d2070 sp=0x3f0c09a0
Event: 24.112 Thread 0x3ea07000 DEOPT UNPACKING pc=0xa7aff59a sp=0x3f0c0874 mode 0
Event: 24.126 Thread 0x09b71800 DEOPT PACKING pc=0xa7cd442f sp=0x3c494b80
Event: 24.126 Thread 0x09b71800 DEOPT UNPACKING pc=0xa7aff59a sp=0x3c494a50 mode 0
Event: 24.127 Thread 0x3ea07000 DEOPT PACKING pc=0xa85d2070 sp=0x3f0c09a0
Event: 24.127 Thread 0x3ea07000 DEOPT UNPACKING pc=0xa7aff59a sp=0x3f0c0874 mode 0
Event: 24.152 Thread 0x09b71800 DEOPT PACKING pc=0xa7cd442f sp=0x3c494b80
Event: 24.152 Thread 0x09b71800 DEOPT UNPACKING pc=0xa7aff59a sp=0x3c494a50 mode 0
Event: 24.180 Executing VM operation: ParallelGCFailedAllocation


Dynamic libraries:
08048000-08049000 r-xp 00000000 08:04 2109414    /usr/local/java/jdk1.8.0_202/bin/java
08049000-0804a000 r--p 00000000 08:04 2109414    /usr/local/java/jdk1.8.0_202/bin/java
0804a000-0804b000 rw-p 00001000 08:04 2109414    /usr/local/java/jdk1.8.0_202/bin/java
094bb000-09ed2000 rw-p 00000000 00:00 0          [heap]
3ac00000-3ac79000 rw-p 00000000 00:00 0 
3ac79000-3ad00000 ---p 00000000 00:00 0 
3ae00000-3ae60000 rw-p 00000000 00:00 0 
3ae60000-3af00000 ---p 00000000 00:00 0 
3af00000-3b100000 rw-p 00000000 00:00 0 
3b100000-3b300000 rw-p 00000000 00:00 0 
3b300000-3b400000 rw-p 00000000 00:00 0 
3b40d000-3b410000 ---p 00000000 00:00 0 
3b410000-3b55e000 rw-p 00000000 00:00 0 
3b55e000-3b561000 ---p 00000000 00:00 0 
3b561000-3b5af000 rw-p 00000000 00:00 0 
3b5af000-3b5b2000 ---p 00000000 00:00 0 
3b5b2000-3b600000 rw-p 00000000 00:00 0 
3b600000-3b6fc000 rw-p 00000000 00:00 0 
3b6fc000-3b700000 ---p 00000000 00:00 0 
3b71a000-3b81a000 rw-p 00000000 00:00 0 
3b81a000-3b91a000 rw-p 00000000 00:00 0 
3b91a000-3b91d000 ---p 00000000 00:00 0 
3b91d000-3b96b000 rw-p 00000000 00:00 0 
3b96b000-3b96e000 ---p 00000000 00:00 0 
3b96e000-3b9bc000 rw-p 00000000 00:00 0 
3b9bc000-3b9bf000 ---p 00000000 00:00 0 
3b9bf000-3ba0d000 rw-p 00000000 00:00 0 
3ba0d000-3ba10000 ---p 00000000 00:00 0 
3ba10000-3ba5e000 rw-p 00000000 00:00 0 
3ba5e000-3ba61000 ---p 00000000 00:00 0 
3ba61000-3baaf000 rw-p 00000000 00:00 0 
3baaf000-3bab2000 ---p 00000000 00:00 0 
3bab2000-3bb00000 rw-p 00000000 00:00 0 
3bb00000-3bbfe000 rw-p 00000000 00:00 0 
3bbfe000-3bc00000 ---p 00000000 00:00 0 
3bc00000-3bc4f000 rw-p 00000000 00:00 0 
3bc4f000-3bd00000 ---p 00000000 00:00 0 
3bd00000-3be00000 rw-p 00000000 00:00 0 
3be00000-3befe000 rw-p 00000000 00:00 0 
3befe000-3bf00000 ---p 00000000 00:00 0 
3bf2e000-3bf31000 ---p 00000000 00:00 0 
3bf31000-3c047000 rw-p 00000000 00:00 0 
3c047000-3c147000 rw-p 00000000 00:00 0 
3c147000-3c247000 rw-p 00000000 00:00 0 
3c247000-3c347000 rw-p 00000000 00:00 0 
3c347000-3c447000 rw-p 00000000 00:00 0 
3c447000-3c44a000 ---p 00000000 00:00 0 
3c44a000-3c498000 rw-p 00000000 00:00 0 
3c498000-3c49b000 ---p 00000000 00:00 0 
3c49b000-3c5e9000 rw-p 00000000 00:00 0 
3c5e9000-3c5ec000 ---p 00000000 00:00 0 
3c5ec000-3c73a000 rw-p 00000000 00:00 0 
3c73a000-3c73d000 ---p 00000000 00:00 0 
3c73d000-3c78b000 rw-p 00000000 00:00 0 
3c78b000-3c78e000 ---p 00000000 00:00 0 
3c78e000-3c8dc000 rw-p 00000000 00:00 0 
3c8dc000-3c9dc000 rw-p 00000000 00:00 0 
3c9dc000-3cadc000 rw-p 00000000 00:00 0 
3cadc000-3cbdc000 rw-p 00000000 00:00 0 
3cbdc000-3ccdc000 rw-p 00000000 00:00 0 
3ccdc000-3cddc000 rw-p 00000000 00:00 0 
3cddc000-3cedc000 rw-p 00000000 00:00 0 
3cedc000-3cf72000 r--s 01111000 08:04 2109744    /usr/local/java/jdk1.8.0_202/jre/lib/ext/jfxrt.jar
3cf72000-3d072000 rw-p 00000000 00:00 0 
3d072000-3d172000 rw-p 00000000 00:00 0 
3d172000-3d272000 rw-p 00000000 00:00 0 
3d272000-3d372000 rw-p 00000000 00:00 0 
3d372000-3d472000 rw-p 00000000 00:00 0 
3d472000-3d572000 rw-p 00000000 00:00 0 
3d572000-3d672000 rw-p 00000000 00:00 0 
3d672000-3d772000 rw-p 00000000 00:00 0 
3d772000-3d872000 rw-p 00000000 00:00 0 
3d887000-3d900000 r--s 010fd000 08:04 2108145    /usr/local/java/jdk1.8.0_202/lib/tools.jar
3d900000-3d9fa000 rw-p 00000000 00:00 0 
3d9fa000-3da00000 ---p 00000000 00:00 0 
3da00000-3dafb000 rw-p 00000000 00:00 0 
3dafb000-3db00000 ---p 00000000 00:00 0 
3db00000-3dcfa000 rw-p 00000000 00:00 0 
3dcfa000-3dd00000 ---p 00000000 00:00 0 
3dd00000-3de00000 rw-p 00000000 00:00 0 
3de00000-3defe000 rw-p 00000000 00:00 0 
3defe000-3df00000 ---p 00000000 00:00 0 
3df00000-3e000000 rw-p 00000000 00:00 0 
3e000000-3e0f9000 rw-p 00000000 00:00 0 
3e0f9000-3e100000 ---p 00000000 00:00 0 
3e100000-3e200000 rw-p 00000000 00:00 0 
3e200000-3e300000 rw-p 00000000 00:00 0 
3e300000-3e3fc000 rw-p 00000000 00:00 0 
3e3fc000-3e400000 ---p 00000000 00:00 0 
3e400000-3e500000 rw-p 00000000 00:00 0 
3e500000-3e600000 rw-p 00000000 00:00 0 
3e600000-3e700000 rw-p 00000000 00:00 0 
3e700000-3e7fa000 rw-p 00000000 00:00 0 
3e7fa000-3e800000 ---p 00000000 00:00 0 
3e800000-3e8f9000 rw-p 00000000 00:00 0 
3e8f9000-3e900000 ---p 00000000 00:00 0 
3e900000-3ea00000 rw-p 00000000 00:00 0 
3ea00000-3eaec000 rw-p 00000000 00:00 0 
3eaec000-3eb00000 ---p 00000000 00:00 0 
3eb00000-3ec00000 rw-p 00000000 00:00 0 
3ec00000-3ed00000 rw-p 00000000 00:00 0 
3ed00000-3ee00000 rw-p 00000000 00:00 0 
3ee00000-3ef00000 rw-p 00000000 00:00 0 
3ef00000-3effd000 rw-p 00000000 00:00 0 
3effd000-3f000000 ---p 00000000 00:00 0 
3f000000-3f017000 r-xp 00000000 08:04 1442504    /tmp/jna-96670/jna5355637700936782033.tmp (deleted)
3f017000-3f018000 rw-p 00016000 08:04 1442504    /tmp/jna-96670/jna5355637700936782033.tmp (deleted)
3f018000-3f022000 r--s 00116000 08:04 2109740    /usr/local/java/jdk1.8.0_202/jre/lib/ext/localedata.jar
3f022000-3f028000 r--s 0003f000 08:04 2109738    /usr/local/java/jdk1.8.0_202/jre/lib/ext/sunjce_provider.jar
3f028000-3f044000 r--s 00393000 08:04 2109736    /usr/local/java/jdk1.8.0_202/jre/lib/ext/cldrdata.jar
3f044000-3f046000 r--s 00009000 08:04 2109737    /usr/local/java/jdk1.8.0_202/jre/lib/ext/sunec.jar
3f046000-3f047000 r--s 0000a000 08:04 2109735    /usr/local/java/jdk1.8.0_202/jre/lib/ext/jaccess.jar
3f047000-3f04b000 r--s 0003a000 08:04 2109741    /usr/local/java/jdk1.8.0_202/jre/lib/ext/sunpkcs11.jar
3f04b000-3f04d000 r--s 00001000 08:04 2109743    /usr/local/java/jdk1.8.0_202/jre/lib/ext/dnsns.jar
3f04d000-3f052000 r--s 00084000 08:04 2109509    /usr/local/java/jdk1.8.0_202/jre/lib/jfr.jar
3f052000-3f057000 r--s 002f9000 08:04 2109733    /usr/local/java/jdk1.8.0_202/jre/lib/charsets.jar
3f057000-3f05a000 r--s 0001a000 08:04 2109724    /usr/local/java/jdk1.8.0_202/jre/lib/jce.jar
3f05a000-3f06d000 r--s 00345000 08:04 2109761    /usr/local/java/jdk1.8.0_202/jre/lib/resources.jar
3f06d000-3f071000 r--s 000a1000 08:04 2109771    /usr/local/java/jdk1.8.0_202/jre/lib/jsse.jar
3f071000-3f074000 ---p 00000000 00:00 0 
3f074000-3f0c2000 rw-p 00000000 00:00 0 
3f0c2000-3f0dd000 r--s 001d4000 08:04 2109745    /usr/local/java/jdk1.8.0_202/jre/lib/ext/nashorn.jar
3f0dd000-3f0e6000 r-xp 00000000 08:04 2109653    /usr/local/java/jdk1.8.0_202/jre/lib/i386/libmanagement.so
3f0e6000-3f0e7000 r--p 00008000 08:04 2109653    /usr/local/java/jdk1.8.0_202/jre/lib/i386/libmanagement.so
3f0e7000-3f0e8000 rw-p 00009000 08:04 2109653    /usr/local/java/jdk1.8.0_202/jre/lib/i386/libmanagement.so
3f0e8000-3f0ea000 r--s 00019000 08:04 1440605    /home/ali/.sbt/boot/scala-2.12.7/org.scala-sbt/sbt/1.2.8/task-system_2.12-1.2.8.jar
3f0ea000-3f100000 r--s 000e0000 08:04 1440602    /home/ali/.sbt/boot/scala-2.12.7/org.scala-sbt/sbt/1.2.8/caffeine-2.5.6.jar
3f100000-3f200000 rw-p 00000000 00:00 0 
3f200000-3f300000 rw-p 00000000 00:00 0 
3f300000-3f400000 rw-p 00000000 00:00 0 
3f400000-3f4fd000 rw-p 00000000 00:00 0 
3f4fd000-3f500000 ---p 00000000 00:00 0 
3f500000-3f5fe000 rw-p 00000000 00:00 0 
3f5fe000-3f600000 ---p 00000000 00:00 0 
3f600000-3f700000 rw-p 00000000 00:00 0 
3f700000-3f800000 rw-p 00000000 00:00 0 
3f800000-3f9ff000 rw-p 00000000 00:00 0 
3f9ff000-3fa00000 ---p 00000000 00:00 0 
3fa00000-3fc00000 rw-p 00000000 00:00 0 
3fc00000-3fe00000 rw-p 00000000 00:00 0 
3fe00000-40000000 rw-p 00000000 00:00 0 
40000000-400f9000 rw-p 00000000 00:00 0 
400f9000-40100000 ---p 00000000 00:00 0 
40100000-40200000 rw-p 00000000 00:00 0 
40200000-403fc000 rw-p 00000000 00:00 0 
403fc000-40400000 ---p 00000000 00:00 0 
40400000-40500000 rw-p 00000000 00:00 0 
40500000-405f9000 rw-p 00000000 00:00 0 
405f9000-40600000 ---p 00000000 00:00 0 
40600000-406fa000 rw-p 00000000 00:00 0 
406fa000-40700000 ---p 00000000 00:00 0 
40700000-407fd000 rw-p 00000000 00:00 0 
407fd000-40800000 ---p 00000000 00:00 0 
40800000-408fa000 rw-p 00000000 00:00 0 
408fa000-40900000 ---p 00000000 00:00 0 
40900000-40a00000 rw-p 00000000 00:00 0 
40a00000-40afe000 rw-p 00000000 00:00 0 
40afe000-40b00000 ---p 00000000 00:00 0 
40b00000-40b01000 r--s 00010000 08:04 2109739    /usr/local/java/jdk1.8.0_202/jre/lib/ext/zipfs.jar
40b01000-40b10000 r--s 0013d000 08:04 1440576    /home/ali/.sbt/boot/scala-2.12.7/org.scala-sbt/sbt/1.2.8/protobuf-java-3.3.1.jar
40b10000-40b11000 r--s 00003000 08:04 1440635    /home/ali/.sbt/boot/scala-2.12.7/org.scala-sbt/sbt/1.2.8/zinc-compile_2.12-1.2.5.jar
40b11000-40b13000 r--s 00012000 08:04 1440621    /home/ali/.sbt/boot/scala-2.12.7/org.scala-sbt/sbt/1.2.8/core-macros_2.12-1.2.8.jar
40b13000-40b14000 r--s 00000000 08:04 1440623    /home/ali/.sbt/boot/scala-2.12.7/org.scala-sbt/sbt/1.2.8/reactive-streams-1.0.0.jar
40b14000-40b18000 r--s 00049000 08:04 1440594    /home/ali/.sbt/boot/scala-2.12.7/org.scala-sbt/sbt/1.2.8/io_2.12-1.2.2.jar
40b18000-40b1b000 r--s 0003a000 08:04 1440585    /home/ali/.sbt/boot/scala-2.12.7/org.scala-sbt/sbt/1.2.8/util-logging_2.12-1.2.4.jar
40b1b000-40b1f000 r--s 00052000 08:04 1440629    /home/ali/.sbt/boot/scala-2.12.7/org.scala-sbt/sbt/1.2.8/zinc-core_2.12-1.2.5.jar
40b1f000-40b21000 r--s 0002f000 08:04 1440604    /home/ali/.sbt/boot/scala-2.12.7/org.scala-sbt/sbt/1.2.8/util-cache_2.12-1.2.4.jar
40b21000-40b23000 r--s 00024000 08:04 1440612    /home/ali/.sbt/boot/scala-2.12.7/org.scala-sbt/sbt/1.2.8/zinc-apiinfo_2.12-1.2.5.jar
40b23000-40b27000 r--s 00038000 08:04 1440581    /home/ali/.sbt/boot/scala-2.12.7/org.scala-sbt/sbt/1.2.8/ssl-config-core_2.12-0.2.2.jar
40b27000-40b29000 r--s 00004000 08:04 1440637    /home/ali/.sbt/boot/scala-2.12.7/org.scala-sbt/sbt/1.2.8/ipcsocket-1.0.0.jar
40b29000-40b2b000 r--s 00008000 08:04 1440601    /home/ali/.sbt/boot/scala-2.12.7/org.scala-sbt/sbt/1.2.8/sjson-new-scalajson_2.12-0.8.2.jar
40b2b000-40b4c000 r--s 00168000 08:04 1440588    /home/ali/.sbt/boot/scala-2.12.7/org.scala-sbt/sbt/1.2.8/log4j-core-2.11.1.jar
40b4c000-40b57000 r--s 001c3000 08:04 1440599    /home/ali/.sbt/boot/scala-2.12.7/org.scala-sbt/sbt/1.2.8/main_2.12-1.2.8.jar
40b57000-40b5b000 r--s 0004c000 08:04 1440587    /home/ali/.sbt/boot/scala-2.12.7/org.scala-sbt/sbt/1.2.8/collections_2.12-1.2.8.jar
40b5b000-40b5d000 r--s 0000e000 08:04 1440606    /home/ali/.sbt/boot/scala-2.12.7/org.scala-sbt/sbt/1.2.8/zinc_2.12-1.2.5.jar
40b5d000-40b5e000 r--s 0000b000 08:04 1440625    /home/ali/.sbt/boot/scala-2.12.7/org.scala-sbt/sbt/1.2.8/zinc-ivy-integration_2.12-1.2.5.jar
40b5e000-40b60000 r--s 0000e000 08:04 1440654    /home/ali/.sbt/boot/scala-2.12.7/org.scala-sbt/sbt/1.2.8/fastparse-utils_2.12-0.4.2.jar
40b60000-40b61000 r--s 00005000 08:04 1440609    /home/ali/.sbt/boot/scala-2.12.7/org.scala-sbt/sbt/1.2.8/log4j-slf4j-impl-2.11.1.jar
40b61000-40b62000 r--s 00009000 08:04 1440577    /home/ali/.sbt/boot/scala-2.12.7/org.scala-sbt/sbt/1.2.8/gigahorse-okhttp_2.12-0.3.0.jar
40b62000-40b64000 r--s 0000b000 08:04 1440589    /home/ali/.sbt/boot/scala-2.12.7/org.scala-sbt/sbt/1.2.8/logic_2.12-1.2.8.jar
40b64000-40b65000 r--s 00000000 08:04 1440614    /home/ali/.sbt/boot/scala-2.12.7/org.scala-sbt/sbt/1.2.8/template-resolver-0.1.jar
40b65000-40b7f000 r--s 0021e000 08:04 1440584    /home/ali/.sbt/boot/scala-2.12.7/org.scala-sbt/sbt/1.2.8/jna-platform-4.5.0.jar
40b7f000-40b80000 r--s 00005000 08:04 1440631    /home/ali/.sbt/boot/scala-2.12.7/org.scala-sbt/sbt/1.2.8/test-agent-1.2.8.jar
40b80000-40b82000 r--s 00007000 08:04 1440628    /home/ali/.sbt/boot/scala-2.12.7/org.scala-sbt/sbt/1.2.8/util-tracking_2.12-1.2.4.jar
40b82000-40b83000 r--s 00001000 08:04 1440613    /home/ali/.sbt/boot/scala-2.12.7/org.scala-sbt/sbt/1.2.8/sjson-new-murmurhash_2.12-0.8.2.jar
40b83000-40b86000 r--s 00044000 08:04 1440611    /home/ali/.sbt/boot/scala-2.12.7/org.scala-sbt/sbt/1.2.8/command_2.12-1.2.8.jar
40b86000-40b8a000 r--s 00047000 08:04 1440651    /home/ali/.sbt/boot/scala-2.12.7/org.scala-sbt/sbt/1.2.8/fastparse_2.12-0.4.2.jar
40b8a000-40b8c000 r--s 00007000 08:04 1440640    /home/ali/.sbt/boot/scala-2.12.7/org.scala-sbt/sbt/1.2.8/lenses_2.12-0.4.12.jar
40b8c000-40ba1000 r--s 00103000 08:04 1440618    /home/ali/.sbt/boot/scala-2.12.7/org.scala-sbt/sbt/1.2.8/ivy-2.3.0-sbt-cb9cc189e9f3af519f9f102e6c5d446488ff6832.jar
40ba1000-40ba3000 r--s 00012000 08:04 1440619    /home/ali/.sbt/boot/scala-2.12.7/org.scala-sbt/sbt/1.2.8/tasks_2.12-1.2.8.jar
40ba3000-40baa000 r--s 00091000 08:04 1440598    /home/ali/.sbt/boot/scala-2.12.7/org.scala-sbt/sbt/1.2.8/main-settings_2.12-1.2.8.jar
40baa000-40bac000 r--s 00019000 08:04 1440586    /home/ali/.sbt/boot/scala-2.12.7/org.scala-sbt/sbt/1.2.8/sourcecode_2.12-0.1.3.jar
40bac000-40baf000 r--s 00031000 08:04 1440575    /home/ali/.sbt/boot/scala-2.12.7/org.scala-sbt/sbt/1.2.8/compiler-bridge_2.12-1.2.5.jar
40baf000-40bb0000 r--s 00001000 08:04 1440593    /home/ali/.sbt/boot/scala-2.12.7/org.scala-sbt/sbt/1.2.8/scalacache-caffeine_2.12-0.20.0.jar
40bb0000-40bb4000 r--s 00013000 08:04 1440596    /home/ali/.sbt/boot/scala-2.12.7/org.scala-sbt/sbt/1.2.8/compiler-interface-1.2.5.jar
40bb4000-40bb7000 r--s 0003d000 08:04 1440595    /home/ali/.sbt/boot/scala-2.12.7/org.scala-sbt/sbt/1.2.8/completion_2.12-1.2.8.jar
40bb7000-40bbc000 r--s 00031000 08:04 1440645    /home/ali/.sbt/boot/scala-2.12.7/org.scala-sbt/sbt/1.2.8/config-1.2.0.jar
40bbc000-40bbd000 r--s 00007000 08:04 1440636    /home/ali/.sbt/boot/scala-2.12.7/org.scala-sbt/sbt/1.2.8/okhttp-urlconnection-3.7.0.jar
40bbd000-40bbe000 r--s 00006000 08:04 1440615    /home/ali/.sbt/boot/scala-2.12.7/org.scala-sbt/sbt/1.2.8/util-position_2.12-1.2.4.jar
40bbe000-40bc4000 r--s 00080000 08:04 1440578    /home/ali/.sbt/boot/scala-2.12.7/org.scala-sbt/sbt/1.2.8/scala-xml_2.12-1.0.6.jar
40bc4000-40bc6000 r--s 0000f000 08:04 1440590    /home/ali/.sbt/boot/scala-2.12.7/org.scala-sbt/sbt/1.2.8/util-scripted_2.12-1.2.4.jar
40bc6000-40bcb000 r--s 00040000 08:04 1440617    /home/ali/.sbt/boot/scala-2.12.7/org.scala-sbt/sbt/1.2.8/jsch-0.1.54.jar
40bcb000-40bcd000 r--s 0000f000 08:04 1440647    /home/ali/.sbt/boot/scala-2.12.7/org.scala-sbt/sbt/1.2.8/shaded-scalajson_2.12-1.0.0-M4.jar
40bcd000-40bd0000 r--s 0002e000 08:04 1440610    /home/ali/.sbt/boot/scala-2.12.7/org.scala-sbt/sbt/1.2.8/testing_2.12-1.2.8.jar
40bd0000-40bd1000 r--s 00002000 08:04 1440582    /home/ali/.sbt/boot/scala-2.12.7/org.scala-sbt/sbt/1.2.8/launcher-interface-1.0.4.jar
40bd1000-40bd6000 r--s 00063000 08:04 1440648    /home/ali/.sbt/boot/scala-2.12.7/org.scala-sbt/sbt/1.2.8/protocol_2.12-1.2.8.jar
40bd6000-40bd9000 r--s 0001c000 08:04 1440627    /home/ali/.sbt/boot/scala-2.12.7/org.scala-sbt/sbt/1.2.8/scalacache-core_2.12-0.20.0.jar
40bd9000-40bdf000 r--s 0003b000 08:04 1440638    /home/ali/.sbt/boot/scala-2.12.7/org.scala-sbt/sbt/1.2.8/log4j-api-2.11.1.jar
40bdf000-40be1000 r--s 00009000 08:04 1440649    /home/ali/.sbt/boot/scala-2.12.7/org.scala-sbt/sbt/1.2.8/slf4j-api-1.7.25.jar
40be1000-40be3000 r--s 00002000 08:04 1440643    /home/ali/.sbt/boot/scala-2.12.7/org.scala-sbt/sbt/1.2.8/test-interface-1.0.jar
40be3000-40be7000 r--s 00030000 08:04 1440620    /home/ali/.sbt/boot/scala-2.12.7/org.scala-sbt/sbt/1.2.8/scala-parser-combinators_2.12-1.0.5.jar
40be7000-40bf1000 r--s 000b6000 08:04 1440650    /home/ali/.sbt/boot/scala-2.12.7/org.scala-sbt/sbt/1.2.8/librarymanagement-core_2.12-1.2.4.jar
40bf1000-40bf5000 r--s 0015c000 08:04 1440633    /home/ali/.sbt/boot/scala-2.12.7/org.scala-sbt/sbt/1.2.8/jna-4.5.0.jar
40bf5000-40bf7000 r--s 00010000 08:04 1440600    /home/ali/.sbt/boot/scala-2.12.7/org.scala-sbt/sbt/1.2.8/scripted-sbt-redux_2.12-1.2.8.jar
40bf7000-40bf8000 r--s 00003000 08:04 1440579    /home/ali/.sbt/boot/scala-2.12.7/org.scala-sbt/sbt/1.2.8/util-relation_2.12-1.2.4.jar
40bf8000-40bfb000 r--s 00012000 08:04 1440641    /home/ali/.sbt/boot/scala-2.12.7/org.scala-sbt/sbt/1.2.8/disruptor-3.4.2.jar
40bfb000-40bfe000 r--s 00034000 08:04 1440624    /home/ali/.sbt/boot/scala-2.12.7/org.scala-sbt/sbt/1.2.8/zinc-compile-core_2.12-1.2.5.jar
40bfe000-40c00000 r--s 00002000 08:04 1440597    /home/ali/.sbt/boot/scala-2.12.7/org.scala-sbt/sbt/1.2.8/util-control_2.12-1.2.4.jar
40c00000-40cfd000 rw-p 00000000 00:00 0 
40cfd000-40d00000 ---p 00000000 00:00 0 
40d00000-40d06000 r--s 0005b000 08:04 1440622    /home/ali/.sbt/boot/scala-2.12.7/org.scala-sbt/sbt/1.2.8/okhttp-3.7.0.jar
40d06000-40d07000 r--s 00000000 08:04 1440642    /home/ali/.sbt/boot/scala-2.12.7/org.scala-sbt/sbt/1.2.8/scripted-plugin_2.12-1.2.8.jar
40d07000-40d0a000 r--s 00026000 08:04 1440644    /home/ali/.sbt/boot/scala-2.12.7/org.scala-sbt/sbt/1.2.8/gigahorse-core_2.12-0.3.0.jar
40d0a000-40d0b000 r--s 00005000 08:04 1440607    /home/ali/.sbt/boot/scala-2.12.7/org.scala-sbt/sbt/1.2.8/apple-file-events-1.3.2.jar
40d0b000-40d0c000 r--s 00011000 08:04 1440583    /home/ali/.sbt/boot/scala-2.12.7/org.scala-sbt/sbt/1.2.8/run_2.12-1.2.8.jar
40d0c000-40d0e000 r--s 00031000 08:04 1440646    /home/ali/.sbt/boot/scala-2.12.7/org.scala-sbt/sbt/1.2.8/actions_2.12-1.2.8.jar
40d0e000-40d31000 r--s 00350000 08:04 1440592    /home/ali/.sbt/boot/scala-2.12.7/org.scala-sbt/sbt/1.2.8/scala-reflect-2.12.7.jar
40d31000-40d33000 r--s 00011000 08:04 1440616    /home/ali/.sbt/boot/scala-2.12.7/org.scala-sbt/sbt/1.2.8/zinc-classpath_2.12-1.2.5.jar
40d33000-40d38000 r--s 00095000 08:04 1440591    /home/ali/.sbt/boot/scala-2.12.7/org.scala-sbt/sbt/1.2.8/librarymanagement-ivy_2.12-1.2.4.jar
40d38000-40d3b000 r--s 0002a000 08:04 1440630    /home/ali/.sbt/boot/scala-2.12.7/org.scala-sbt/sbt/1.2.8/sbinary_2.12-0.5.0.jar
40d3b000-40d41000 r--s 000bb000 08:04 1440652    /home/ali/.sbt/boot/scala-2.12.7/org.scala-sbt/sbt/1.2.8/sjson-new-core_2.12-0.8.2.jar
40d41000-40d4e000 r--s 001a6000 08:04 1440634    /home/ali/.sbt/boot/scala-2.12.7/org.scala-sbt/sbt/1.2.8/scalapb-runtime_2.12-0.6.0.jar
40d4e000-40d71000 r--s 00350000 08:04 1440657    /home/ali/.sbt/boot/scala-2.12.7/lib/scala-reflect.jar
40d71000-40dc0000 r--s 009b0000 08:04 1440658    /home/ali/.sbt/boot/scala-2.12.7/lib/scala-compiler.jar
40dc0000-40df7000 r--s 004d2000 08:04 1440659    /home/ali/.sbt/boot/scala-2.12.7/lib/scala-library.jar
40df7000-429f8000 rw-p 00000000 00:00 0 
429f8000-42a0e000 r-xp 00000000 08:04 2109718    /usr/local/java/jdk1.8.0_202/jre/lib/i386/libnet.so
42a0e000-42a0f000 r--p 00015000 08:04 2109718    /usr/local/java/jdk1.8.0_202/jre/lib/i386/libnet.so
42a0f000-42a10000 rw-p 00016000 08:04 2109718    /usr/local/java/jdk1.8.0_202/jre/lib/i386/libnet.so
42a10000-42a11000 ---p 00000000 00:00 0 
42a11000-42a91000 rw-p 00000000 00:00 0 
42a91000-42a94000 ---p 00000000 00:00 0 
42a94000-42ae2000 rw-p 00000000 00:00 0 
42ae2000-42ae5000 ---p 00000000 00:00 0 
42ae5000-42b63000 rw-p 00000000 00:00 0 
42b63000-42b66000 ---p 00000000 00:00 0 
42b66000-42be4000 rw-p 00000000 00:00 0 
42be4000-42be7000 ---p 00000000 00:00 0 
42be7000-42c35000 rw-p 00000000 00:00 0 
42c35000-42db7000 r--p 009be000 08:04 2103276    /usr/lib/locale/locale-archive
42db7000-42fb7000 r--p 00000000 08:04 2103276    /usr/lib/locale/locale-archive
42fb7000-42fba000 ---p 00000000 00:00 0 
42fba000-43008000 rw-p 00000000 00:00 0 
43008000-4300b000 ---p 00000000 00:00 0 
4300b000-43059000 rw-p 00000000 00:00 0 
43059000-4305a000 ---p 00000000 00:00 0 
4305a000-430da000 rw-p 00000000 00:00 0 
430da000-432b4000 r--s 03d6a000 08:04 2109767    /usr/local/java/jdk1.8.0_202/jre/lib/rt.jar
432b4000-436fa000 rw-p 00000000 00:00 0 
436fa000-43700000 ---p 00000000 00:00 0 
43700000-46d00000 rw-p 00000000 00:00 0 
46d00000-46e00000 rw-p 00000000 00:00 0 
46e00000-46efb000 rw-p 00000000 00:00 0 
46efb000-46f00000 ---p 00000000 00:00 0 
46f00000-47000000 rw-p 00000000 00:00 0 
47000000-47001000 r--s 0000f000 08:04 1440608    /home/ali/.sbt/boot/scala-2.12.7/org.scala-sbt/sbt/1.2.8/sbt-1.2.8.jar
47001000-47002000 r--s 0000c000 08:04 1440580    /home/ali/.sbt/boot/scala-2.12.7/org.scala-sbt/sbt/1.2.8/zinc-classfile_2.12-1.2.5.jar
47002000-47004000 r--s 00011000 08:04 1440603    /home/ali/.sbt/boot/scala-2.12.7/org.scala-sbt/sbt/1.2.8/jawn-parser_2.12-0.10.4.jar
47004000-47011000 r--s 001b1000 08:04 1440626    /home/ali/.sbt/boot/scala-2.12.7/org.scala-sbt/sbt/1.2.8/zinc-persist_2.12-1.2.5.jar
47011000-47015000 r--s 0003e000 08:04 1440632    /home/ali/.sbt/boot/scala-2.12.7/org.scala-sbt/sbt/1.2.8/jline-2.14.6.jar
47015000-47031000 r--s 0010e000 08:04 401899     /home/ali/.IntelliJIdea2018.2/config/plugins/Scala/launcher/sbt-launch.jar
47031000-4711e000 rw-p 00000000 00:00 0 
4711e000-472ff000 ---p 00000000 00:00 0 
472ff000-4731e000 rw-p 00000000 00:00 0 
4731e000-474ff000 ---p 00000000 00:00 0 
474ff000-47563000 rw-p 00000000 00:00 0 
47563000-475ff000 ---p 00000000 00:00 0 
475ff000-4b340000 rw-p 00000000 00:00 0 
4b340000-87600000 ---p 00000000 00:00 0 
87600000-93d40000 rw-p 00000000 00:00 0 
95f9c000-96140000 rw-p 00000000 00:00 0 
96140000-a7600000 ---p 00000000 00:00 0 
a7600000-a7601000 r--s 00000000 08:04 1440639    /home/ali/.sbt/boot/scala-2.12.7/org.scala-sbt/sbt/1.2.8/util-interface-1.2.4.jar
a7601000-a7602000 ---p 00000000 00:00 0 
a7602000-a7682000 rw-p 00000000 00:00 0 
a7682000-a7683000 ---p 00000000 00:00 0 
a7683000-a7747000 rw-p 00000000 00:00 0 
a7747000-a7ac3000 ---p 00000000 00:00 0 
a7ac3000-a8b9b000 rwxp 00000000 00:00 0 
a8b9b000-b6ac3000 ---p 00000000 00:00 0 
b6ac3000-b6ade000 r-xp 00000000 08:04 2109720    /usr/local/java/jdk1.8.0_202/jre/lib/i386/libzip.so
b6ade000-b6adf000 r--p 0001a000 08:04 2109720    /usr/local/java/jdk1.8.0_202/jre/lib/i386/libzip.so
b6adf000-b6ae0000 rw-p 0001b000 08:04 2109720    /usr/local/java/jdk1.8.0_202/jre/lib/i386/libzip.so
b6ae0000-b6aeb000 r-xp 00000000 08:04 2225871    /lib/i386-linux-gnu/libnss_files-2.23.so
b6aeb000-b6aec000 r--p 0000a000 08:04 2225871    /lib/i386-linux-gnu/libnss_files-2.23.so
b6aec000-b6aed000 rw-p 0000b000 08:04 2225871    /lib/i386-linux-gnu/libnss_files-2.23.so
b6aed000-b6af3000 rw-p 00000000 00:00 0 
b6af3000-b6afe000 r-xp 00000000 08:04 2225881    /lib/i386-linux-gnu/libnss_nis-2.23.so
b6afe000-b6aff000 r--p 0000a000 08:04 2225881    /lib/i386-linux-gnu/libnss_nis-2.23.so
b6aff000-b6b00000 rw-p 0000b000 08:04 2225881    /lib/i386-linux-gnu/libnss_nis-2.23.so
b6b00000-b6bfa000 rw-p 00000000 00:00 0 
b6bfa000-b6c00000 ---p 00000000 00:00 0 
b6c00000-b6c02000 r--s 00012000 08:04 1440653    /home/ali/.sbt/boot/scala-2.12.7/org.scala-sbt/sbt/1.2.8/okio-1.12.0.jar
b6c02000-b6c08000 r--s 00080000 08:04 1440656    /home/ali/.sbt/boot/scala-2.12.7/lib/scala-xml_2.12.jar
b6c08000-b6c1f000 r-xp 00000000 08:04 2225865    /lib/i386-linux-gnu/libnsl-2.23.so
b6c1f000-b6c20000 r--p 00016000 08:04 2225865    /lib/i386-linux-gnu/libnsl-2.23.so
b6c20000-b6c21000 rw-p 00017000 08:04 2225865    /lib/i386-linux-gnu/libnsl-2.23.so
b6c21000-b6c23000 rw-p 00000000 00:00 0 
b6c23000-b6c2b000 r-xp 00000000 08:04 2225867    /lib/i386-linux-gnu/libnss_compat-2.23.so
b6c2b000-b6c2c000 r--p 00007000 08:04 2225867    /lib/i386-linux-gnu/libnss_compat-2.23.so
b6c2c000-b6c2d000 rw-p 00008000 08:04 2225867    /lib/i386-linux-gnu/libnss_compat-2.23.so
b6c2d000-b6c31000 r--s 0003e000 08:04 1440660    /home/ali/.sbt/boot/scala-2.12.7/lib/jline.jar
b6c31000-b6c42000 r-xp 00000000 08:04 2109667    /usr/local/java/jdk1.8.0_202/jre/lib/i386/libnio.so
b6c42000-b6c43000 r--p 00010000 08:04 2109667    /usr/local/java/jdk1.8.0_202/jre/lib/i386/libnio.so
b6c43000-b6c44000 rw-p 00011000 08:04 2109667    /usr/local/java/jdk1.8.0_202/jre/lib/i386/libnio.so
b6c44000-b6c45000 r--p 00741000 08:04 2103276    /usr/lib/locale/locale-archive
b6c45000-b6c6c000 r-xp 00000000 08:04 2109714    /usr/local/java/jdk1.8.0_202/jre/lib/i386/libjava.so
b6c6c000-b6c6d000 r--p 00026000 08:04 2109714    /usr/local/java/jdk1.8.0_202/jre/lib/i386/libjava.so
b6c6d000-b6c6e000 rw-p 00027000 08:04 2109714    /usr/local/java/jdk1.8.0_202/jre/lib/i386/libjava.so
b6c6e000-b6c75000 r-xp 00000000 08:04 2225926    /lib/i386-linux-gnu/librt-2.23.so
b6c75000-b6c76000 r--p 00006000 08:04 2225926    /lib/i386-linux-gnu/librt-2.23.so
b6c76000-b6c77000 rw-p 00007000 08:04 2225926    /lib/i386-linux-gnu/librt-2.23.so
b6c77000-b6c7a000 ---p 00000000 00:00 0 
b6c7a000-b6cc8000 rw-p 00000000 00:00 0 
b6cc8000-b6d1b000 r-xp 00000000 08:04 2225844    /lib/i386-linux-gnu/libm-2.23.so
b6d1b000-b6d1c000 r--p 00052000 08:04 2225844    /lib/i386-linux-gnu/libm-2.23.so
b6d1c000-b6d1d000 rw-p 00053000 08:04 2225844    /lib/i386-linux-gnu/libm-2.23.so
b6d1d000-b7893000 r-xp 00000000 08:04 2109697    /usr/local/java/jdk1.8.0_202/jre/lib/i386/server/libjvm.so
b7893000-b7894000 ---p 00b76000 08:04 2109697    /usr/local/java/jdk1.8.0_202/jre/lib/i386/server/libjvm.so
b7894000-b78db000 r--p 00b76000 08:04 2109697    /usr/local/java/jdk1.8.0_202/jre/lib/i386/server/libjvm.so
b78db000-b78f8000 rw-p 00bbd000 08:04 2109697    /usr/local/java/jdk1.8.0_202/jre/lib/i386/server/libjvm.so
b78f8000-b7d1f000 rw-p 00000000 00:00 0 
b7d1f000-b7ecf000 r-xp 00000000 08:04 2225774    /lib/i386-linux-gnu/libc-2.23.so
b7ecf000-b7ed1000 r--p 001af000 08:04 2225774    /lib/i386-linux-gnu/libc-2.23.so
b7ed1000-b7ed2000 rw-p 001b1000 08:04 2225774    /lib/i386-linux-gnu/libc-2.23.so
b7ed2000-b7ed5000 rw-p 00000000 00:00 0 
b7ed5000-b7ed8000 r-xp 00000000 08:04 2225798    /lib/i386-linux-gnu/libdl-2.23.so
b7ed8000-b7ed9000 r--p 00002000 08:04 2225798    /lib/i386-linux-gnu/libdl-2.23.so
b7ed9000-b7eda000 rw-p 00003000 08:04 2225798    /lib/i386-linux-gnu/libdl-2.23.so
b7eda000-b7ef0000 r-xp 00000000 08:04 2108143    /usr/local/java/jdk1.8.0_202/lib/i386/jli/libjli.so
b7ef0000-b7ef1000 r--p 00015000 08:04 2108143    /usr/local/java/jdk1.8.0_202/lib/i386/jli/libjli.so
b7ef1000-b7ef2000 rw-p 00016000 08:04 2108143    /usr/local/java/jdk1.8.0_202/lib/i386/jli/libjli.so
b7ef2000-b7f0b000 r-xp 00000000 08:04 2225918    /lib/i386-linux-gnu/libpthread-2.23.so
b7f0b000-b7f0c000 r--p 00018000 08:04 2225918    /lib/i386-linux-gnu/libpthread-2.23.so
b7f0c000-b7f0d000 rw-p 00019000 08:04 2225918    /lib/i386-linux-gnu/libpthread-2.23.so
b7f0d000-b7f0f000 rw-p 00000000 00:00 0 
b7f0f000-b7f17000 rw-s 00000000 08:04 1442502    /tmp/hsperfdata_ali/5666
b7f17000-b7f18000 rw-p 00000000 00:00 0 
b7f18000-b7f19000 ---p 00000000 00:00 0 
b7f19000-b7f24000 r-xp 00000000 08:04 2109660    /usr/local/java/jdk1.8.0_202/jre/lib/i386/libverify.so
b7f24000-b7f25000 ---p 0000b000 08:04 2109660    /usr/local/java/jdk1.8.0_202/jre/lib/i386/libverify.so
b7f25000-b7f26000 r--p 0000b000 08:04 2109660    /usr/local/java/jdk1.8.0_202/jre/lib/i386/libverify.so
b7f26000-b7f27000 rw-p 0000c000 08:04 2109660    /usr/local/java/jdk1.8.0_202/jre/lib/i386/libverify.so
b7f27000-b7f28000 rw-p 00000000 00:00 0 
b7f28000-b7f2b000 r--p 00000000 00:00 0          [vvar]
b7f2b000-b7f2d000 r-xp 00000000 00:00 0          [vdso]
b7f2d000-b7f50000 r-xp 00000000 08:04 2225746    /lib/i386-linux-gnu/ld-2.23.so
b7f50000-b7f51000 r--p 00022000 08:04 2225746    /lib/i386-linux-gnu/ld-2.23.so
b7f51000-b7f52000 rw-p 00023000 08:04 2225746    /lib/i386-linux-gnu/ld-2.23.so
bff5d000-bff7e000 rw-p 00000000 00:00 0          [stack]

VM Arguments:
jvm_args: -Djline.terminal=jline.UnsupportedTerminal -Dsbt.log.noformat=true -Dfile.encoding=UTF-8 -Xmx1536M -Didea.managed=true -Dfile.encoding=UTF-8 
java_command: /home/ali/.IntelliJIdea2018.2/config/plugins/Scala/launcher/sbt-launch.jar
java_class_path (initial): /home/ali/.IntelliJIdea2018.2/config/plugins/Scala/launcher/sbt-launch.jar
Launcher Type: SUN_STANDARD

Environment Variables:
JAVA_HOME=/usr/local/java/jdk1.8.0_202
PATH=/home/ali/bin:/home/ali/.local/bin:/usr/local/sbin:/usr/local/bin:/usr/sbin:/usr/bin:/sbin:/bin:/usr/games:/usr/local/games:/snap/bin:/home/ali/bin:/usr/local/java/jdk1.8.0_202/bin
SHELL=/bin/bash
DISPLAY=:0

Signal Handlers:
SIGSEGV: [libjvm.so+0x940630], sa_mask[0]=11111111011111111101111111111110, sa_flags=SA_RESTART|SA_SIGINFO
SIGBUS: [libjvm.so+0x940630], sa_mask[0]=11111111011111111101111111111110, sa_flags=SA_RESTART|SA_SIGINFO
SIGFPE: [libjvm.so+0x796990], sa_mask[0]=11111111011111111101111111111110, sa_flags=SA_RESTART|SA_SIGINFO
SIGPIPE: [libjvm.so+0x796990], sa_mask[0]=11111111011111111101111111111110, sa_flags=SA_RESTART|SA_SIGINFO
SIGXFSZ: [libjvm.so+0x796990], sa_mask[0]=11111111011111111101111111111110, sa_flags=SA_RESTART|SA_SIGINFO
SIGILL: [libjvm.so+0x796990], sa_mask[0]=11111111011111111101111111111110, sa_flags=SA_RESTART|SA_SIGINFO
SIGUSR1: SIG_DFL, sa_mask[0]=00000000000000000000000000000000, sa_flags=none
SIGUSR2: [libjvm.so+0x796800], sa_mask[0]=00100000000000000000000000000000, sa_flags=SA_RESTART|SA_SIGINFO
SIGHUP: [libjvm.so+0x796ec0], sa_mask[0]=11111111011111111101111111111110, sa_flags=SA_RESTART|SA_SIGINFO
SIGINT: [libjvm.so+0x796ec0], sa_mask[0]=11111111011111111101111111111110, sa_flags=SA_RESTART|SA_SIGINFO
SIGTERM: [libjvm.so+0x796ec0], sa_mask[0]=11111111011111111101111111111110, sa_flags=SA_RESTART|SA_SIGINFO
SIGQUIT: [libjvm.so+0x796ec0], sa_mask[0]=11111111011111111101111111111110, sa_flags=SA_RESTART|SA_SIGINFO


---------------  S Y S T E M  ---------------

OS:DISTRIB_ID=Ubuntu
DISTRIB_RELEASE=16.04
DISTRIB_CODENAME=xenial
DISTRIB_DESCRIPTION="Ubuntu 16.04.5 LTS"

uname:Linux 4.15.0-29-generic #31~16.04.1-Ubuntu SMP Wed Jul 18 10:19:08 UTC 2018 i686
libc:glibc 2.23 NPTL 2.23 
rlimit: STACK 8192k, CORE 0k, NPROC 15694, NOFILE 1048576, AS infinity
load average:2.81 1.87 1.61

/proc/meminfo:
MemTotal:        2059940 kB
MemFree:          117040 kB
MemAvailable:       2792 kB
Buffers:            2428 kB
Cached:            39292 kB
SwapCached:            0 kB
Active:          1835904 kB
Inactive:          23920 kB
Active(anon):    1819420 kB
Inactive(anon):    14684 kB
Active(file):      16484 kB
Inactive(file):     9236 kB
Unevictable:          48 kB
Mlocked:              48 kB
HighTotal:       1187400 kB
HighFree:          18576 kB
LowTotal:         872540 kB
LowFree:           98464 kB
SwapTotal:             0 kB
SwapFree:              0 kB
Dirty:               852 kB
Writeback:             0 kB
AnonPages:       1818296 kB
Mapped:            27124 kB
Shmem:             15856 kB
Slab:              37192 kB
SReclaimable:      17928 kB
SUnreclaim:        19264 kB
KernelStack:        4176 kB
PageTables:        12136 kB
NFS_Unstable:          0 kB
Bounce:                0 kB
WritebackTmp:          0 kB
CommitLimit:     1029968 kB
Committed_AS:    4870644 kB
VmallocTotal:     122880 kB
VmallocUsed:           0 kB
VmallocChunk:          0 kB
AnonHugePages:         0 kB
ShmemHugePages:        0 kB
ShmemPmdMapped:        0 kB
CmaTotal:              0 kB
CmaFree:               0 kB
HugePages_Total:       0
HugePages_Free:        0
HugePages_Rsvd:        0
HugePages_Surp:        0
Hugepagesize:       2048 kB
DirectMap4k:       24568 kB
DirectMap2M:      884736 kB

container (cgroup) information:
container_type: cgroupv1
cpu_cpuset_cpus: 0-1
cpu_memory_nodes: 0
active_processor_count: 2
cpu_quota: -1
cpu_period: 100000
cpu_shares: -1
memory_limit_in_bytes: -1
memory_and_swap_limit_in_bytes: -2
memory_soft_limit_in_bytes: -1
memory_usage_in_bytes: 1904640000
memory_max_usage_in_bytes: 4128768


CPU:total 2 (initial active 2) (2 cores per cpu, 1 threads per core) family 16 model 6 stepping 2, cmov, cx8, fxsr, mmx, sse, sse2, sse3, popcnt, mmxext, 3dnowpref, lzcnt, sse4a, tsc, tscinvbit, tscinv

/proc/cpuinfo:
processor	: 0
vendor_id	: AuthenticAMD
cpu family	: 16
model		: 6
model name	: AMD Athlon(tm) II X2 245 Processor
stepping	: 2
microcode	: 0x100009f
cpu MHz		: 800.000
cache size	: 1024 KB
physical id	: 0
siblings	: 2
core id		: 0
cpu cores	: 2
apicid		: 0
initial apicid	: 0
fdiv_bug	: no
f00f_bug	: no
coma_bug	: no
fpu		: yes
fpu_exception	: yes
cpuid level	: 5
wp		: yes
flags		: fpu vme de pse tsc msr pae mce cx8 apic sep mtrr pge mca cmov pat pse36 clflush mmx fxsr sse sse2 ht syscall nx mmxext fxsr_opt pdpe1gb rdtscp lm 3dnowext 3dnow constant_tsc rep_good nonstop_tsc cpuid extd_apicid pni monitor cx16 popcnt lahf_lm cmp_legacy svm extapic cr8_legacy abm sse4a misalignsse 3dnowprefetch osvw ibs skinit wdt hw_pstate vmmcall npt lbrv svm_lock nrip_save
bugs		: tlb_mmatch fxsave_leak sysret_ss_attrs amd_e400 spectre_v1 spectre_v2
bogomips	: 5800.09
clflush size	: 64
cache_alignment	: 64
address sizes	: 48 bits physical, 48 bits virtual
power management: ts ttp tm stc 100mhzsteps hwpstate

processor	: 1
vendor_id	: AuthenticAMD
cpu family	: 16
model		: 6
model name	: AMD Athlon(tm) II X2 245 Processor
stepping	: 2
microcode	: 0x100009f
cpu MHz		: 800.000
cache size	: 1024 KB
physical id	: 0
siblings	: 2
core id		: 1
cpu cores	: 2
apicid		: 1
initial apicid	: 1
fdiv_bug	: no
f00f_bug	: no
coma_bug	: no
fpu		: yes
fpu_exception	: yes
cpuid level	: 5
wp		: yes
flags		: fpu vme de pse tsc msr pae mce cx8 apic sep mtrr pge mca cmov pat pse36 clflush mmx fxsr sse sse2 ht syscall nx mmxext fxsr_opt pdpe1gb rdtscp lm 3dnowext 3dnow constant_tsc rep_good nonstop_tsc cpuid extd_apicid pni monitor cx16 popcnt lahf_lm cmp_legacy svm extapic cr8_legacy abm sse4a misalignsse 3dnowprefetch osvw ibs skinit wdt hw_pstate vmmcall npt lbrv svm_lock nrip_save
bugs		: tlb_mmatch fxsave_leak sysret_ss_attrs amd_e400 spectre_v1 spectre_v2
bogomips	: 5800.09
clflush size	: 64
cache_alignment	: 64
address sizes	: 48 bits physical, 48 bits virtual
power management: ts ttp tm stc 100mhzsteps hwpstate



Memory: 4k page, physical 2059940k(117040k free), swap 0k(0k free)

vm_info: Java HotSpot(TM) Server VM (25.202-b08) for linux-x86 JRE (1.8.0_202-b08), built on Dec 15 2018 11:54:58 by "java_re" with gcc 7.3.0

time: Thu Mar  7 16:32:27 2019
timezone: +0330
elapsed time: 24 seconds (0d 0h 0m 24s)

