#
# There is insufficient memory for the Java Runtime Environment to continue.
# Native memory allocation (mmap) failed to map 14417920 bytes for committing reserved memory.
# Possible reasons:
#   The system is out of physical RAM or swap space
#   In 32 bit mode, the process size limit was hit
# Possible solutions:
#   Reduce memory load on the system
#   Increase physical memory or swap space
#   Check if swap backing store is full
#   Use 64 bit Java on a 64 bit OS
#   Decrease Java heap size (-Xmx/-Xms)
#   Decrease number of Java threads
#   Decrease Java thread stack sizes (-Xss)
#   Set larger code cache with -XX:ReservedCodeCacheSize=
# This output file may be truncated or incomplete.
#
#  Out of Memory Error (os_linux.cpp:2749), pid=5205, tid=0x470afb40
#
# JRE version: Java(TM) SE Runtime Environment (8.0_202-b08) (build 1.8.0_202-b08)
# Java VM: Java HotSpot(TM) Server VM (25.202-b08 mixed mode linux-x86 )
# Failed to write core dump. Core dumps have been disabled. To enable core dumping, try "ulimit -c unlimited" before starting Java again
#

---------------  T H R E A D  ---------------

Current thread (0x46e10400):  VMThread [stack: 0x4702f000,0x470b0000] [id=5213]

Stack: [0x4702f000,0x470b0000],  sp=0x470aeab0,  free space=510k
Native frames: (J=compiled Java code, j=interpreted, Vv=VM code, C=native code)
V  [libjvm.so+0x93fcf8]  VMError::report_and_die()+0x2c8
V  [libjvm.so+0x3b3a15]  report_vm_out_of_memory(char const*, int, unsigned int, VMErrorType, char const*)+0x55
V  [libjvm.so+0x79b8ce]  os::pd_commit_memory(char*, unsigned int, unsigned int, bool)+0xee
V  [libjvm.so+0x7928eb]  os::commit_memory(char*, unsigned int, unsigned int, bool)+0x2b
V  [libjvm.so+0x80fab0]  PSVirtualSpace::expand_by(unsigned int)+0x50
V  [libjvm.so+0x810b2a]  PSYoungGen::resize(unsigned int, unsigned int)+0xca
V  [libjvm.so+0x80d7a7]  PSScavenge::invoke_no_policy()+0xdb7
V  [libjvm.so+0x80e023]  PSScavenge::invoke()+0x33
V  [libjvm.so+0x7c4977]  ParallelScavengeHeap::failed_mem_allocate(unsigned int)+0x57
V  [libjvm.so+0x941702]  VM_ParallelGCFailedAllocation::doit()+0x92
V  [libjvm.so+0x947286]  VM_Operation::evaluate()+0x46
V  [libjvm.so+0x945694]  VMThread::evaluate_operation(VM_Operation*) [clone .constprop.38]+0x94
V  [libjvm.so+0x945d25]  VMThread::loop()+0x3e5
V  [libjvm.so+0x946125]  VMThread::run()+0x85
V  [libjvm.so+0x798bac]  java_start(Thread*)+0x10c
C  [libpthread.so.0+0x6295]  start_thread+0xe5

VM_Operation (0xb6d56fdc): ParallelGCFailedAllocation, mode: safepoint, requested by thread 0xb6c08400


---------------  P R O C E S S  ---------------

Java Threads: ( => current thread )
  0x3be12000 JavaThread "process reaper" daemon [_thread_blocked, id=5262, stack(0x3e600000,0x3e619000)]
  0x3c27b000 JavaThread "pool-4-thread-6" [_thread_blocked, id=5260, stack(0x3bb6b000,0x3bbbc000)]
  0x3c279c00 JavaThread "pool-4-thread-5" [_thread_blocked, id=5259, stack(0x3bbbc000,0x3bc0d000)]
  0x3c278400 JavaThread "pool-4-thread-4" [_thread_blocked, id=5258, stack(0x3bc0d000,0x3bc5e000)]
  0x3c277000 JavaThread "pool-4-thread-3" [_thread_blocked, id=5257, stack(0x3bc5e000,0x3bcaf000)]
  0x3c269000 JavaThread "pool-4-thread-2" [_thread_blocked, id=5256, stack(0x3bcaf000,0x3bd00000)]
  0x3c25b400 JavaThread "pool-4-thread-1" [_thread_blocked, id=5255, stack(0x3c347000,0x3c398000)]
  0x3fbb5000 JavaThread "Log4j2-TF-1-AsyncLogger[AsyncContext@149dace]-1" daemon [_thread_blocked, id=5226, stack(0x40604000,0x40655000)]
  0x46e39c00 JavaThread "Service Thread" daemon [_thread_blocked, id=5223, stack(0x42b12000,0x42b63000)]
  0x46e36c00 JavaThread "C1 CompilerThread1" daemon [_thread_blocked, id=5222, stack(0x42b63000,0x42be4000)]
  0x46e34c00 JavaThread "C2 CompilerThread0" daemon [_thread_blocked, id=5221, stack(0x42be4000,0x42c65000)]
  0x46e33400 JavaThread "Signal Dispatcher" daemon [_thread_blocked, id=5220, stack(0x42c65000,0x42cb6000)]
  0x46e17800 JavaThread "Finalizer" daemon [_thread_blocked, id=5215, stack(0x43038000,0x43089000)]
  0x46e15c00 JavaThread "Reference Handler" daemon [_thread_blocked, id=5214, stack(0x43089000,0x430da000)]
  0xb6c08400 JavaThread "main" [_thread_blocked, id=5208, stack(0xb6d09000,0xb6d5a000)]

Other Threads:
=>0x46e10400 VMThread [stack: 0x4702f000,0x470b0000] [id=5213]
  0x46e3bc00 WatcherThread [stack: 0x42a91000,0x42b12000] [id=5224]

VM state:at safepoint (normal execution)

VM Mutex/Monitor currently owned by a thread:  ([mutex/lock_event])
[0xb6c059c0] Threads_lock - owner thread: 0x46e10400
[0xb6c05dd0] Heap_lock - owner thread: 0xb6c08400

Heap:
 PSYoungGen      total 149504K, used 13815K [0x87600000, 0x92c40000, 0xa7600000)
  eden space 135680K, 0% used [0x87600000,0x87600000,0x8fa80000)
  from space 13824K, 99% used [0x91ec0000,0x92c3dd58,0x92c40000)
  to   space 13312K, 0% used [0x8fa80000,0x8fa80000,0x90780000)
 ParOldGen       total 68864K, used 48200K [0x47600000, 0x4b940000, 0x87600000)
  object space 68864K, 69% used [0x47600000,0x4a512338,0x4b940000)
 Metaspace       used 52668K, capacity 55311K, committed 55424K, reserved 55600K

Card table byte_map: [0x472ff000,0x47600000] byte_map_base: 0x470c4000

Marking Bits: (ParMarkBitMap*) 0xb799da40
 Begin Bits: [0x43d00000, 0x45500000)
 End Bits:   [0x45500000, 0x46d00000)

Polling page: 0xb7faa000

CodeCache: size=245760Kb used=23128Kb max_used=23141Kb free=222631Kb
 bounds [0xa7b5d000, 0xa9205000, 0xb6b5d000]
 total_blobs=10473 nmethods=10196 adapters=188
 compilation: enabled

Compilation events (10 events):
Event: 79.215 Thread 0x46e34c00 nmethod 11575 0xa8fa9008 code [0xa8fa9100, 0xa8fa9150]
Event: 79.215 Thread 0x46e34c00 11507       4       scala.reflect.internal.SymbolTable::undetBaseTypeSeq (22 bytes)
Event: 79.215 Thread 0x46e34c00 nmethod 11507 0xa91d7508 code [0xa91d7600, 0xa91d767c]
Event: 79.215 Thread 0x46e34c00 11452       4       scala.reflect.internal.Symbols$TypeSymbol::name (5 bytes)
Event: 79.216 Thread 0x46e34c00 nmethod 11452 0xa8fde9c8 code [0xa8fdeac0, 0xa8fdeb10]
Event: 79.216 Thread 0x46e34c00 11633       4       scala.collection.mutable.HashTable$HashUtils::elemHashCode$ (6 bytes)
Event: 79.724 Thread 0x46e34c00 nmethod 11633 0xa85e0108 code [0xa85e0240, 0xa85e03d0]
Event: 80.102 Thread 0x46e34c00 11465       4       scala.collection.mutable.AbstractBuffer::<init> (25 bytes)
Event: 82.122 Thread 0x46e36c00 11664       3       sbt.compiler.Eval::$anonfun$evalCommon$4$adapted (9 bytes)
Event: 82.159 Thread 0x46e36c00 nmethod 11664 0xa91d7148 code [0xa91d7260, 0xa91d740c]

GC Heap History (10 events):
Event: 54.843 GC heap after
Heap after GC invocations=34 (full 5):
 PSYoungGen      total 117504K, used 5489K [0x87600000, 0x90280000, 0xa7600000)
  eden space 104192K, 0% used [0x87600000,0x87600000,0x8dbc0000)
  from space 13312K, 41% used [0x8dbc0000,0x8e11c478,0x8e8c0000)
  to   space 12544K, 0% used [0x8f640000,0x8f640000,0x90280000)
 ParOldGen       total 68864K, used 33137K [0x47600000, 0x4b940000, 0x87600000)
  object space 68864K, 48% used [0x47600000,0x4965c768,0x4b940000)
 Metaspace       used 47486K, capacity 49709K, committed 49792K, reserved 50480K
}
Event: 56.078 GC heap before
{Heap before GC invocations=35 (full 5):
 PSYoungGen      total 117504K, used 109681K [0x87600000, 0x90280000, 0xa7600000)
  eden space 104192K, 100% used [0x87600000,0x8dbc0000,0x8dbc0000)
  from space 13312K, 41% used [0x8dbc0000,0x8e11c478,0x8e8c0000)
  to   space 12544K, 0% used [0x8f640000,0x8f640000,0x90280000)
 ParOldGen       total 68864K, used 33137K [0x47600000, 0x4b940000, 0x87600000)
  object space 68864K, 48% used [0x47600000,0x4965c768,0x4b940000)
 Metaspace       used 47549K, capacity 49775K, committed 49792K, reserved 50480K
Event: 56.108 GC heap after
Heap after GC invocations=35 (full 5):
 PSYoungGen      total 131072K, used 7759K [0x87600000, 0x902c0000, 0xa7600000)
  eden space 118528K, 0% used [0x87600000,0x87600000,0x8e9c0000)
  from space 12544K, 61% used [0x8f640000,0x8fdd3f58,0x90280000)
  to   space 12800K, 0% used [0x8e9c0000,0x8e9c0000,0x8f640000)
 ParOldGen       total 68864K, used 33141K [0x47600000, 0x4b940000, 0x87600000)
  object space 68864K, 48% used [0x47600000,0x4965d768,0x4b940000)
 Metaspace       used 47549K, capacity 49775K, committed 49792K, reserved 50480K
}
Event: 57.036 GC heap before
{Heap before GC invocations=36 (full 5):
 PSYoungGen      total 131072K, used 126287K [0x87600000, 0x902c0000, 0xa7600000)
  eden space 118528K, 100% used [0x87600000,0x8e9c0000,0x8e9c0000)
  from space 12544K, 61% used [0x8f640000,0x8fdd3f58,0x90280000)
  to   space 12800K, 0% used [0x8e9c0000,0x8e9c0000,0x8f640000)
 ParOldGen       total 68864K, used 33141K [0x47600000, 0x4b940000, 0x87600000)
  object space 68864K, 48% used [0x47600000,0x4965d768,0x4b940000)
 Metaspace       used 47558K, capacity 49807K, committed 49920K, reserved 50480K
Event: 57.079 GC heap after
Heap after GC invocations=36 (full 5):
 PSYoungGen      total 131328K, used 8953K [0x87600000, 0x91480000, 0xa7600000)
  eden space 118528K, 0% used [0x87600000,0x87600000,0x8e9c0000)
  from space 12800K, 69% used [0x8e9c0000,0x8f27e6a0,0x8f640000)
  to   space 13312K, 0% used [0x90780000,0x90780000,0x91480000)
 ParOldGen       total 68864K, used 33145K [0x47600000, 0x4b940000, 0x87600000)
  object space 68864K, 48% used [0x47600000,0x4965e768,0x4b940000)
 Metaspace       used 47558K, capacity 49807K, committed 49920K, reserved 50480K
}
Event: 57.737 GC heap before
{Heap before GC invocations=37 (full 5):
 PSYoungGen      total 131328K, used 127481K [0x87600000, 0x91480000, 0xa7600000)
  eden space 118528K, 100% used [0x87600000,0x8e9c0000,0x8e9c0000)
  from space 12800K, 69% used [0x8e9c0000,0x8f27e6a0,0x8f640000)
  to   space 13312K, 0% used [0x90780000,0x90780000,0x91480000)
 ParOldGen       total 68864K, used 33145K [0x47600000, 0x4b940000, 0x87600000)
  object space 68864K, 48% used [0x47600000,0x4965e768,0x4b940000)
 Metaspace       used 47558K, capacity 49807K, committed 49920K, reserved 50480K
Event: 57.807 GC heap after
Heap after GC invocations=37 (full 5):
 PSYoungGen      total 148992K, used 8631K [0x87600000, 0x91800000, 0xa7600000)
  eden space 135680K, 0% used [0x87600000,0x87600000,0x8fa80000)
  from space 13312K, 64% used [0x90780000,0x90fedef8,0x91480000)
  to   space 13312K, 0% used [0x8fa80000,0x8fa80000,0x90780000)
 ParOldGen       total 68864K, used 33145K [0x47600000, 0x4b940000, 0x87600000)
  object space 68864K, 48% used [0x47600000,0x4965e768,0x4b940000)
 Metaspace       used 47558K, capacity 49807K, committed 49920K, reserved 50480K
}
Event: 58.546 GC heap before
{Heap before GC invocations=38 (full 5):
 PSYoungGen      total 148992K, used 144311K [0x87600000, 0x91800000, 0xa7600000)
  eden space 135680K, 100% used [0x87600000,0x8fa80000,0x8fa80000)
  from space 13312K, 64% used [0x90780000,0x90fedef8,0x91480000)
  to   space 13312K, 0% used [0x8fa80000,0x8fa80000,0x90780000)
 ParOldGen       total 68864K, used 33145K [0x47600000, 0x4b940000, 0x87600000)
  object space 68864K, 48% used [0x47600000,0x4965e768,0x4b940000)
 Metaspace       used 47574K, capacity 49813K, committed 49920K, reserved 50480K
Event: 58.579 GC heap after
Heap after GC invocations=38 (full 5):
 PSYoungGen      total 148992K, used 9217K [0x87600000, 0x92c40000, 0xa7600000)
  eden space 135680K, 0% used [0x87600000,0x87600000,0x8fa80000)
  from space 13312K, 69% used [0x8fa80000,0x90380530,0x90780000)
  to   space 13824K, 0% used [0x91ec0000,0x91ec0000,0x92c40000)
 ParOldGen       total 68864K, used 33145K [0x47600000, 0x4b940000, 0x87600000)
  object space 68864K, 48% used [0x47600000,0x4965e768,0x4b940000)
 Metaspace       used 47574K, capacity 49813K, committed 49920K, reserved 50480K
}
Event: 82.260 GC heap before
{Heap before GC invocations=39 (full 5):
 PSYoungGen      total 148992K, used 144897K [0x87600000, 0x92c40000, 0xa7600000)
  eden space 135680K, 100% used [0x87600000,0x8fa80000,0x8fa80000)
  from space 13312K, 69% used [0x8fa80000,0x90380530,0x90780000)
  to   space 13824K, 0% used [0x91ec0000,0x91ec0000,0x92c40000)
 ParOldGen       total 68864K, used 33145K [0x47600000, 0x4b940000, 0x87600000)
  object space 68864K, 48% used [0x47600000,0x4965e768,0x4b940000)
 Metaspace       used 52668K, capacity 55311K, committed 55424K, reserved 55600K

Deoptimization events (10 events):
Event: 77.434 Thread 0xb6c08400 Uncommon trap: reason=class_check action=maybe_recompile pc=0xa8f8997c method=scala.reflect.internal.tpe.TypeMaps$TypeMap.mapOver(Lscala/reflect/internal/Types$Type;)Lscala/reflect/internal/Types$Type; @ 614
Event: 77.453 Thread 0xb6c08400 Uncommon trap: reason=class_check action=maybe_recompile pc=0xa8f8a8cc method=scala.reflect.internal.tpe.TypeMaps$TypeMap.mapOver(Lscala/reflect/internal/Types$Type;)Lscala/reflect/internal/Types$Type; @ 1118
Event: 77.463 Thread 0xb6c08400 Uncommon trap: reason=class_check action=maybe_recompile pc=0xa8f8997c method=scala.reflect.internal.tpe.TypeMaps$TypeMap.mapOver(Lscala/reflect/internal/Types$Type;)Lscala/reflect/internal/Types$Type; @ 614
Event: 77.486 Thread 0xb6c08400 Uncommon trap: reason=unstable_if action=reinterpret pc=0xa8f82ff0 method=scala.reflect.internal.tpe.TypeMaps$SubstMap.renameBoundSyms(Lscala/reflect/internal/Types$Type;)Lscala/reflect/internal/Types$Type; @ 129
Event: 77.610 Thread 0xb6c08400 Uncommon trap: reason=unstable_if action=reinterpret pc=0xa8f1b9b4 method=scala.tools.nsc.transform.SpecializeTypes.specializedTypeVarsBuffer(Lscala/reflect/internal/Types$Type;Lscala/collection/mutable/Buffer;)V @ 439
Event: 77.844 Thread 0xb6c08400 Uncommon trap: reason=speculate_class_check action=maybe_recompile pc=0xa9135818 method=scala.reflect.internal.tpe.TypeMaps$TypeMap.mapOver(Lscala/reflect/internal/Types$Type;)Lscala/reflect/internal/Types$Type; @ 1422
Event: 77.992 Thread 0xb6c08400 Uncommon trap: reason=class_check action=maybe_recompile pc=0xa84d10c4 method=scala.collection.generic.GenTraversableFactory$$anon$1.apply()Lscala/collection/mutable/Builder; @ 4
Event: 78.529 Thread 0xb6c08400 Uncommon trap: reason=class_check action=maybe_recompile pc=0xa9135320 method=scala.reflect.internal.tpe.TypeMaps$TypeMap.mapOver(Lscala/reflect/internal/Types$Type;)Lscala/reflect/internal/Types$Type; @ 1043
Event: 78.530 Thread 0xb6c08400 Uncommon trap: reason=class_check action=maybe_recompile pc=0xa9135320 method=scala.reflect.internal.tpe.TypeMaps$TypeMap.mapOver(Lscala/reflect/internal/Types$Type;)Lscala/reflect/internal/Types$Type; @ 1043
Event: 79.050 Thread 0xb6c08400 Uncommon trap: reason=class_check action=maybe_recompile pc=0xa84d10c4 method=scala.collection.generic.GenTraversableFactory$$anon$1.apply()Lscala/collection/mutable/Builder; @ 4

Classes redefined (0 events):
No events

Internal exceptions (10 events):
Event: 70.220 Thread 0xb6c08400 Exception <a 'java/lang/NoSuchMethodError': java.lang.Object.$anonfun$grouped$1(Lscala/collection/IterableLike;Lscala/collection/Seq;)Ljava/lang/Object;> (0x8eb13e50) thrown at [/HUDSON/workspace/8-2-build-linux-i586/jdk8u202/12319/hotspot/src/share/vm/in
Event: 73.239 Thread 0xb6c08400 Exception <a 'sun/nio/fs/UnixException'> (0x8ece5e38) thrown at [/HUDSON/workspace/8-2-build-linux-i586/jdk8u202/12319/hotspot/src/share/vm/prims/jni.cpp, line 710]
Event: 77.237 Thread 0xb6c08400 Exception <a 'sun/nio/fs/UnixException'> (0x8ed53e10) thrown at [/HUDSON/workspace/8-2-build-linux-i586/jdk8u202/12319/hotspot/src/share/vm/prims/jni.cpp, line 710]
Event: 77.375 Thread 0xb6c08400 Exception <a 'sun/nio/fs/UnixException'> (0x8ed555b8) thrown at [/HUDSON/workspace/8-2-build-linux-i586/jdk8u202/12319/hotspot/src/share/vm/prims/jni.cpp, line 710]
Event: 78.200 Thread 0xb6c08400 Exception <a 'sun/nio/fs/UnixException'> (0x8f3ad208) thrown at [/HUDSON/workspace/8-2-build-linux-i586/jdk8u202/12319/hotspot/src/share/vm/prims/jni.cpp, line 710]
Event: 78.336 Thread 0xb6c08400 Exception <a 'sun/nio/fs/UnixException'> (0x8f3c1a28) thrown at [/HUDSON/workspace/8-2-build-linux-i586/jdk8u202/12319/hotspot/src/share/vm/prims/jni.cpp, line 710]
Event: 78.492 Thread 0xb6c08400 Exception <a 'sun/nio/fs/UnixException'> (0x8f3c31d0) thrown at [/HUDSON/workspace/8-2-build-linux-i586/jdk8u202/12319/hotspot/src/share/vm/prims/jni.cpp, line 710]
Event: 79.051 Thread 0xb6c08400 Exception <a 'sun/nio/fs/UnixException'> (0x8fa0eea8) thrown at [/HUDSON/workspace/8-2-build-linux-i586/jdk8u202/12319/hotspot/src/share/vm/prims/jni.cpp, line 710]
Event: 80.290 Thread 0xb6c08400 Exception <a 'sun/nio/fs/UnixException'> (0x8fa23e38) thrown at [/HUDSON/workspace/8-2-build-linux-i586/jdk8u202/12319/hotspot/src/share/vm/prims/jni.cpp, line 710]
Event: 82.043 Thread 0xb6c08400 Exception <a 'sun/nio/fs/UnixException'> (0x8fa255e0) thrown at [/HUDSON/workspace/8-2-build-linux-i586/jdk8u202/12319/hotspot/src/share/vm/prims/jni.cpp, line 710]

Events (10 events):
Event: 79.026 Executing VM operation: ForceSafepoint done
Event: 79.046 Thread 0x46e36c00 flushing nmethod 0xa85909c8
Event: 79.047 Thread 0x46e36c00 flushing nmethod 0xa85dfd88
Event: 79.047 Thread 0x46e36c00 flushing nmethod 0xa8617d08
Event: 79.049 Thread 0x46e36c00 flushing nmethod 0xa889ee08
Event: 79.049 Thread 0xb6c08400 Uncommon trap: trap_request=0xffffffde fr.pc=0xa84d10c4
Event: 79.050 Thread 0xb6c08400 DEOPT PACKING pc=0xa84d10c4 sp=0xb6d56ac0
Event: 79.050 Thread 0xb6c08400 DEOPT UNPACKING pc=0xa7b97e5f sp=0xb6d56a94 mode 2
Event: 82.159 Thread 0x46e36c00 flushing nmethod 0xa7c14848
Event: 82.169 Executing VM operation: ParallelGCFailedAllocation


Dynamic libraries:
08048000-08049000 r-xp 00000000 08:04 2109414    /usr/local/java/jdk1.8.0_202/bin/java
08049000-0804a000 r--p 00000000 08:04 2109414    /usr/local/java/jdk1.8.0_202/bin/java
0804a000-0804b000 rw-p 00001000 08:04 2109414    /usr/local/java/jdk1.8.0_202/bin/java
08539000-0906a000 rw-p 00000000 00:00 0          [heap]
3a200000-3a2e0000 rw-p 00000000 00:00 0 
3a2e0000-3a300000 ---p 00000000 00:00 0 
3a300000-3a400000 rw-p 00000000 00:00 0 
3a400000-3a499000 rw-p 00000000 00:00 0 
3a499000-3a500000 ---p 00000000 00:00 0 
3a500000-3a600000 rw-p 00000000 00:00 0 
3a600000-3a700000 rw-p 00000000 00:00 0 
3a700000-3a800000 rw-p 00000000 00:00 0 
3a800000-3a8f9000 rw-p 00000000 00:00 0 
3a8f9000-3a900000 ---p 00000000 00:00 0 
3a900000-3a9ff000 rw-p 00000000 00:00 0 
3a9ff000-3aa00000 ---p 00000000 00:00 0 
3aa00000-3aafa000 rw-p 00000000 00:00 0 
3aafa000-3ab00000 ---p 00000000 00:00 0 
3ab00000-3abd8000 rw-p 00000000 00:00 0 
3abd8000-3ac00000 ---p 00000000 00:00 0 
3ac00000-3ad00000 rw-p 00000000 00:00 0 
3ad00000-3adf9000 rw-p 00000000 00:00 0 
3adf9000-3ae00000 ---p 00000000 00:00 0 
3ae00000-3af00000 rw-p 00000000 00:00 0 
3af00000-3b000000 rw-p 00000000 00:00 0 
3b000000-3b1ef000 rw-p 00000000 00:00 0 
3b1ef000-3b200000 ---p 00000000 00:00 0 
3b200000-3b2fa000 rw-p 00000000 00:00 0 
3b2fa000-3b300000 ---p 00000000 00:00 0 
3b3af000-3b3b2000 ---p 00000000 00:00 0 
3b3b2000-3b400000 rw-p 00000000 00:00 0 
3b400000-3b4fe000 rw-p 00000000 00:00 0 
3b4fe000-3b500000 ---p 00000000 00:00 0 
3b500000-3b600000 rw-p 00000000 00:00 0 
3b600000-3b800000 rw-p 00000000 00:00 0 
3b800000-3b8fc000 rw-p 00000000 00:00 0 
3b8fc000-3b900000 ---p 00000000 00:00 0 
3b91a000-3b91d000 ---p 00000000 00:00 0 
3b91d000-3ba6b000 rw-p 00000000 00:00 0 
3ba6b000-3bb6b000 rw-p 00000000 00:00 0 
3bb6b000-3bb6e000 ---p 00000000 00:00 0 
3bb6e000-3bbbc000 rw-p 00000000 00:00 0 
3bbbc000-3bbbf000 ---p 00000000 00:00 0 
3bbbf000-3bc0d000 rw-p 00000000 00:00 0 
3bc0d000-3bc10000 ---p 00000000 00:00 0 
3bc10000-3bc5e000 rw-p 00000000 00:00 0 
3bc5e000-3bc61000 ---p 00000000 00:00 0 
3bc61000-3bcaf000 rw-p 00000000 00:00 0 
3bcaf000-3bcb2000 ---p 00000000 00:00 0 
3bcb2000-3bd00000 rw-p 00000000 00:00 0 
3bd00000-3bdff000 rw-p 00000000 00:00 0 
3bdff000-3be00000 ---p 00000000 00:00 0 
3be00000-3befe000 rw-p 00000000 00:00 0 
3befe000-3bf00000 ---p 00000000 00:00 0 
3bf00000-3c000000 rw-p 00000000 00:00 0 
3c000000-3c100000 rw-p 00000000 00:00 0 
3c100000-3c200000 rw-p 00000000 00:00 0 
3c200000-3c2fa000 rw-p 00000000 00:00 0 
3c2fa000-3c300000 ---p 00000000 00:00 0 
3c347000-3c34a000 ---p 00000000 00:00 0 
3c34a000-3c498000 rw-p 00000000 00:00 0 
3c498000-3c598000 rw-p 00000000 00:00 0 
3c598000-3c698000 rw-p 00000000 00:00 0 
3c698000-3c69b000 ---p 00000000 00:00 0 
3c69b000-3c6e9000 rw-p 00000000 00:00 0 
3c6e9000-3c6ec000 ---p 00000000 00:00 0 
3c6ec000-3c73a000 rw-p 00000000 00:00 0 
3c73a000-3c73d000 ---p 00000000 00:00 0 
3c73d000-3c88b000 rw-p 00000000 00:00 0 
3c88b000-3c98b000 rw-p 00000000 00:00 0 
3c9af000-3caaf000 rw-p 00000000 00:00 0 
3caaf000-3cab2000 ---p 00000000 00:00 0 
3cab2000-3cc00000 rw-p 00000000 00:00 0 
3cc00000-3ccfd000 rw-p 00000000 00:00 0 
3ccfd000-3cd00000 ---p 00000000 00:00 0 
3cd00000-3ce00000 rw-p 00000000 00:00 0 
3ce00000-3ce9c000 rw-p 00000000 00:00 0 
3ce9c000-3cf00000 ---p 00000000 00:00 0 
3cf00000-3d000000 rw-p 00000000 00:00 0 
3d000000-3d100000 rw-p 00000000 00:00 0 
3d100000-3d200000 rw-p 00000000 00:00 0 
3d200000-3d2ff000 rw-p 00000000 00:00 0 
3d2ff000-3d300000 ---p 00000000 00:00 0 
3d300000-3d400000 rw-p 00000000 00:00 0 
3d400000-3d500000 rw-p 00000000 00:00 0 
3d500000-3d600000 rw-p 00000000 00:00 0 
3d600000-3d6f7000 rw-p 00000000 00:00 0 
3d6f7000-3d700000 ---p 00000000 00:00 0 
3d700000-3d800000 rw-p 00000000 00:00 0 
3d800000-3d900000 rw-p 00000000 00:00 0 
3d900000-3da00000 rw-p 00000000 00:00 0 
3da00000-3dae8000 rw-p 00000000 00:00 0 
3dae8000-3db00000 ---p 00000000 00:00 0 
3db12000-3db15000 ---p 00000000 00:00 0 
3db15000-3dc63000 rw-p 00000000 00:00 0 
3dc63000-3dd63000 rw-p 00000000 00:00 0 
3dd63000-3de63000 rw-p 00000000 00:00 0 
3de63000-3df63000 rw-p 00000000 00:00 0 
3df6a000-3e000000 r--s 01111000 08:04 2109744    /usr/local/java/jdk1.8.0_202/jre/lib/ext/jfxrt.jar
3e000000-3e100000 rw-p 00000000 00:00 0 
3e100000-3e200000 rw-p 00000000 00:00 0 
3e200000-3e2ff000 rw-p 00000000 00:00 0 
3e2ff000-3e300000 ---p 00000000 00:00 0 
3e300000-3e400000 rw-p 00000000 00:00 0 
3e400000-3e500000 rw-p 00000000 00:00 0 
3e500000-3e5fe000 rw-p 00000000 00:00 0 
3e5fe000-3e600000 ---p 00000000 00:00 0 
3e600000-3e603000 ---p 00000000 00:00 0 
3e603000-3e619000 rw-p 00000000 00:00 0 
3e619000-3e630000 r-xp 00000000 08:04 1442488    /tmp/jna-96670/jna4107990241735857593.tmp (deleted)
3e630000-3e631000 rw-p 00016000 08:04 1442488    /tmp/jna-96670/jna4107990241735857593.tmp (deleted)
3e631000-3e63b000 r--s 00116000 08:04 2109740    /usr/local/java/jdk1.8.0_202/jre/lib/ext/localedata.jar
3e63b000-3e641000 r--s 0003f000 08:04 2109738    /usr/local/java/jdk1.8.0_202/jre/lib/ext/sunjce_provider.jar
3e641000-3e65d000 r--s 00393000 08:04 2109736    /usr/local/java/jdk1.8.0_202/jre/lib/ext/cldrdata.jar
3e65d000-3e75d000 rw-p 00000000 00:00 0 
3e75d000-3e75f000 r--s 00009000 08:04 2109737    /usr/local/java/jdk1.8.0_202/jre/lib/ext/sunec.jar
3e75f000-3e760000 r--s 0000a000 08:04 2109735    /usr/local/java/jdk1.8.0_202/jre/lib/ext/jaccess.jar
3e760000-3e764000 r--s 0003a000 08:04 2109741    /usr/local/java/jdk1.8.0_202/jre/lib/ext/sunpkcs11.jar
3e764000-3e766000 r--s 00001000 08:04 2109743    /usr/local/java/jdk1.8.0_202/jre/lib/ext/dnsns.jar
3e766000-3e767000 r--s 00010000 08:04 2109739    /usr/local/java/jdk1.8.0_202/jre/lib/ext/zipfs.jar
3e767000-3e76c000 r--s 00084000 08:04 2109509    /usr/local/java/jdk1.8.0_202/jre/lib/jfr.jar
3e76c000-3e771000 r--s 002f9000 08:04 2109733    /usr/local/java/jdk1.8.0_202/jre/lib/charsets.jar
3e771000-3e774000 r--s 0001a000 08:04 2109724    /usr/local/java/jdk1.8.0_202/jre/lib/jce.jar
3e774000-3e787000 r--s 00345000 08:04 2109761    /usr/local/java/jdk1.8.0_202/jre/lib/resources.jar
3e787000-3e800000 r--s 010fd000 08:04 2108145    /usr/local/java/jdk1.8.0_202/lib/tools.jar
3e800000-3e900000 rw-p 00000000 00:00 0 
3e900000-3ea00000 rw-p 00000000 00:00 0 
3ea00000-3eafa000 rw-p 00000000 00:00 0 
3eafa000-3eb00000 ---p 00000000 00:00 0 
3eb00000-3ec00000 rw-p 00000000 00:00 0 
3ec00000-3ed00000 rw-p 00000000 00:00 0 
3ed00000-3ee00000 rw-p 00000000 00:00 0 
3ee00000-3ef00000 rw-p 00000000 00:00 0 
3ef00000-3f000000 rw-p 00000000 00:00 0 
3f000000-3f0fd000 rw-p 00000000 00:00 0 
3f0fd000-3f100000 ---p 00000000 00:00 0 
3f100000-3f200000 rw-p 00000000 00:00 0 
3f200000-3f300000 rw-p 00000000 00:00 0 
3f300000-3f400000 rw-p 00000000 00:00 0 
3f400000-3f4fd000 rw-p 00000000 00:00 0 
3f4fd000-3f500000 ---p 00000000 00:00 0 
3f500000-3f600000 rw-p 00000000 00:00 0 
3f600000-3f6ff000 rw-p 00000000 00:00 0 
3f6ff000-3f700000 ---p 00000000 00:00 0 
3f700000-3f800000 rw-p 00000000 00:00 0 
3f800000-3fa00000 rw-p 00000000 00:00 0 
3fa00000-3fc00000 rw-p 00000000 00:00 0 
3fc00000-3fe00000 rw-p 00000000 00:00 0 
3fe00000-40000000 rw-p 00000000 00:00 0 
40000000-400fc000 rw-p 00000000 00:00 0 
400fc000-40100000 ---p 00000000 00:00 0 
40100000-401f9000 rw-p 00000000 00:00 0 
401f9000-40200000 ---p 00000000 00:00 0 
40200000-40300000 rw-p 00000000 00:00 0 
40300000-403fa000 rw-p 00000000 00:00 0 
403fa000-40400000 ---p 00000000 00:00 0 
40400000-40500000 rw-p 00000000 00:00 0 
40500000-40600000 rw-p 00000000 00:00 0 
40600000-40604000 r--s 000a1000 08:04 2109771    /usr/local/java/jdk1.8.0_202/jre/lib/jsse.jar
40604000-40607000 ---p 00000000 00:00 0 
40607000-40655000 rw-p 00000000 00:00 0 
40655000-40670000 r--s 001d4000 08:04 2109745    /usr/local/java/jdk1.8.0_202/jre/lib/ext/nashorn.jar
40670000-40679000 r-xp 00000000 08:04 2109653    /usr/local/java/jdk1.8.0_202/jre/lib/i386/libmanagement.so
40679000-4067a000 r--p 00008000 08:04 2109653    /usr/local/java/jdk1.8.0_202/jre/lib/i386/libmanagement.so
4067a000-4067b000 rw-p 00009000 08:04 2109653    /usr/local/java/jdk1.8.0_202/jre/lib/i386/libmanagement.so
4067b000-4067d000 r--s 00019000 08:04 1440605    /home/ali/.sbt/boot/scala-2.12.7/org.scala-sbt/sbt/1.2.8/task-system_2.12-1.2.8.jar
4067d000-4068c000 r--s 0013d000 08:04 1440576    /home/ali/.sbt/boot/scala-2.12.7/org.scala-sbt/sbt/1.2.8/protobuf-java-3.3.1.jar
4068c000-406a2000 r--s 000e0000 08:04 1440602    /home/ali/.sbt/boot/scala-2.12.7/org.scala-sbt/sbt/1.2.8/caffeine-2.5.6.jar
406a2000-406a3000 r--s 00003000 08:04 1440635    /home/ali/.sbt/boot/scala-2.12.7/org.scala-sbt/sbt/1.2.8/zinc-compile_2.12-1.2.5.jar
406a3000-406a5000 r--s 00012000 08:04 1440621    /home/ali/.sbt/boot/scala-2.12.7/org.scala-sbt/sbt/1.2.8/core-macros_2.12-1.2.8.jar
406a5000-406a9000 r--s 00049000 08:04 1440594    /home/ali/.sbt/boot/scala-2.12.7/org.scala-sbt/sbt/1.2.8/io_2.12-1.2.2.jar
406a9000-406ac000 r--s 0003a000 08:04 1440585    /home/ali/.sbt/boot/scala-2.12.7/org.scala-sbt/sbt/1.2.8/util-logging_2.12-1.2.4.jar
406ac000-406b0000 r--s 00052000 08:04 1440629    /home/ali/.sbt/boot/scala-2.12.7/org.scala-sbt/sbt/1.2.8/zinc-core_2.12-1.2.5.jar
406b0000-406b2000 r--s 0002f000 08:04 1440604    /home/ali/.sbt/boot/scala-2.12.7/org.scala-sbt/sbt/1.2.8/util-cache_2.12-1.2.4.jar
406b2000-406b4000 r--s 00024000 08:04 1440612    /home/ali/.sbt/boot/scala-2.12.7/org.scala-sbt/sbt/1.2.8/zinc-apiinfo_2.12-1.2.5.jar
406b4000-406b8000 r--s 00038000 08:04 1440581    /home/ali/.sbt/boot/scala-2.12.7/org.scala-sbt/sbt/1.2.8/ssl-config-core_2.12-0.2.2.jar
406b8000-406ba000 r--s 00004000 08:04 1440637    /home/ali/.sbt/boot/scala-2.12.7/org.scala-sbt/sbt/1.2.8/ipcsocket-1.0.0.jar
406ba000-406db000 r--s 00168000 08:04 1440588    /home/ali/.sbt/boot/scala-2.12.7/org.scala-sbt/sbt/1.2.8/log4j-core-2.11.1.jar
406db000-406e6000 r--s 001c3000 08:04 1440599    /home/ali/.sbt/boot/scala-2.12.7/org.scala-sbt/sbt/1.2.8/main_2.12-1.2.8.jar
406e6000-40700000 r--s 0021e000 08:04 1440584    /home/ali/.sbt/boot/scala-2.12.7/org.scala-sbt/sbt/1.2.8/jna-platform-4.5.0.jar
40700000-407fe000 rw-p 00000000 00:00 0 
407fe000-40800000 ---p 00000000 00:00 0 
40800000-408fd000 rw-p 00000000 00:00 0 
408fd000-40900000 ---p 00000000 00:00 0 
40900000-40a00000 rw-p 00000000 00:00 0 
40a00000-40afa000 rw-p 00000000 00:00 0 
40afa000-40b00000 ---p 00000000 00:00 0 
40b00000-40bfc000 rw-p 00000000 00:00 0 
40bfc000-40c00000 ---p 00000000 00:00 0 
40c00000-40c01000 r--s 00000000 08:04 1440623    /home/ali/.sbt/boot/scala-2.12.7/org.scala-sbt/sbt/1.2.8/reactive-streams-1.0.0.jar
40c01000-40c03000 r--s 00008000 08:04 1440601    /home/ali/.sbt/boot/scala-2.12.7/org.scala-sbt/sbt/1.2.8/sjson-new-scalajson_2.12-0.8.2.jar
40c03000-40c07000 r--s 0004c000 08:04 1440587    /home/ali/.sbt/boot/scala-2.12.7/org.scala-sbt/sbt/1.2.8/collections_2.12-1.2.8.jar
40c07000-40c09000 r--s 0000e000 08:04 1440606    /home/ali/.sbt/boot/scala-2.12.7/org.scala-sbt/sbt/1.2.8/zinc_2.12-1.2.5.jar
40c09000-40c0a000 r--s 0000b000 08:04 1440625    /home/ali/.sbt/boot/scala-2.12.7/org.scala-sbt/sbt/1.2.8/zinc-ivy-integration_2.12-1.2.5.jar
40c0a000-40c0c000 r--s 0000e000 08:04 1440654    /home/ali/.sbt/boot/scala-2.12.7/org.scala-sbt/sbt/1.2.8/fastparse-utils_2.12-0.4.2.jar
40c0c000-40c0d000 r--s 00005000 08:04 1440609    /home/ali/.sbt/boot/scala-2.12.7/org.scala-sbt/sbt/1.2.8/log4j-slf4j-impl-2.11.1.jar
40c0d000-40c0e000 r--s 00009000 08:04 1440577    /home/ali/.sbt/boot/scala-2.12.7/org.scala-sbt/sbt/1.2.8/gigahorse-okhttp_2.12-0.3.0.jar
40c0e000-40c10000 r--s 0000b000 08:04 1440589    /home/ali/.sbt/boot/scala-2.12.7/org.scala-sbt/sbt/1.2.8/logic_2.12-1.2.8.jar
40c10000-40c11000 r--s 00000000 08:04 1440614    /home/ali/.sbt/boot/scala-2.12.7/org.scala-sbt/sbt/1.2.8/template-resolver-0.1.jar
40c11000-40c12000 r--s 00005000 08:04 1440631    /home/ali/.sbt/boot/scala-2.12.7/org.scala-sbt/sbt/1.2.8/test-agent-1.2.8.jar
40c12000-40c14000 r--s 00007000 08:04 1440628    /home/ali/.sbt/boot/scala-2.12.7/org.scala-sbt/sbt/1.2.8/util-tracking_2.12-1.2.4.jar
40c14000-40c15000 r--s 00001000 08:04 1440613    /home/ali/.sbt/boot/scala-2.12.7/org.scala-sbt/sbt/1.2.8/sjson-new-murmurhash_2.12-0.8.2.jar
40c15000-40c18000 r--s 00044000 08:04 1440611    /home/ali/.sbt/boot/scala-2.12.7/org.scala-sbt/sbt/1.2.8/command_2.12-1.2.8.jar
40c18000-40c1c000 r--s 00047000 08:04 1440651    /home/ali/.sbt/boot/scala-2.12.7/org.scala-sbt/sbt/1.2.8/fastparse_2.12-0.4.2.jar
40c1c000-40c1e000 r--s 00007000 08:04 1440640    /home/ali/.sbt/boot/scala-2.12.7/org.scala-sbt/sbt/1.2.8/lenses_2.12-0.4.12.jar
40c1e000-40c33000 r--s 00103000 08:04 1440618    /home/ali/.sbt/boot/scala-2.12.7/org.scala-sbt/sbt/1.2.8/ivy-2.3.0-sbt-cb9cc189e9f3af519f9f102e6c5d446488ff6832.jar
40c33000-40c35000 r--s 00012000 08:04 1440619    /home/ali/.sbt/boot/scala-2.12.7/org.scala-sbt/sbt/1.2.8/tasks_2.12-1.2.8.jar
40c35000-40c3c000 r--s 00091000 08:04 1440598    /home/ali/.sbt/boot/scala-2.12.7/org.scala-sbt/sbt/1.2.8/main-settings_2.12-1.2.8.jar
40c3c000-40c3e000 r--s 00019000 08:04 1440586    /home/ali/.sbt/boot/scala-2.12.7/org.scala-sbt/sbt/1.2.8/sourcecode_2.12-0.1.3.jar
40c3e000-40c41000 r--s 00031000 08:04 1440575    /home/ali/.sbt/boot/scala-2.12.7/org.scala-sbt/sbt/1.2.8/compiler-bridge_2.12-1.2.5.jar
40c41000-40c42000 r--s 00001000 08:04 1440593    /home/ali/.sbt/boot/scala-2.12.7/org.scala-sbt/sbt/1.2.8/scalacache-caffeine_2.12-0.20.0.jar
40c42000-40c46000 r--s 00013000 08:04 1440596    /home/ali/.sbt/boot/scala-2.12.7/org.scala-sbt/sbt/1.2.8/compiler-interface-1.2.5.jar
40c46000-40c49000 r--s 0003d000 08:04 1440595    /home/ali/.sbt/boot/scala-2.12.7/org.scala-sbt/sbt/1.2.8/completion_2.12-1.2.8.jar
40c49000-40c4e000 r--s 00031000 08:04 1440645    /home/ali/.sbt/boot/scala-2.12.7/org.scala-sbt/sbt/1.2.8/config-1.2.0.jar
40c4e000-40c4f000 r--s 00007000 08:04 1440636    /home/ali/.sbt/boot/scala-2.12.7/org.scala-sbt/sbt/1.2.8/okhttp-urlconnection-3.7.0.jar
40c4f000-40c50000 r--s 00006000 08:04 1440615    /home/ali/.sbt/boot/scala-2.12.7/org.scala-sbt/sbt/1.2.8/util-position_2.12-1.2.4.jar
40c50000-40c56000 r--s 00080000 08:04 1440578    /home/ali/.sbt/boot/scala-2.12.7/org.scala-sbt/sbt/1.2.8/scala-xml_2.12-1.0.6.jar
40c56000-40c58000 r--s 0000f000 08:04 1440590    /home/ali/.sbt/boot/scala-2.12.7/org.scala-sbt/sbt/1.2.8/util-scripted_2.12-1.2.4.jar
40c58000-40c5d000 r--s 00040000 08:04 1440617    /home/ali/.sbt/boot/scala-2.12.7/org.scala-sbt/sbt/1.2.8/jsch-0.1.54.jar
40c5d000-40c5f000 r--s 0000f000 08:04 1440647    /home/ali/.sbt/boot/scala-2.12.7/org.scala-sbt/sbt/1.2.8/shaded-scalajson_2.12-1.0.0-M4.jar
40c5f000-40c62000 r--s 0002e000 08:04 1440610    /home/ali/.sbt/boot/scala-2.12.7/org.scala-sbt/sbt/1.2.8/testing_2.12-1.2.8.jar
40c62000-40c63000 r--s 00002000 08:04 1440582    /home/ali/.sbt/boot/scala-2.12.7/org.scala-sbt/sbt/1.2.8/launcher-interface-1.0.4.jar
40c63000-40c68000 r--s 00063000 08:04 1440648    /home/ali/.sbt/boot/scala-2.12.7/org.scala-sbt/sbt/1.2.8/protocol_2.12-1.2.8.jar
40c68000-40c6b000 r--s 0001c000 08:04 1440627    /home/ali/.sbt/boot/scala-2.12.7/org.scala-sbt/sbt/1.2.8/scalacache-core_2.12-0.20.0.jar
40c6b000-40c71000 r--s 0003b000 08:04 1440638    /home/ali/.sbt/boot/scala-2.12.7/org.scala-sbt/sbt/1.2.8/log4j-api-2.11.1.jar
40c71000-40c73000 r--s 00009000 08:04 1440649    /home/ali/.sbt/boot/scala-2.12.7/org.scala-sbt/sbt/1.2.8/slf4j-api-1.7.25.jar
40c73000-40c75000 r--s 00002000 08:04 1440643    /home/ali/.sbt/boot/scala-2.12.7/org.scala-sbt/sbt/1.2.8/test-interface-1.0.jar
40c75000-40c79000 r--s 00030000 08:04 1440620    /home/ali/.sbt/boot/scala-2.12.7/org.scala-sbt/sbt/1.2.8/scala-parser-combinators_2.12-1.0.5.jar
40c79000-40c83000 r--s 000b6000 08:04 1440650    /home/ali/.sbt/boot/scala-2.12.7/org.scala-sbt/sbt/1.2.8/librarymanagement-core_2.12-1.2.4.jar
40c83000-40c87000 r--s 0015c000 08:04 1440633    /home/ali/.sbt/boot/scala-2.12.7/org.scala-sbt/sbt/1.2.8/jna-4.5.0.jar
40c87000-40c89000 r--s 00010000 08:04 1440600    /home/ali/.sbt/boot/scala-2.12.7/org.scala-sbt/sbt/1.2.8/scripted-sbt-redux_2.12-1.2.8.jar
40c89000-40c8a000 r--s 00003000 08:04 1440579    /home/ali/.sbt/boot/scala-2.12.7/org.scala-sbt/sbt/1.2.8/util-relation_2.12-1.2.4.jar
40c8a000-40c8d000 r--s 00012000 08:04 1440641    /home/ali/.sbt/boot/scala-2.12.7/org.scala-sbt/sbt/1.2.8/disruptor-3.4.2.jar
40c8d000-40c90000 r--s 00034000 08:04 1440624    /home/ali/.sbt/boot/scala-2.12.7/org.scala-sbt/sbt/1.2.8/zinc-compile-core_2.12-1.2.5.jar
40c90000-40c92000 r--s 00002000 08:04 1440597    /home/ali/.sbt/boot/scala-2.12.7/org.scala-sbt/sbt/1.2.8/util-control_2.12-1.2.4.jar
40c92000-40c98000 r--s 0005b000 08:04 1440622    /home/ali/.sbt/boot/scala-2.12.7/org.scala-sbt/sbt/1.2.8/okhttp-3.7.0.jar
40c98000-40c99000 r--s 00000000 08:04 1440642    /home/ali/.sbt/boot/scala-2.12.7/org.scala-sbt/sbt/1.2.8/scripted-plugin_2.12-1.2.8.jar
40c99000-40c9c000 r--s 00026000 08:04 1440644    /home/ali/.sbt/boot/scala-2.12.7/org.scala-sbt/sbt/1.2.8/gigahorse-core_2.12-0.3.0.jar
40c9c000-40c9d000 r--s 00005000 08:04 1440607    /home/ali/.sbt/boot/scala-2.12.7/org.scala-sbt/sbt/1.2.8/apple-file-events-1.3.2.jar
40c9d000-40c9e000 r--s 00011000 08:04 1440583    /home/ali/.sbt/boot/scala-2.12.7/org.scala-sbt/sbt/1.2.8/run_2.12-1.2.8.jar
40c9e000-40ca0000 r--s 00031000 08:04 1440646    /home/ali/.sbt/boot/scala-2.12.7/org.scala-sbt/sbt/1.2.8/actions_2.12-1.2.8.jar
40ca0000-40cc3000 r--s 00350000 08:04 1440592    /home/ali/.sbt/boot/scala-2.12.7/org.scala-sbt/sbt/1.2.8/scala-reflect-2.12.7.jar
40cc3000-40cd0000 r--s 001a6000 08:04 1440634    /home/ali/.sbt/boot/scala-2.12.7/org.scala-sbt/sbt/1.2.8/scalapb-runtime_2.12-0.6.0.jar
40cd0000-40cdd000 r--s 001b1000 08:04 1440626    /home/ali/.sbt/boot/scala-2.12.7/org.scala-sbt/sbt/1.2.8/zinc-persist_2.12-1.2.5.jar
40cdd000-40d00000 r--s 00350000 08:04 1440657    /home/ali/.sbt/boot/scala-2.12.7/lib/scala-reflect.jar
40d00000-40df9000 rw-p 00000000 00:00 0 
40df9000-40e00000 ---p 00000000 00:00 0 
40e00000-40e02000 r--s 00011000 08:04 1440616    /home/ali/.sbt/boot/scala-2.12.7/org.scala-sbt/sbt/1.2.8/zinc-classpath_2.12-1.2.5.jar
40e02000-40e07000 r--s 00095000 08:04 1440591    /home/ali/.sbt/boot/scala-2.12.7/org.scala-sbt/sbt/1.2.8/librarymanagement-ivy_2.12-1.2.4.jar
40e07000-40e0a000 r--s 0002a000 08:04 1440630    /home/ali/.sbt/boot/scala-2.12.7/org.scala-sbt/sbt/1.2.8/sbinary_2.12-0.5.0.jar
40e0a000-40e59000 r--s 009b0000 08:04 1440658    /home/ali/.sbt/boot/scala-2.12.7/lib/scala-compiler.jar
40e59000-40e90000 r--s 004d2000 08:04 1440659    /home/ali/.sbt/boot/scala-2.12.7/lib/scala-library.jar
40e90000-42a91000 rw-p 00000000 00:00 0 
42a91000-42a92000 ---p 00000000 00:00 0 
42a92000-42b12000 rw-p 00000000 00:00 0 
42b12000-42b15000 ---p 00000000 00:00 0 
42b15000-42b63000 rw-p 00000000 00:00 0 
42b63000-42b66000 ---p 00000000 00:00 0 
42b66000-42be4000 rw-p 00000000 00:00 0 
42be4000-42be7000 ---p 00000000 00:00 0 
42be7000-42c65000 rw-p 00000000 00:00 0 
42c65000-42c68000 ---p 00000000 00:00 0 
42c68000-42cb6000 rw-p 00000000 00:00 0 
42cb6000-42e38000 r--p 009be000 08:04 2103276    /usr/lib/locale/locale-archive
42e38000-43038000 r--p 00000000 08:04 2103276    /usr/lib/locale/locale-archive
43038000-4303b000 ---p 00000000 00:00 0 
4303b000-43089000 rw-p 00000000 00:00 0 
43089000-4308c000 ---p 00000000 00:00 0 
4308c000-430da000 rw-p 00000000 00:00 0 
430da000-432b4000 r--s 03d6a000 08:04 2109767    /usr/local/java/jdk1.8.0_202/jre/lib/rt.jar
432b4000-436fa000 rw-p 00000000 00:00 0 
436fa000-43700000 ---p 00000000 00:00 0 
43700000-46d00000 rw-p 00000000 00:00 0 
46d00000-46dff000 rw-p 00000000 00:00 0 
46dff000-46e00000 ---p 00000000 00:00 0 
46e00000-46efd000 rw-p 00000000 00:00 0 
46efd000-46f00000 ---p 00000000 00:00 0 
46f00000-47000000 rw-p 00000000 00:00 0 
47000000-47001000 r--s 0000f000 08:04 1440608    /home/ali/.sbt/boot/scala-2.12.7/org.scala-sbt/sbt/1.2.8/sbt-1.2.8.jar
47001000-47002000 r--s 0000c000 08:04 1440580    /home/ali/.sbt/boot/scala-2.12.7/org.scala-sbt/sbt/1.2.8/zinc-classfile_2.12-1.2.5.jar
47002000-47008000 r--s 000bb000 08:04 1440652    /home/ali/.sbt/boot/scala-2.12.7/org.scala-sbt/sbt/1.2.8/sjson-new-core_2.12-0.8.2.jar
47008000-4700a000 r--s 00011000 08:04 1440603    /home/ali/.sbt/boot/scala-2.12.7/org.scala-sbt/sbt/1.2.8/jawn-parser_2.12-0.10.4.jar
4700a000-4700b000 r--s 00000000 08:04 1440639    /home/ali/.sbt/boot/scala-2.12.7/org.scala-sbt/sbt/1.2.8/util-interface-1.2.4.jar
4700b000-4700d000 r--s 00012000 08:04 1440653    /home/ali/.sbt/boot/scala-2.12.7/org.scala-sbt/sbt/1.2.8/okio-1.12.0.jar
4700d000-47011000 r--s 0003e000 08:04 1440632    /home/ali/.sbt/boot/scala-2.12.7/org.scala-sbt/sbt/1.2.8/jline-2.14.6.jar
47011000-47017000 r--s 00080000 08:04 1440656    /home/ali/.sbt/boot/scala-2.12.7/lib/scala-xml_2.12.jar
47017000-4702d000 r-xp 00000000 08:04 2109718    /usr/local/java/jdk1.8.0_202/jre/lib/i386/libnet.so
4702d000-4702e000 r--p 00015000 08:04 2109718    /usr/local/java/jdk1.8.0_202/jre/lib/i386/libnet.so
4702e000-4702f000 rw-p 00016000 08:04 2109718    /usr/local/java/jdk1.8.0_202/jre/lib/i386/libnet.so
4702f000-47030000 ---p 00000000 00:00 0 
47030000-47121000 rw-p 00000000 00:00 0 
47121000-472ff000 ---p 00000000 00:00 0 
472ff000-47321000 rw-p 00000000 00:00 0 
47321000-474ff000 ---p 00000000 00:00 0 
474ff000-4755b000 rw-p 00000000 00:00 0 
4755b000-475ff000 ---p 00000000 00:00 0 
475ff000-4b940000 rw-p 00000000 00:00 0 
4b940000-87600000 ---p 00000000 00:00 0 
87600000-92c40000 rw-p 00000000 00:00 0 
93a00000-a7600000 ---p 00000000 00:00 0 
a7600000-a761c000 r--s 0010e000 08:04 401899     /home/ali/.IntelliJIdea2018.2/config/plugins/Scala/launcher/sbt-launch.jar
a761c000-a769b000 rw-p 00000000 00:00 0 
a769b000-a769c000 ---p 00000000 00:00 0 
a769c000-a771c000 rw-p 00000000 00:00 0 
a771c000-a771d000 ---p 00000000 00:00 0 
a771d000-a77f8000 rw-p 00000000 00:00 0 
a77f8000-a7b5d000 ---p 00000000 00:00 0 
a7b5d000-a9205000 rwxp 00000000 00:00 0 
a9205000-b6b5d000 ---p 00000000 00:00 0 
b6b5d000-b6b78000 r-xp 00000000 08:04 2109720    /usr/local/java/jdk1.8.0_202/jre/lib/i386/libzip.so
b6b78000-b6b79000 r--p 0001a000 08:04 2109720    /usr/local/java/jdk1.8.0_202/jre/lib/i386/libzip.so
b6b79000-b6b7a000 rw-p 0001b000 08:04 2109720    /usr/local/java/jdk1.8.0_202/jre/lib/i386/libzip.so
b6b7a000-b6b85000 r-xp 00000000 08:04 2225871    /lib/i386-linux-gnu/libnss_files-2.23.so
b6b85000-b6b86000 r--p 0000a000 08:04 2225871    /lib/i386-linux-gnu/libnss_files-2.23.so
b6b86000-b6b87000 rw-p 0000b000 08:04 2225871    /lib/i386-linux-gnu/libnss_files-2.23.so
b6b87000-b6b8d000 rw-p 00000000 00:00 0 
b6b8d000-b6b98000 r-xp 00000000 08:04 2225881    /lib/i386-linux-gnu/libnss_nis-2.23.so
b6b98000-b6b99000 r--p 0000a000 08:04 2225881    /lib/i386-linux-gnu/libnss_nis-2.23.so
b6b99000-b6b9a000 rw-p 0000b000 08:04 2225881    /lib/i386-linux-gnu/libnss_nis-2.23.so
b6b9a000-b6bb1000 r-xp 00000000 08:04 2225865    /lib/i386-linux-gnu/libnsl-2.23.so
b6bb1000-b6bb2000 r--p 00016000 08:04 2225865    /lib/i386-linux-gnu/libnsl-2.23.so
b6bb2000-b6bb3000 rw-p 00017000 08:04 2225865    /lib/i386-linux-gnu/libnsl-2.23.so
b6bb3000-b6bb5000 rw-p 00000000 00:00 0 
b6bb5000-b6bbd000 r-xp 00000000 08:04 2225867    /lib/i386-linux-gnu/libnss_compat-2.23.so
b6bbd000-b6bbe000 r--p 00007000 08:04 2225867    /lib/i386-linux-gnu/libnss_compat-2.23.so
b6bbe000-b6bbf000 rw-p 00008000 08:04 2225867    /lib/i386-linux-gnu/libnss_compat-2.23.so
b6bbf000-b6bc3000 r--s 0003e000 08:04 1440660    /home/ali/.sbt/boot/scala-2.12.7/lib/jline.jar
b6bc3000-b6bd4000 r-xp 00000000 08:04 2109667    /usr/local/java/jdk1.8.0_202/jre/lib/i386/libnio.so
b6bd4000-b6bd5000 r--p 00010000 08:04 2109667    /usr/local/java/jdk1.8.0_202/jre/lib/i386/libnio.so
b6bd5000-b6bd6000 rw-p 00011000 08:04 2109667    /usr/local/java/jdk1.8.0_202/jre/lib/i386/libnio.so
b6bd6000-b6bd7000 r--p 00741000 08:04 2103276    /usr/lib/locale/locale-archive
b6bd7000-b6bfe000 r-xp 00000000 08:04 2109714    /usr/local/java/jdk1.8.0_202/jre/lib/i386/libjava.so
b6bfe000-b6bff000 r--p 00026000 08:04 2109714    /usr/local/java/jdk1.8.0_202/jre/lib/i386/libjava.so
b6bff000-b6c00000 rw-p 00027000 08:04 2109714    /usr/local/java/jdk1.8.0_202/jre/lib/i386/libjava.so
b6c00000-b6cfa000 rw-p 00000000 00:00 0 
b6cfa000-b6d00000 ---p 00000000 00:00 0 
b6d00000-b6d07000 r-xp 00000000 08:04 2225926    /lib/i386-linux-gnu/librt-2.23.so
b6d07000-b6d08000 r--p 00006000 08:04 2225926    /lib/i386-linux-gnu/librt-2.23.so
b6d08000-b6d09000 rw-p 00007000 08:04 2225926    /lib/i386-linux-gnu/librt-2.23.so
b6d09000-b6d0c000 ---p 00000000 00:00 0 
b6d0c000-b6d5a000 rw-p 00000000 00:00 0 
b6d5a000-b6dad000 r-xp 00000000 08:04 2225844    /lib/i386-linux-gnu/libm-2.23.so
b6dad000-b6dae000 r--p 00052000 08:04 2225844    /lib/i386-linux-gnu/libm-2.23.so
b6dae000-b6daf000 rw-p 00053000 08:04 2225844    /lib/i386-linux-gnu/libm-2.23.so
b6daf000-b7925000 r-xp 00000000 08:04 2109697    /usr/local/java/jdk1.8.0_202/jre/lib/i386/server/libjvm.so
b7925000-b7926000 ---p 00b76000 08:04 2109697    /usr/local/java/jdk1.8.0_202/jre/lib/i386/server/libjvm.so
b7926000-b796d000 r--p 00b76000 08:04 2109697    /usr/local/java/jdk1.8.0_202/jre/lib/i386/server/libjvm.so
b796d000-b798a000 rw-p 00bbd000 08:04 2109697    /usr/local/java/jdk1.8.0_202/jre/lib/i386/server/libjvm.so
b798a000-b7db1000 rw-p 00000000 00:00 0 
b7db1000-b7f61000 r-xp 00000000 08:04 2225774    /lib/i386-linux-gnu/libc-2.23.so
b7f61000-b7f63000 r--p 001af000 08:04 2225774    /lib/i386-linux-gnu/libc-2.23.so
b7f63000-b7f64000 rw-p 001b1000 08:04 2225774    /lib/i386-linux-gnu/libc-2.23.so
b7f64000-b7f67000 rw-p 00000000 00:00 0 
b7f67000-b7f6a000 r-xp 00000000 08:04 2225798    /lib/i386-linux-gnu/libdl-2.23.so
b7f6a000-b7f6b000 r--p 00002000 08:04 2225798    /lib/i386-linux-gnu/libdl-2.23.so
b7f6b000-b7f6c000 rw-p 00003000 08:04 2225798    /lib/i386-linux-gnu/libdl-2.23.so
b7f6c000-b7f82000 r-xp 00000000 08:04 2108143    /usr/local/java/jdk1.8.0_202/lib/i386/jli/libjli.so
b7f82000-b7f83000 r--p 00015000 08:04 2108143    /usr/local/java/jdk1.8.0_202/lib/i386/jli/libjli.so
b7f83000-b7f84000 rw-p 00016000 08:04 2108143    /usr/local/java/jdk1.8.0_202/lib/i386/jli/libjli.so
b7f84000-b7f9d000 r-xp 00000000 08:04 2225918    /lib/i386-linux-gnu/libpthread-2.23.so
b7f9d000-b7f9e000 r--p 00018000 08:04 2225918    /lib/i386-linux-gnu/libpthread-2.23.so
b7f9e000-b7f9f000 rw-p 00019000 08:04 2225918    /lib/i386-linux-gnu/libpthread-2.23.so
b7f9f000-b7fa1000 rw-p 00000000 00:00 0 
b7fa1000-b7fa9000 rw-s 00000000 08:04 1442485    /tmp/hsperfdata_ali/5205
b7fa9000-b7faa000 rw-p 00000000 00:00 0 
b7faa000-b7fab000 ---p 00000000 00:00 0 
b7fab000-b7fb6000 r-xp 00000000 08:04 2109660    /usr/local/java/jdk1.8.0_202/jre/lib/i386/libverify.so
b7fb6000-b7fb7000 ---p 0000b000 08:04 2109660    /usr/local/java/jdk1.8.0_202/jre/lib/i386/libverify.so
b7fb7000-b7fb8000 r--p 0000b000 08:04 2109660    /usr/local/java/jdk1.8.0_202/jre/lib/i386/libverify.so
b7fb8000-b7fb9000 rw-p 0000c000 08:04 2109660    /usr/local/java/jdk1.8.0_202/jre/lib/i386/libverify.so
b7fb9000-b7fba000 rw-p 00000000 00:00 0 
b7fba000-b7fbd000 r--p 00000000 00:00 0          [vvar]
b7fbd000-b7fbf000 r-xp 00000000 00:00 0          [vdso]
b7fbf000-b7fe2000 r-xp 00000000 08:04 2225746    /lib/i386-linux-gnu/ld-2.23.so
b7fe2000-b7fe3000 r--p 00022000 08:04 2225746    /lib/i386-linux-gnu/ld-2.23.so
b7fe3000-b7fe4000 rw-p 00023000 08:04 2225746    /lib/i386-linux-gnu/ld-2.23.so
bfba3000-bfbc4000 rw-p 00000000 00:00 0          [stack]

VM Arguments:
jvm_args: -Djline.terminal=jline.UnsupportedTerminal -Dsbt.log.noformat=true -Dfile.encoding=UTF-8 -Xmx1536M -Didea.managed=true -Dfile.encoding=UTF-8 
java_command: /home/ali/.IntelliJIdea2018.2/config/plugins/Scala/launcher/sbt-launch.jar
java_class_path (initial): /home/ali/.IntelliJIdea2018.2/config/plugins/Scala/launcher/sbt-launch.jar
Launcher Type: SUN_STANDARD

Environment Variables:
JAVA_HOME=/usr/local/java/jdk1.8.0_202
PATH=/home/ali/bin:/home/ali/.local/bin:/usr/local/sbin:/usr/local/bin:/usr/sbin:/usr/bin:/sbin:/bin:/usr/games:/usr/local/games:/snap/bin:/home/ali/bin:/usr/local/java/jdk1.8.0_202/bin
SHELL=/bin/bash
DISPLAY=:0

Signal Handlers:
SIGSEGV: [libjvm.so+0x940630], sa_mask[0]=11111111011111111101111111111110, sa_flags=SA_RESTART|SA_SIGINFO
SIGBUS: [libjvm.so+0x940630], sa_mask[0]=11111111011111111101111111111110, sa_flags=SA_RESTART|SA_SIGINFO
SIGFPE: [libjvm.so+0x796990], sa_mask[0]=11111111011111111101111111111110, sa_flags=SA_RESTART|SA_SIGINFO
SIGPIPE: [libjvm.so+0x796990], sa_mask[0]=11111111011111111101111111111110, sa_flags=SA_RESTART|SA_SIGINFO
SIGXFSZ: [libjvm.so+0x796990], sa_mask[0]=11111111011111111101111111111110, sa_flags=SA_RESTART|SA_SIGINFO
SIGILL: [libjvm.so+0x796990], sa_mask[0]=11111111011111111101111111111110, sa_flags=SA_RESTART|SA_SIGINFO
SIGUSR1: SIG_DFL, sa_mask[0]=00000000000000000000000000000000, sa_flags=none
SIGUSR2: [libjvm.so+0x796800], sa_mask[0]=00100000000000000000000000000000, sa_flags=SA_RESTART|SA_SIGINFO
SIGHUP: [libjvm.so+0x796ec0], sa_mask[0]=11111111011111111101111111111110, sa_flags=SA_RESTART|SA_SIGINFO
SIGINT: [libjvm.so+0x796ec0], sa_mask[0]=11111111011111111101111111111110, sa_flags=SA_RESTART|SA_SIGINFO
SIGTERM: [libjvm.so+0x796ec0], sa_mask[0]=11111111011111111101111111111110, sa_flags=SA_RESTART|SA_SIGINFO
SIGQUIT: [libjvm.so+0x796ec0], sa_mask[0]=11111111011111111101111111111110, sa_flags=SA_RESTART|SA_SIGINFO


---------------  S Y S T E M  ---------------

OS:DISTRIB_ID=Ubuntu
DISTRIB_RELEASE=16.04
DISTRIB_CODENAME=xenial
DISTRIB_DESCRIPTION="Ubuntu 16.04.5 LTS"

uname:Linux 4.15.0-29-generic #31~16.04.1-Ubuntu SMP Wed Jul 18 10:19:08 UTC 2018 i686
libc:glibc 2.23 NPTL 2.23 
rlimit: STACK 8192k, CORE 0k, NPROC 15694, NOFILE 1048576, AS infinity
load average:9.31 3.97 2.54

/proc/meminfo:
MemTotal:        2059940 kB
MemFree:          102692 kB
MemAvailable:          0 kB
Buffers:             284 kB
Cached:            27792 kB
SwapCached:            0 kB
Active:          1853428 kB
Inactive:          21456 kB
Active(anon):    1848056 kB
Inactive(anon):    14700 kB
Active(file):       5372 kB
Inactive(file):     6756 kB
Unevictable:          48 kB
Mlocked:              48 kB
HighTotal:       1187400 kB
HighFree:           7168 kB
LowTotal:         872540 kB
LowFree:           95524 kB
SwapTotal:             0 kB
SwapFree:              0 kB
Dirty:                28 kB
Writeback:           512 kB
AnonPages:       1846928 kB
Mapped:            17808 kB
Shmem:             15876 kB
Slab:              36412 kB
SReclaimable:      17088 kB
SUnreclaim:        19324 kB
KernelStack:        4232 kB
PageTables:        12240 kB
NFS_Unstable:          0 kB
Bounce:                0 kB
WritebackTmp:          0 kB
CommitLimit:     1029968 kB
Committed_AS:    4903852 kB
VmallocTotal:     122880 kB
VmallocUsed:           0 kB
VmallocChunk:          0 kB
AnonHugePages:         0 kB
ShmemHugePages:        0 kB
ShmemPmdMapped:        0 kB
CmaTotal:              0 kB
CmaFree:               0 kB
HugePages_Total:       0
HugePages_Free:        0
HugePages_Rsvd:        0
HugePages_Surp:        0
Hugepagesize:       2048 kB
DirectMap4k:       24568 kB
DirectMap2M:      884736 kB

container (cgroup) information:
container_type: cgroupv1
cpu_cpuset_cpus: 0-1
cpu_memory_nodes: 0
active_processor_count: 2
cpu_quota: -1
cpu_period: 100000
cpu_shares: -1
memory_limit_in_bytes: -1
memory_and_swap_limit_in_bytes: -2
memory_soft_limit_in_bytes: -1
memory_usage_in_bytes: 1920372736
memory_max_usage_in_bytes: 4128768


CPU:total 2 (initial active 2) (2 cores per cpu, 1 threads per core) family 16 model 6 stepping 2, cmov, cx8, fxsr, mmx, sse, sse2, sse3, popcnt, mmxext, 3dnowpref, lzcnt, sse4a, tsc, tscinvbit, tscinv

/proc/cpuinfo:
processor	: 0
vendor_id	: AuthenticAMD
cpu family	: 16
model		: 6
model name	: AMD Athlon(tm) II X2 245 Processor
stepping	: 2
microcode	: 0x100009f
cpu MHz		: 2900.000
cache size	: 1024 KB
physical id	: 0
siblings	: 2
core id		: 0
cpu cores	: 2
apicid		: 0
initial apicid	: 0
fdiv_bug	: no
f00f_bug	: no
coma_bug	: no
fpu		: yes
fpu_exception	: yes
cpuid level	: 5
wp		: yes
flags		: fpu vme de pse tsc msr pae mce cx8 apic sep mtrr pge mca cmov pat pse36 clflush mmx fxsr sse sse2 ht syscall nx mmxext fxsr_opt pdpe1gb rdtscp lm 3dnowext 3dnow constant_tsc rep_good nonstop_tsc cpuid extd_apicid pni monitor cx16 popcnt lahf_lm cmp_legacy svm extapic cr8_legacy abm sse4a misalignsse 3dnowprefetch osvw ibs skinit wdt hw_pstate vmmcall npt lbrv svm_lock nrip_save
bugs		: tlb_mmatch fxsave_leak sysret_ss_attrs amd_e400 spectre_v1 spectre_v2
bogomips	: 5800.09
clflush size	: 64
cache_alignment	: 64
address sizes	: 48 bits physical, 48 bits virtual
power management: ts ttp tm stc 100mhzsteps hwpstate

processor	: 1
vendor_id	: AuthenticAMD
cpu family	: 16
model		: 6
model name	: AMD Athlon(tm) II X2 245 Processor
stepping	: 2
microcode	: 0x100009f
cpu MHz		: 1700.000
cache size	: 1024 KB
physical id	: 0
siblings	: 2
core id		: 1
cpu cores	: 2
apicid		: 1
initial apicid	: 1
fdiv_bug	: no
f00f_bug	: no
coma_bug	: no
fpu		: yes
fpu_exception	: yes
cpuid level	: 5
wp		: yes
flags		: fpu vme de pse tsc msr pae mce cx8 apic sep mtrr pge mca cmov pat pse36 clflush mmx fxsr sse sse2 ht syscall nx mmxext fxsr_opt pdpe1gb rdtscp lm 3dnowext 3dnow constant_tsc rep_good nonstop_tsc cpuid extd_apicid pni monitor cx16 popcnt lahf_lm cmp_legacy svm extapic cr8_legacy abm sse4a misalignsse 3dnowprefetch osvw ibs skinit wdt hw_pstate vmmcall npt lbrv svm_lock nrip_save
bugs		: tlb_mmatch fxsave_leak sysret_ss_attrs amd_e400 spectre_v1 spectre_v2
bogomips	: 5800.09
clflush size	: 64
cache_alignment	: 64
address sizes	: 48 bits physical, 48 bits virtual
power management: ts ttp tm stc 100mhzsteps hwpstate



Memory: 4k page, physical 2059940k(102660k free), swap 0k(0k free)

vm_info: Java HotSpot(TM) Server VM (25.202-b08) for linux-x86 JRE (1.8.0_202-b08), built on Dec 15 2018 11:54:58 by "java_re" with gcc 7.3.0

time: Thu Mar  7 16:15:14 2019
timezone: +0330
elapsed time: 97 seconds (0d 0h 1m 37s)

